INFO - 2025-05-14 14:24:18 --> Session: Class initialized using 'CodeIgniter\Session\Handlers\FileHandler' driver.
INFO - 2025-05-14 14:24:31 --> Session: Class initialized using 'CodeIgniter\Session\Handlers\FileHandler' driver.
INFO - 2025-05-14 14:28:23 --> Session: Class initialized using 'CodeIgniter\Session\Handlers\FileHandler' driver.
INFO - 2025-05-14 14:28:38 --> Session: Class initialized using 'CodeIgniter\Session\Handlers\FileHandler' driver.
INFO - 2025-05-14 14:28:43 --> Session: Class initialized using 'CodeIgniter\Session\Handlers\FileHandler' driver.
WARNING - 2025-05-14 14:28:43 --> [DEPRECATED] Optional parameter $field declared before required parameter $toRemove is implicitly treated as a required parameter in APPPATH\Models\Gear_Product_Model.php on line 61.
 1 SYSTEMPATH\Autoloader\Autoloader.php(317): include_once('C:\\xampp\\htdocs\\INM_Audio\\system\\Debug\\Exceptions.php')
 2 SYSTEMPATH\Autoloader\Autoloader.php(296): CodeIgniter\Autoloader\Autoloader->includeFile('C:\\xampp\\htdocs\\INM_Audio\\app\\Models\\Gear_Product_Model.php')
 3 SYSTEMPATH\Autoloader\Autoloader.php(272): CodeIgniter\Autoloader\Autoloader->loadInNamespace('App\\Models\\Gear_Product_Model')
 4 APPPATH\Controllers\Helpers\LoadersController.php(193): CodeIgniter\Autoloader\Autoloader->loadClass('App\\Models\\Gear_Product_Model')
 5 APPPATH\Controllers\Helpers\LoadersController.php(76): App\Controllers\Helpers\LoadersController->loadGears()
 6 APPPATH\Controllers\HomeController.php(34): App\Controllers\Helpers\LoadersController->requireMethod('gears')
 7 SYSTEMPATH\CodeIgniter.php(933): App\Controllers\HomeController->library()
 8 SYSTEMPATH\CodeIgniter.php(509): CodeIgniter\CodeIgniter->runController(Object(App\Controllers\HomeController))
 9 SYSTEMPATH\CodeIgniter.php(355): CodeIgniter\CodeIgniter->handleRequest(null, Object(Config\Cache), false)
10 SYSTEMPATH\Boot.php(325): CodeIgniter\CodeIgniter->run()
11 SYSTEMPATH\Boot.php(67): CodeIgniter\Boot::runCodeIgniter(Object(CodeIgniter\CodeIgniter))
12 FCPATH\index.php(56): CodeIgniter\Boot::bootWeb(Object(Config\Paths))
INFO - 2025-05-14 14:28:47 --> Session: Class initialized using 'CodeIgniter\Session\Handlers\FileHandler' driver.
INFO - 2025-05-14 14:28:55 --> Session: Class initialized using 'CodeIgniter\Session\Handlers\FileHandler' driver.
WARNING - 2025-05-14 14:28:55 --> [DEPRECATED] Optional parameter $field declared before required parameter $toRemove is implicitly treated as a required parameter in APPPATH\Models\Gear_Product_Model.php on line 61.
 1 SYSTEMPATH\Autoloader\Autoloader.php(317): include_once('C:\\xampp\\htdocs\\INM_Audio\\system\\Debug\\Exceptions.php')
 2 SYSTEMPATH\Autoloader\Autoloader.php(296): CodeIgniter\Autoloader\Autoloader->includeFile('C:\\xampp\\htdocs\\INM_Audio\\app\\Models\\Gear_Product_Model.php')
 3 SYSTEMPATH\Autoloader\Autoloader.php(272): CodeIgniter\Autoloader\Autoloader->loadInNamespace('App\\Models\\Gear_Product_Model')
 4 APPPATH\Controllers\Helpers\LoadersController.php(193): CodeIgniter\Autoloader\Autoloader->loadClass('App\\Models\\Gear_Product_Model')
 5 APPPATH\Controllers\Helpers\LoadersController.php(76): App\Controllers\Helpers\LoadersController->loadGears()
 6 APPPATH\Controllers\HomeController.php(34): App\Controllers\Helpers\LoadersController->requireMethod('gears')
 7 SYSTEMPATH\CodeIgniter.php(933): App\Controllers\HomeController->library()
 8 SYSTEMPATH\CodeIgniter.php(509): CodeIgniter\CodeIgniter->runController(Object(App\Controllers\HomeController))
 9 SYSTEMPATH\CodeIgniter.php(355): CodeIgniter\CodeIgniter->handleRequest(null, Object(Config\Cache), false)
10 SYSTEMPATH\Boot.php(325): CodeIgniter\CodeIgniter->run()
11 SYSTEMPATH\Boot.php(67): CodeIgniter\Boot::runCodeIgniter(Object(CodeIgniter\CodeIgniter))
12 FCPATH\index.php(56): CodeIgniter\Boot::bootWeb(Object(Config\Paths))
INFO - 2025-05-14 14:28:57 --> Session: Class initialized using 'CodeIgniter\Session\Handlers\FileHandler' driver.
INFO - 2025-05-14 14:29:08 --> Session: Class initialized using 'CodeIgniter\Session\Handlers\FileHandler' driver.
INFO - 2025-05-14 14:29:13 --> Session: Class initialized using 'CodeIgniter\Session\Handlers\FileHandler' driver.
INFO - 2025-05-14 14:29:17 --> Session: Class initialized using 'CodeIgniter\Session\Handlers\FileHandler' driver.
INFO - 2025-05-14 14:29:38 --> Session: Class initialized using 'CodeIgniter\Session\Handlers\FileHandler' driver.
INFO - 2025-05-14 14:32:02 --> Session: Class initialized using 'CodeIgniter\Session\Handlers\FileHandler' driver.
INFO - 2025-05-14 14:32:44 --> Session: Class initialized using 'CodeIgniter\Session\Handlers\FileHandler' driver.
WARNING - 2025-05-14 14:32:44 --> [DEPRECATED] Optional parameter $field declared before required parameter $toRemove is implicitly treated as a required parameter in APPPATH\Models\Gear_Product_Model.php on line 61.
 1 SYSTEMPATH\Autoloader\Autoloader.php(317): include_once('C:\\xampp\\htdocs\\INM_Audio\\system\\Debug\\Exceptions.php')
 2 SYSTEMPATH\Autoloader\Autoloader.php(296): CodeIgniter\Autoloader\Autoloader->includeFile('C:\\xampp\\htdocs\\INM_Audio\\app\\Models\\Gear_Product_Model.php')
 3 SYSTEMPATH\Autoloader\Autoloader.php(272): CodeIgniter\Autoloader\Autoloader->loadInNamespace('App\\Models\\Gear_Product_Model')
 4 APPPATH\Controllers\Helpers\LoadersController.php(193): CodeIgniter\Autoloader\Autoloader->loadClass('App\\Models\\Gear_Product_Model')
 5 APPPATH\Controllers\Helpers\LoadersController.php(76): App\Controllers\Helpers\LoadersController->loadGears()
 6 APPPATH\Controllers\HomeController.php(34): App\Controllers\Helpers\LoadersController->requireMethod('gears')
 7 SYSTEMPATH\CodeIgniter.php(933): App\Controllers\HomeController->library()
 8 SYSTEMPATH\CodeIgniter.php(509): CodeIgniter\CodeIgniter->runController(Object(App\Controllers\HomeController))
 9 SYSTEMPATH\CodeIgniter.php(355): CodeIgniter\CodeIgniter->handleRequest(null, Object(Config\Cache), false)
10 SYSTEMPATH\Boot.php(325): CodeIgniter\CodeIgniter->run()
11 SYSTEMPATH\Boot.php(67): CodeIgniter\Boot::runCodeIgniter(Object(CodeIgniter\CodeIgniter))
12 FCPATH\index.php(56): CodeIgniter\Boot::bootWeb(Object(Config\Paths))
INFO - 2025-05-14 14:32:50 --> Session: Class initialized using 'CodeIgniter\Session\Handlers\FileHandler' driver.
INFO - 2025-05-14 14:33:09 --> Session: Class initialized using 'CodeIgniter\Session\Handlers\FileHandler' driver.
WARNING - 2025-05-14 14:33:09 --> [DEPRECATED] Optional parameter $field declared before required parameter $toRemove is implicitly treated as a required parameter in APPPATH\Models\Gear_Product_Model.php on line 61.
 1 SYSTEMPATH\Autoloader\Autoloader.php(317): include_once('C:\\xampp\\htdocs\\INM_Audio\\system\\Debug\\Exceptions.php')
 2 SYSTEMPATH\Autoloader\Autoloader.php(296): CodeIgniter\Autoloader\Autoloader->includeFile('C:\\xampp\\htdocs\\INM_Audio\\app\\Models\\Gear_Product_Model.php')
 3 SYSTEMPATH\Autoloader\Autoloader.php(272): CodeIgniter\Autoloader\Autoloader->loadInNamespace('App\\Models\\Gear_Product_Model')
 4 APPPATH\Controllers\Helpers\LoadersController.php(193): CodeIgniter\Autoloader\Autoloader->loadClass('App\\Models\\Gear_Product_Model')
 5 APPPATH\Controllers\Helpers\LoadersController.php(76): App\Controllers\Helpers\LoadersController->loadGears()
 6 APPPATH\Controllers\HomeController.php(34): App\Controllers\Helpers\LoadersController->requireMethod('gears')
 7 SYSTEMPATH\CodeIgniter.php(933): App\Controllers\HomeController->library()
 8 SYSTEMPATH\CodeIgniter.php(509): CodeIgniter\CodeIgniter->runController(Object(App\Controllers\HomeController))
 9 SYSTEMPATH\CodeIgniter.php(355): CodeIgniter\CodeIgniter->handleRequest(null, Object(Config\Cache), false)
10 SYSTEMPATH\Boot.php(325): CodeIgniter\CodeIgniter->run()
11 SYSTEMPATH\Boot.php(67): CodeIgniter\Boot::runCodeIgniter(Object(CodeIgniter\CodeIgniter))
12 FCPATH\index.php(56): CodeIgniter\Boot::bootWeb(Object(Config\Paths))
INFO - 2025-05-14 14:33:12 --> Session: Class initialized using 'CodeIgniter\Session\Handlers\FileHandler' driver.
INFO - 2025-05-14 14:33:24 --> Session: Class initialized using 'CodeIgniter\Session\Handlers\FileHandler' driver.
WARNING - 2025-05-14 14:33:24 --> [DEPRECATED] Optional parameter $field declared before required parameter $toRemove is implicitly treated as a required parameter in APPPATH\Models\Gear_Product_Model.php on line 61.
 1 SYSTEMPATH\Autoloader\Autoloader.php(317): include_once('C:\\xampp\\htdocs\\INM_Audio\\system\\Debug\\Exceptions.php')
 2 SYSTEMPATH\Autoloader\Autoloader.php(296): CodeIgniter\Autoloader\Autoloader->includeFile('C:\\xampp\\htdocs\\INM_Audio\\app\\Models\\Gear_Product_Model.php')
 3 SYSTEMPATH\Autoloader\Autoloader.php(272): CodeIgniter\Autoloader\Autoloader->loadInNamespace('App\\Models\\Gear_Product_Model')
 4 APPPATH\Controllers\Helpers\LoadersController.php(193): CodeIgniter\Autoloader\Autoloader->loadClass('App\\Models\\Gear_Product_Model')
 5 APPPATH\Controllers\Helpers\LoadersController.php(76): App\Controllers\Helpers\LoadersController->loadGears()
 6 APPPATH\Controllers\HomeController.php(34): App\Controllers\Helpers\LoadersController->requireMethod('gears')
 7 SYSTEMPATH\CodeIgniter.php(933): App\Controllers\HomeController->library()
 8 SYSTEMPATH\CodeIgniter.php(509): CodeIgniter\CodeIgniter->runController(Object(App\Controllers\HomeController))
 9 SYSTEMPATH\CodeIgniter.php(355): CodeIgniter\CodeIgniter->handleRequest(null, Object(Config\Cache), false)
10 SYSTEMPATH\Boot.php(325): CodeIgniter\CodeIgniter->run()
11 SYSTEMPATH\Boot.php(67): CodeIgniter\Boot::runCodeIgniter(Object(CodeIgniter\CodeIgniter))
12 FCPATH\index.php(56): CodeIgniter\Boot::bootWeb(Object(Config\Paths))
INFO - 2025-05-14 14:33:27 --> Session: Class initialized using 'CodeIgniter\Session\Handlers\FileHandler' driver.
INFO - 2025-05-14 14:33:39 --> Session: Class initialized using 'CodeIgniter\Session\Handlers\FileHandler' driver.
WARNING - 2025-05-14 14:33:39 --> [DEPRECATED] Optional parameter $field declared before required parameter $toRemove is implicitly treated as a required parameter in APPPATH\Models\Gear_Product_Model.php on line 61.
 1 SYSTEMPATH\Autoloader\Autoloader.php(317): include_once('C:\\xampp\\htdocs\\INM_Audio\\system\\Debug\\Exceptions.php')
 2 SYSTEMPATH\Autoloader\Autoloader.php(296): CodeIgniter\Autoloader\Autoloader->includeFile('C:\\xampp\\htdocs\\INM_Audio\\app\\Models\\Gear_Product_Model.php')
 3 SYSTEMPATH\Autoloader\Autoloader.php(272): CodeIgniter\Autoloader\Autoloader->loadInNamespace('App\\Models\\Gear_Product_Model')
 4 APPPATH\Controllers\Helpers\LoadersController.php(193): CodeIgniter\Autoloader\Autoloader->loadClass('App\\Models\\Gear_Product_Model')
 5 APPPATH\Controllers\Helpers\LoadersController.php(76): App\Controllers\Helpers\LoadersController->loadGears()
 6 APPPATH\Controllers\HomeController.php(34): App\Controllers\Helpers\LoadersController->requireMethod('gears')
 7 SYSTEMPATH\CodeIgniter.php(933): App\Controllers\HomeController->library()
 8 SYSTEMPATH\CodeIgniter.php(509): CodeIgniter\CodeIgniter->runController(Object(App\Controllers\HomeController))
 9 SYSTEMPATH\CodeIgniter.php(355): CodeIgniter\CodeIgniter->handleRequest(null, Object(Config\Cache), false)
10 SYSTEMPATH\Boot.php(325): CodeIgniter\CodeIgniter->run()
11 SYSTEMPATH\Boot.php(67): CodeIgniter\Boot::runCodeIgniter(Object(CodeIgniter\CodeIgniter))
12 FCPATH\index.php(56): CodeIgniter\Boot::bootWeb(Object(Config\Paths))
INFO - 2025-05-14 14:33:41 --> Session: Class initialized using 'CodeIgniter\Session\Handlers\FileHandler' driver.
INFO - 2025-05-14 14:33:54 --> Session: Class initialized using 'CodeIgniter\Session\Handlers\FileHandler' driver.
INFO - 2025-05-14 14:34:17 --> Session: Class initialized using 'CodeIgniter\Session\Handlers\FileHandler' driver.
WARNING - 2025-05-14 14:34:17 --> [DEPRECATED] Optional parameter $field declared before required parameter $toRemove is implicitly treated as a required parameter in APPPATH\Models\Gear_Product_Model.php on line 61.
 1 SYSTEMPATH\Autoloader\Autoloader.php(317): include_once('C:\\xampp\\htdocs\\INM_Audio\\system\\Debug\\Exceptions.php')
 2 SYSTEMPATH\Autoloader\Autoloader.php(296): CodeIgniter\Autoloader\Autoloader->includeFile('C:\\xampp\\htdocs\\INM_Audio\\app\\Models\\Gear_Product_Model.php')
 3 SYSTEMPATH\Autoloader\Autoloader.php(272): CodeIgniter\Autoloader\Autoloader->loadInNamespace('App\\Models\\Gear_Product_Model')
 4 APPPATH\Controllers\Helpers\LoadersController.php(193): CodeIgniter\Autoloader\Autoloader->loadClass('App\\Models\\Gear_Product_Model')
 5 APPPATH\Controllers\Helpers\LoadersController.php(76): App\Controllers\Helpers\LoadersController->loadGears()
 6 APPPATH\Controllers\HomeController.php(34): App\Controllers\Helpers\LoadersController->requireMethod('gears')
 7 SYSTEMPATH\CodeIgniter.php(933): App\Controllers\HomeController->library()
 8 SYSTEMPATH\CodeIgniter.php(509): CodeIgniter\CodeIgniter->runController(Object(App\Controllers\HomeController))
 9 SYSTEMPATH\CodeIgniter.php(355): CodeIgniter\CodeIgniter->handleRequest(null, Object(Config\Cache), false)
10 SYSTEMPATH\Boot.php(325): CodeIgniter\CodeIgniter->run()
11 SYSTEMPATH\Boot.php(67): CodeIgniter\Boot::runCodeIgniter(Object(CodeIgniter\CodeIgniter))
12 FCPATH\index.php(56): CodeIgniter\Boot::bootWeb(Object(Config\Paths))
INFO - 2025-05-14 14:34:19 --> Session: Class initialized using 'CodeIgniter\Session\Handlers\FileHandler' driver.
INFO - 2025-05-14 14:34:28 --> Session: Class initialized using 'CodeIgniter\Session\Handlers\FileHandler' driver.
INFO - 2025-05-14 14:34:30 --> Session: Class initialized using 'CodeIgniter\Session\Handlers\FileHandler' driver.
INFO - 2025-05-14 14:34:34 --> Session: Class initialized using 'CodeIgniter\Session\Handlers\FileHandler' driver.
INFO - 2025-05-14 14:34:36 --> Session: Class initialized using 'CodeIgniter\Session\Handlers\FileHandler' driver.
INFO - 2025-05-14 14:35:52 --> Session: Class initialized using 'CodeIgniter\Session\Handlers\FileHandler' driver.
INFO - 2025-05-14 14:35:57 --> Session: Class initialized using 'CodeIgniter\Session\Handlers\FileHandler' driver.
INFO - 2025-05-14 14:36:00 --> Session: Class initialized using 'CodeIgniter\Session\Handlers\FileHandler' driver.
INFO - 2025-05-14 14:36:08 --> Session: Class initialized using 'CodeIgniter\Session\Handlers\FileHandler' driver.
INFO - 2025-05-14 14:36:12 --> Session: Class initialized using 'CodeIgniter\Session\Handlers\FileHandler' driver.
INFO - 2025-05-14 14:36:13 --> Session: Class initialized using 'CodeIgniter\Session\Handlers\FileHandler' driver.
INFO - 2025-05-14 14:36:16 --> Session: Class initialized using 'CodeIgniter\Session\Handlers\FileHandler' driver.
INFO - 2025-05-14 14:36:16 --> Session: Class initialized using 'CodeIgniter\Session\Handlers\FileHandler' driver.
INFO - 2025-05-14 14:36:16 --> Session: Class initialized using 'CodeIgniter\Session\Handlers\FileHandler' driver.
INFO - 2025-05-14 14:36:23 --> Session: Class initialized using 'CodeIgniter\Session\Handlers\FileHandler' driver.
INFO - 2025-05-14 14:36:25 --> Session: Class initialized using 'CodeIgniter\Session\Handlers\FileHandler' driver.
INFO - 2025-05-14 14:36:28 --> Session: Class initialized using 'CodeIgniter\Session\Handlers\FileHandler' driver.
INFO - 2025-05-14 14:36:30 --> Session: Class initialized using 'CodeIgniter\Session\Handlers\FileHandler' driver.
INFO - 2025-05-14 14:36:31 --> Session: Class initialized using 'CodeIgniter\Session\Handlers\FileHandler' driver.
