INFO - 2025-03-18 02:53:14 --> Session: Class initialized using 'CodeIgniter\Session\Handlers\FileHandler' driver.
INFO - 2025-03-18 02:53:32 --> Session: Class initialized using 'CodeIgniter\Session\Handlers\FileHandler' driver.
INFO - 2025-03-18 02:53:36 --> Session: Class initialized using 'CodeIgniter\Session\Handlers\FileHandler' driver.
INFO - 2025-03-18 02:59:37 --> Session: Class initialized using 'CodeIgniter\Session\Handlers\FileHandler' driver.
INFO - 2025-03-18 02:59:49 --> Session: Class initialized using 'CodeIgniter\Session\Handlers\FileHandler' driver.
INFO - 2025-03-18 03:01:09 --> Session: Class initialized using 'CodeIgniter\Session\Handlers\FileHandler' driver.
INFO - 2025-03-18 03:02:22 --> Session: Class initialized using 'CodeIgniter\Session\Handlers\FileHandler' driver.
INFO - 2025-03-18 03:08:13 --> Session: Class initialized using 'CodeIgniter\Session\Handlers\FileHandler' driver.
INFO - 2025-03-18 03:08:53 --> Session: Class initialized using 'CodeIgniter\Session\Handlers\FileHandler' driver.
INFO - 2025-03-18 03:09:19 --> Session: Class initialized using 'CodeIgniter\Session\Handlers\FileHandler' driver.
INFO - 2025-03-18 03:10:12 --> Session: Class initialized using 'CodeIgniter\Session\Handlers\FileHandler' driver.
INFO - 2025-03-18 03:10:16 --> Session: Class initialized using 'CodeIgniter\Session\Handlers\FileHandler' driver.
INFO - 2025-03-18 03:12:34 --> Session: Class initialized using 'CodeIgniter\Session\Handlers\FileHandler' driver.
INFO - 2025-03-18 03:12:44 --> Session: Class initialized using 'CodeIgniter\Session\Handlers\FileHandler' driver.
INFO - 2025-03-18 03:12:46 --> Session: Class initialized using 'CodeIgniter\Session\Handlers\FileHandler' driver.
INFO - 2025-03-18 03:12:59 --> Session: Class initialized using 'CodeIgniter\Session\Handlers\FileHandler' driver.
INFO - 2025-03-18 03:13:14 --> Session: Class initialized using 'CodeIgniter\Session\Handlers\FileHandler' driver.
INFO - 2025-03-18 03:13:30 --> Session: Class initialized using 'CodeIgniter\Session\Handlers\FileHandler' driver.
INFO - 2025-03-18 03:13:44 --> Session: Class initialized using 'CodeIgniter\Session\Handlers\FileHandler' driver.
INFO - 2025-03-18 03:14:34 --> Session: Class initialized using 'CodeIgniter\Session\Handlers\FileHandler' driver.
INFO - 2025-03-18 03:15:12 --> Session: Class initialized using 'CodeIgniter\Session\Handlers\FileHandler' driver.
INFO - 2025-03-18 03:15:28 --> Session: Class initialized using 'CodeIgniter\Session\Handlers\FileHandler' driver.
INFO - 2025-03-18 03:15:55 --> Session: Class initialized using 'CodeIgniter\Session\Handlers\FileHandler' driver.
INFO - 2025-03-18 03:17:03 --> Session: Class initialized using 'CodeIgniter\Session\Handlers\FileHandler' driver.
INFO - 2025-03-18 03:18:01 --> Session: Class initialized using 'CodeIgniter\Session\Handlers\FileHandler' driver.
INFO - 2025-03-18 03:19:09 --> Session: Class initialized using 'CodeIgniter\Session\Handlers\FileHandler' driver.
INFO - 2025-03-18 03:19:54 --> Session: Class initialized using 'CodeIgniter\Session\Handlers\FileHandler' driver.
INFO - 2025-03-18 03:20:02 --> Session: Class initialized using 'CodeIgniter\Session\Handlers\FileHandler' driver.
INFO - 2025-03-18 03:20:03 --> Session: Class initialized using 'CodeIgniter\Session\Handlers\FileHandler' driver.
INFO - 2025-03-18 03:20:42 --> Session: Class initialized using 'CodeIgniter\Session\Handlers\FileHandler' driver.
INFO - 2025-03-18 03:20:49 --> Session: Class initialized using 'CodeIgniter\Session\Handlers\FileHandler' driver.
INFO - 2025-03-18 03:25:18 --> Session: Class initialized using 'CodeIgniter\Session\Handlers\FileHandler' driver.
INFO - 2025-03-18 03:26:34 --> Session: Class initialized using 'CodeIgniter\Session\Handlers\FileHandler' driver.
INFO - 2025-03-18 03:28:06 --> Session: Class initialized using 'CodeIgniter\Session\Handlers\FileHandler' driver.
INFO - 2025-03-18 03:28:08 --> Session: Class initialized using 'CodeIgniter\Session\Handlers\FileHandler' driver.
INFO - 2025-03-18 03:28:09 --> Session: Class initialized using 'CodeIgniter\Session\Handlers\FileHandler' driver.
INFO - 2025-03-18 05:27:56 --> Session: Class initialized using 'CodeIgniter\Session\Handlers\FileHandler' driver.
INFO - 2025-03-18 05:33:40 --> Session: Class initialized using 'CodeIgniter\Session\Handlers\FileHandler' driver.
INFO - 2025-03-18 05:34:05 --> Session: Class initialized using 'CodeIgniter\Session\Handlers\FileHandler' driver.
INFO - 2025-03-18 05:37:04 --> Session: Class initialized using 'CodeIgniter\Session\Handlers\FileHandler' driver.
INFO - 2025-03-18 05:41:56 --> Session: Class initialized using 'CodeIgniter\Session\Handlers\FileHandler' driver.
INFO - 2025-03-18 05:42:18 --> Session: Class initialized using 'CodeIgniter\Session\Handlers\FileHandler' driver.
INFO - 2025-03-18 05:42:23 --> Session: Class initialized using 'CodeIgniter\Session\Handlers\FileHandler' driver.
INFO - 2025-03-18 05:42:24 --> Session: Class initialized using 'CodeIgniter\Session\Handlers\FileHandler' driver.
INFO - 2025-03-18 05:42:26 --> Session: Class initialized using 'CodeIgniter\Session\Handlers\FileHandler' driver.
INFO - 2025-03-18 05:52:16 --> Session: Class initialized using 'CodeIgniter\Session\Handlers\FileHandler' driver.
INFO - 2025-03-18 05:52:33 --> Session: Class initialized using 'CodeIgniter\Session\Handlers\FileHandler' driver.
INFO - 2025-03-18 05:53:43 --> Session: Class initialized using 'CodeIgniter\Session\Handlers\FileHandler' driver.
INFO - 2025-03-18 05:53:51 --> Session: Class initialized using 'CodeIgniter\Session\Handlers\FileHandler' driver.
INFO - 2025-03-18 05:53:58 --> Session: Class initialized using 'CodeIgniter\Session\Handlers\FileHandler' driver.
INFO - 2025-03-18 06:02:16 --> Session: Class initialized using 'CodeIgniter\Session\Handlers\FileHandler' driver.
INFO - 2025-03-18 07:13:55 --> Session: Class initialized using 'CodeIgniter\Session\Handlers\FileHandler' driver.
INFO - 2025-03-18 07:14:28 --> Session: Class initialized using 'CodeIgniter\Session\Handlers\FileHandler' driver.
INFO - 2025-03-18 07:14:41 --> Session: Class initialized using 'CodeIgniter\Session\Handlers\FileHandler' driver.
INFO - 2025-03-18 07:18:28 --> Session: Class initialized using 'CodeIgniter\Session\Handlers\FileHandler' driver.
INFO - 2025-03-18 07:18:39 --> Session: Class initialized using 'CodeIgniter\Session\Handlers\FileHandler' driver.
INFO - 2025-03-18 07:26:13 --> Session: Class initialized using 'CodeIgniter\Session\Handlers\FileHandler' driver.
INFO - 2025-03-18 07:26:17 --> Session: Class initialized using 'CodeIgniter\Session\Handlers\FileHandler' driver.
INFO - 2025-03-18 07:26:25 --> Session: Class initialized using 'CodeIgniter\Session\Handlers\FileHandler' driver.
INFO - 2025-03-18 07:29:16 --> Session: Class initialized using 'CodeIgniter\Session\Handlers\FileHandler' driver.
INFO - 2025-03-18 07:29:28 --> Session: Class initialized using 'CodeIgniter\Session\Handlers\FileHandler' driver.
ERROR - 2025-03-18 07:29:28 --> mysqli_sql_exception: Unknown column 'updated_at' in 'field list' in C:\xampp\htdocs\INM_Audio\system\Database\MySQLi\Connection.php:312
Stack trace:
#0 C:\xampp\htdocs\INM_Audio\system\Database\MySQLi\Connection.php(312): mysqli->query('INSERT INTO `ie...', 0)
#1 C:\xampp\htdocs\INM_Audio\system\Database\BaseConnection.php(734): CodeIgniter\Database\MySQLi\Connection->execute('INSERT INTO `ie...')
#2 C:\xampp\htdocs\INM_Audio\system\Database\BaseConnection.php(648): CodeIgniter\Database\BaseConnection->simpleQuery('INSERT INTO `ie...')
#3 C:\xampp\htdocs\INM_Audio\system\Database\BaseBuilder.php(2340): CodeIgniter\Database\BaseConnection->query('INSERT INTO `ie...', Array, false)
#4 C:\xampp\htdocs\INM_Audio\system\Model.php(394): CodeIgniter\Database\BaseBuilder->insert()
#5 C:\xampp\htdocs\INM_Audio\system\BaseModel.php(840): CodeIgniter\Model->doInsert(Array)
#6 C:\xampp\htdocs\INM_Audio\system\Model.php(802): CodeIgniter\BaseModel->insert(Array, true)
#7 C:\xampp\htdocs\INM_Audio\app\Controllers\IEMCustomizationController.php(27): CodeIgniter\Model->insert(Array)
#8 C:\xampp\htdocs\INM_Audio\system\CodeIgniter.php(933): App\Controllers\IEMCustomizationController->saveDesign()
#9 C:\xampp\htdocs\INM_Audio\system\CodeIgniter.php(509): CodeIgniter\CodeIgniter->runController(Object(App\Controllers\IEMCustomizationController))
#10 C:\xampp\htdocs\INM_Audio\system\CodeIgniter.php(355): CodeIgniter\CodeIgniter->handleRequest(NULL, Object(Config\Cache), false)
#11 C:\xampp\htdocs\INM_Audio\system\Boot.php(325): CodeIgniter\CodeIgniter->run()
#12 C:\xampp\htdocs\INM_Audio\system\Boot.php(67): CodeIgniter\Boot::runCodeIgniter(Object(CodeIgniter\CodeIgniter))
#13 C:\xampp\htdocs\INM_Audio\public\index.php(56): CodeIgniter\Boot::bootWeb(Object(Config\Paths))
#14 {main}
CRITICAL - 2025-03-18 07:29:28 --> CodeIgniter\Database\Exceptions\DatabaseException: Unknown column 'updated_at' in 'field list'
[Method: POST, Route: IEMCustomizationController/saveDesign]
in SYSTEMPATH\Database\BaseConnection.php on line 688.
 1 SYSTEMPATH\Database\BaseBuilder.php(2340): CodeIgniter\Database\BaseConnection->query('INSERT INTO `iem_customizations` (`user_id`, `left_color`, `right_color`, `left_texture`, `right_texture`, `material`, `size`, `category`, `created_at`, `updated_at`) VALUES (:user_id:, :left_color:, :right_color:, :left_texture:, :right_texture:, :material:, :size:, :category:, :created_at:, :updated_at:)', [...], false)
 2 SYSTEMPATH\Model.php(394): CodeIgniter\Database\BaseBuilder->insert()
 3 SYSTEMPATH\BaseModel.php(840): CodeIgniter\Model->doInsert([...])
 4 SYSTEMPATH\Model.php(802): CodeIgniter\BaseModel->insert([...], true)
 5 APPPATH\Controllers\IEMCustomizationController.php(27): CodeIgniter\Model->insert([...])
 6 SYSTEMPATH\CodeIgniter.php(933): App\Controllers\IEMCustomizationController->saveDesign()
 7 SYSTEMPATH\CodeIgniter.php(509): CodeIgniter\CodeIgniter->runController(Object(App\Controllers\IEMCustomizationController))
 8 SYSTEMPATH\CodeIgniter.php(355): CodeIgniter\CodeIgniter->handleRequest(null, Object(Config\Cache), false)
 9 SYSTEMPATH\Boot.php(325): CodeIgniter\CodeIgniter->run()
10 SYSTEMPATH\Boot.php(67): CodeIgniter\Boot::runCodeIgniter(Object(CodeIgniter\CodeIgniter))
11 FCPATH\index.php(56): CodeIgniter\Boot::bootWeb(Object(Config\Paths))
CRITICAL - 2025-03-18 07:29:28 --> [Caused by] CodeIgniter\Database\Exceptions\DatabaseException: Unknown column 'updated_at' in 'field list'
in SYSTEMPATH\Database\MySQLi\Connection.php on line 317.
 1 SYSTEMPATH\Database\BaseConnection.php(734): CodeIgniter\Database\MySQLi\Connection->execute('INSERT INTO `iem_customizations` (`user_id`, `left_color`, `right_color`, `left_texture`, `right_texture`, `material`, `size`, `category`, `created_at`, `updated_at`) VALUES (\'1\', \'#ffffff\', \'#ffffff\', \'clouds.jpeg\', \'anime4.jpeg\', \'glossy\', \'medium\', \'stage\', \'2025-03-18 07:29:28\', \'2025-03-18 07:29:28\')')
 2 SYSTEMPATH\Database\BaseConnection.php(648): CodeIgniter\Database\BaseConnection->simpleQuery('INSERT INTO `iem_customizations` (`user_id`, `left_color`, `right_color`, `left_texture`, `right_texture`, `material`, `size`, `category`, `created_at`, `updated_at`) VALUES (\'1\', \'#ffffff\', \'#ffffff\', \'clouds.jpeg\', \'anime4.jpeg\', \'glossy\', \'medium\', \'stage\', \'2025-03-18 07:29:28\', \'2025-03-18 07:29:28\')')
 3 SYSTEMPATH\Database\BaseBuilder.php(2340): CodeIgniter\Database\BaseConnection->query('INSERT INTO `iem_customizations` (`user_id`, `left_color`, `right_color`, `left_texture`, `right_texture`, `material`, `size`, `category`, `created_at`, `updated_at`) VALUES (:user_id:, :left_color:, :right_color:, :left_texture:, :right_texture:, :material:, :size:, :category:, :created_at:, :updated_at:)', [...], false)
 4 SYSTEMPATH\Model.php(394): CodeIgniter\Database\BaseBuilder->insert()
 5 SYSTEMPATH\BaseModel.php(840): CodeIgniter\Model->doInsert([...])
 6 SYSTEMPATH\Model.php(802): CodeIgniter\BaseModel->insert([...], true)
 7 APPPATH\Controllers\IEMCustomizationController.php(27): CodeIgniter\Model->insert([...])
 8 SYSTEMPATH\CodeIgniter.php(933): App\Controllers\IEMCustomizationController->saveDesign()
 9 SYSTEMPATH\CodeIgniter.php(509): CodeIgniter\CodeIgniter->runController(Object(App\Controllers\IEMCustomizationController))
10 SYSTEMPATH\CodeIgniter.php(355): CodeIgniter\CodeIgniter->handleRequest(null, Object(Config\Cache), false)
11 SYSTEMPATH\Boot.php(325): CodeIgniter\CodeIgniter->run()
12 SYSTEMPATH\Boot.php(67): CodeIgniter\Boot::runCodeIgniter(Object(CodeIgniter\CodeIgniter))
13 FCPATH\index.php(56): CodeIgniter\Boot::bootWeb(Object(Config\Paths))
CRITICAL - 2025-03-18 07:29:28 --> [Caused by] mysqli_sql_exception: Unknown column 'updated_at' in 'field list'
in SYSTEMPATH\Database\MySQLi\Connection.php on line 312.
 1 SYSTEMPATH\Database\MySQLi\Connection.php(312): mysqli->query('INSERT INTO `iem_customizations` (`user_id`, `left_color`, `right_color`, `left_texture`, `right_texture`, `material`, `size`, `category`, `created_at`, `updated_at`) VALUES (\'1\', \'#ffffff\', \'#ffffff\', \'clouds.jpeg\', \'anime4.jpeg\', \'glossy\', \'medium\', \'stage\', \'2025-03-18 07:29:28\', \'2025-03-18 07:29:28\')', 0)
 2 SYSTEMPATH\Database\BaseConnection.php(734): CodeIgniter\Database\MySQLi\Connection->execute('INSERT INTO `iem_customizations` (`user_id`, `left_color`, `right_color`, `left_texture`, `right_texture`, `material`, `size`, `category`, `created_at`, `updated_at`) VALUES (\'1\', \'#ffffff\', \'#ffffff\', \'clouds.jpeg\', \'anime4.jpeg\', \'glossy\', \'medium\', \'stage\', \'2025-03-18 07:29:28\', \'2025-03-18 07:29:28\')')
 3 SYSTEMPATH\Database\BaseConnection.php(648): CodeIgniter\Database\BaseConnection->simpleQuery('INSERT INTO `iem_customizations` (`user_id`, `left_color`, `right_color`, `left_texture`, `right_texture`, `material`, `size`, `category`, `created_at`, `updated_at`) VALUES (\'1\', \'#ffffff\', \'#ffffff\', \'clouds.jpeg\', \'anime4.jpeg\', \'glossy\', \'medium\', \'stage\', \'2025-03-18 07:29:28\', \'2025-03-18 07:29:28\')')
 4 SYSTEMPATH\Database\BaseBuilder.php(2340): CodeIgniter\Database\BaseConnection->query('INSERT INTO `iem_customizations` (`user_id`, `left_color`, `right_color`, `left_texture`, `right_texture`, `material`, `size`, `category`, `created_at`, `updated_at`) VALUES (:user_id:, :left_color:, :right_color:, :left_texture:, :right_texture:, :material:, :size:, :category:, :created_at:, :updated_at:)', [...], false)
 5 SYSTEMPATH\Model.php(394): CodeIgniter\Database\BaseBuilder->insert()
 6 SYSTEMPATH\BaseModel.php(840): CodeIgniter\Model->doInsert([...])
 7 SYSTEMPATH\Model.php(802): CodeIgniter\BaseModel->insert([...], true)
 8 APPPATH\Controllers\IEMCustomizationController.php(27): CodeIgniter\Model->insert([...])
 9 SYSTEMPATH\CodeIgniter.php(933): App\Controllers\IEMCustomizationController->saveDesign()
10 SYSTEMPATH\CodeIgniter.php(509): CodeIgniter\CodeIgniter->runController(Object(App\Controllers\IEMCustomizationController))
11 SYSTEMPATH\CodeIgniter.php(355): CodeIgniter\CodeIgniter->handleRequest(null, Object(Config\Cache), false)
12 SYSTEMPATH\Boot.php(325): CodeIgniter\CodeIgniter->run()
13 SYSTEMPATH\Boot.php(67): CodeIgniter\Boot::runCodeIgniter(Object(CodeIgniter\CodeIgniter))
14 FCPATH\index.php(56): CodeIgniter\Boot::bootWeb(Object(Config\Paths))
INFO - 2025-03-18 07:31:35 --> Session: Class initialized using 'CodeIgniter\Session\Handlers\FileHandler' driver.
ERROR - 2025-03-18 07:31:35 --> mysqli_sql_exception: Unknown column 'updated_at' in 'field list' in C:\xampp\htdocs\INM_Audio\system\Database\MySQLi\Connection.php:312
Stack trace:
#0 C:\xampp\htdocs\INM_Audio\system\Database\MySQLi\Connection.php(312): mysqli->query('INSERT INTO `ie...', 0)
#1 C:\xampp\htdocs\INM_Audio\system\Database\BaseConnection.php(734): CodeIgniter\Database\MySQLi\Connection->execute('INSERT INTO `ie...')
#2 C:\xampp\htdocs\INM_Audio\system\Database\BaseConnection.php(648): CodeIgniter\Database\BaseConnection->simpleQuery('INSERT INTO `ie...')
#3 C:\xampp\htdocs\INM_Audio\system\Database\BaseBuilder.php(2340): CodeIgniter\Database\BaseConnection->query('INSERT INTO `ie...', Array, false)
#4 C:\xampp\htdocs\INM_Audio\system\Model.php(394): CodeIgniter\Database\BaseBuilder->insert()
#5 C:\xampp\htdocs\INM_Audio\system\BaseModel.php(840): CodeIgniter\Model->doInsert(Array)
#6 C:\xampp\htdocs\INM_Audio\system\Model.php(802): CodeIgniter\BaseModel->insert(Array, true)
#7 C:\xampp\htdocs\INM_Audio\app\Controllers\IEMCustomizationController.php(27): CodeIgniter\Model->insert(Array)
#8 C:\xampp\htdocs\INM_Audio\system\CodeIgniter.php(933): App\Controllers\IEMCustomizationController->saveDesign()
#9 C:\xampp\htdocs\INM_Audio\system\CodeIgniter.php(509): CodeIgniter\CodeIgniter->runController(Object(App\Controllers\IEMCustomizationController))
#10 C:\xampp\htdocs\INM_Audio\system\CodeIgniter.php(355): CodeIgniter\CodeIgniter->handleRequest(NULL, Object(Config\Cache), false)
#11 C:\xampp\htdocs\INM_Audio\system\Boot.php(325): CodeIgniter\CodeIgniter->run()
#12 C:\xampp\htdocs\INM_Audio\system\Boot.php(67): CodeIgniter\Boot::runCodeIgniter(Object(CodeIgniter\CodeIgniter))
#13 C:\xampp\htdocs\INM_Audio\public\index.php(56): CodeIgniter\Boot::bootWeb(Object(Config\Paths))
#14 {main}
CRITICAL - 2025-03-18 07:31:35 --> CodeIgniter\Database\Exceptions\DatabaseException: Unknown column 'updated_at' in 'field list'
[Method: POST, Route: IEMCustomizationController/saveDesign]
in SYSTEMPATH\Database\BaseConnection.php on line 688.
 1 SYSTEMPATH\Database\BaseBuilder.php(2340): CodeIgniter\Database\BaseConnection->query('INSERT INTO `iem_customizations` (`user_id`, `left_color`, `right_color`, `left_texture`, `right_texture`, `material`, `size`, `category`, `created_at`, `updated_at`) VALUES (:user_id:, :left_color:, :right_color:, :left_texture:, :right_texture:, :material:, :size:, :category:, :created_at:, :updated_at:)', [...], false)
 2 SYSTEMPATH\Model.php(394): CodeIgniter\Database\BaseBuilder->insert()
 3 SYSTEMPATH\BaseModel.php(840): CodeIgniter\Model->doInsert([...])
 4 SYSTEMPATH\Model.php(802): CodeIgniter\BaseModel->insert([...], true)
 5 APPPATH\Controllers\IEMCustomizationController.php(27): CodeIgniter\Model->insert([...])
 6 SYSTEMPATH\CodeIgniter.php(933): App\Controllers\IEMCustomizationController->saveDesign()
 7 SYSTEMPATH\CodeIgniter.php(509): CodeIgniter\CodeIgniter->runController(Object(App\Controllers\IEMCustomizationController))
 8 SYSTEMPATH\CodeIgniter.php(355): CodeIgniter\CodeIgniter->handleRequest(null, Object(Config\Cache), false)
 9 SYSTEMPATH\Boot.php(325): CodeIgniter\CodeIgniter->run()
10 SYSTEMPATH\Boot.php(67): CodeIgniter\Boot::runCodeIgniter(Object(CodeIgniter\CodeIgniter))
11 FCPATH\index.php(56): CodeIgniter\Boot::bootWeb(Object(Config\Paths))
CRITICAL - 2025-03-18 07:31:35 --> [Caused by] CodeIgniter\Database\Exceptions\DatabaseException: Unknown column 'updated_at' in 'field list'
in SYSTEMPATH\Database\MySQLi\Connection.php on line 317.
 1 SYSTEMPATH\Database\BaseConnection.php(734): CodeIgniter\Database\MySQLi\Connection->execute('INSERT INTO `iem_customizations` (`user_id`, `left_color`, `right_color`, `left_texture`, `right_texture`, `material`, `size`, `category`, `created_at`, `updated_at`) VALUES (\'1\', \'#ffffff\', \'#ffffff\', \'clouds.jpeg\', \'anime4.jpeg\', \'glossy\', \'medium\', \'stage\', \'2025-03-18 07:31:35\', \'2025-03-18 07:31:35\')')
 2 SYSTEMPATH\Database\BaseConnection.php(648): CodeIgniter\Database\BaseConnection->simpleQuery('INSERT INTO `iem_customizations` (`user_id`, `left_color`, `right_color`, `left_texture`, `right_texture`, `material`, `size`, `category`, `created_at`, `updated_at`) VALUES (\'1\', \'#ffffff\', \'#ffffff\', \'clouds.jpeg\', \'anime4.jpeg\', \'glossy\', \'medium\', \'stage\', \'2025-03-18 07:31:35\', \'2025-03-18 07:31:35\')')
 3 SYSTEMPATH\Database\BaseBuilder.php(2340): CodeIgniter\Database\BaseConnection->query('INSERT INTO `iem_customizations` (`user_id`, `left_color`, `right_color`, `left_texture`, `right_texture`, `material`, `size`, `category`, `created_at`, `updated_at`) VALUES (:user_id:, :left_color:, :right_color:, :left_texture:, :right_texture:, :material:, :size:, :category:, :created_at:, :updated_at:)', [...], false)
 4 SYSTEMPATH\Model.php(394): CodeIgniter\Database\BaseBuilder->insert()
 5 SYSTEMPATH\BaseModel.php(840): CodeIgniter\Model->doInsert([...])
 6 SYSTEMPATH\Model.php(802): CodeIgniter\BaseModel->insert([...], true)
 7 APPPATH\Controllers\IEMCustomizationController.php(27): CodeIgniter\Model->insert([...])
 8 SYSTEMPATH\CodeIgniter.php(933): App\Controllers\IEMCustomizationController->saveDesign()
 9 SYSTEMPATH\CodeIgniter.php(509): CodeIgniter\CodeIgniter->runController(Object(App\Controllers\IEMCustomizationController))
10 SYSTEMPATH\CodeIgniter.php(355): CodeIgniter\CodeIgniter->handleRequest(null, Object(Config\Cache), false)
11 SYSTEMPATH\Boot.php(325): CodeIgniter\CodeIgniter->run()
12 SYSTEMPATH\Boot.php(67): CodeIgniter\Boot::runCodeIgniter(Object(CodeIgniter\CodeIgniter))
13 FCPATH\index.php(56): CodeIgniter\Boot::bootWeb(Object(Config\Paths))
CRITICAL - 2025-03-18 07:31:35 --> [Caused by] mysqli_sql_exception: Unknown column 'updated_at' in 'field list'
in SYSTEMPATH\Database\MySQLi\Connection.php on line 312.
 1 SYSTEMPATH\Database\MySQLi\Connection.php(312): mysqli->query('INSERT INTO `iem_customizations` (`user_id`, `left_color`, `right_color`, `left_texture`, `right_texture`, `material`, `size`, `category`, `created_at`, `updated_at`) VALUES (\'1\', \'#ffffff\', \'#ffffff\', \'clouds.jpeg\', \'anime4.jpeg\', \'glossy\', \'medium\', \'stage\', \'2025-03-18 07:31:35\', \'2025-03-18 07:31:35\')', 0)
 2 SYSTEMPATH\Database\BaseConnection.php(734): CodeIgniter\Database\MySQLi\Connection->execute('INSERT INTO `iem_customizations` (`user_id`, `left_color`, `right_color`, `left_texture`, `right_texture`, `material`, `size`, `category`, `created_at`, `updated_at`) VALUES (\'1\', \'#ffffff\', \'#ffffff\', \'clouds.jpeg\', \'anime4.jpeg\', \'glossy\', \'medium\', \'stage\', \'2025-03-18 07:31:35\', \'2025-03-18 07:31:35\')')
 3 SYSTEMPATH\Database\BaseConnection.php(648): CodeIgniter\Database\BaseConnection->simpleQuery('INSERT INTO `iem_customizations` (`user_id`, `left_color`, `right_color`, `left_texture`, `right_texture`, `material`, `size`, `category`, `created_at`, `updated_at`) VALUES (\'1\', \'#ffffff\', \'#ffffff\', \'clouds.jpeg\', \'anime4.jpeg\', \'glossy\', \'medium\', \'stage\', \'2025-03-18 07:31:35\', \'2025-03-18 07:31:35\')')
 4 SYSTEMPATH\Database\BaseBuilder.php(2340): CodeIgniter\Database\BaseConnection->query('INSERT INTO `iem_customizations` (`user_id`, `left_color`, `right_color`, `left_texture`, `right_texture`, `material`, `size`, `category`, `created_at`, `updated_at`) VALUES (:user_id:, :left_color:, :right_color:, :left_texture:, :right_texture:, :material:, :size:, :category:, :created_at:, :updated_at:)', [...], false)
 5 SYSTEMPATH\Model.php(394): CodeIgniter\Database\BaseBuilder->insert()
 6 SYSTEMPATH\BaseModel.php(840): CodeIgniter\Model->doInsert([...])
 7 SYSTEMPATH\Model.php(802): CodeIgniter\BaseModel->insert([...], true)
 8 APPPATH\Controllers\IEMCustomizationController.php(27): CodeIgniter\Model->insert([...])
 9 SYSTEMPATH\CodeIgniter.php(933): App\Controllers\IEMCustomizationController->saveDesign()
10 SYSTEMPATH\CodeIgniter.php(509): CodeIgniter\CodeIgniter->runController(Object(App\Controllers\IEMCustomizationController))
11 SYSTEMPATH\CodeIgniter.php(355): CodeIgniter\CodeIgniter->handleRequest(null, Object(Config\Cache), false)
12 SYSTEMPATH\Boot.php(325): CodeIgniter\CodeIgniter->run()
13 SYSTEMPATH\Boot.php(67): CodeIgniter\Boot::runCodeIgniter(Object(CodeIgniter\CodeIgniter))
14 FCPATH\index.php(56): CodeIgniter\Boot::bootWeb(Object(Config\Paths))
INFO - 2025-03-18 07:31:37 --> Session: Class initialized using 'CodeIgniter\Session\Handlers\FileHandler' driver.
INFO - 2025-03-18 07:31:47 --> Session: Class initialized using 'CodeIgniter\Session\Handlers\FileHandler' driver.
ERROR - 2025-03-18 07:31:47 --> mysqli_sql_exception: Unknown column 'updated_at' in 'field list' in C:\xampp\htdocs\INM_Audio\system\Database\MySQLi\Connection.php:312
Stack trace:
#0 C:\xampp\htdocs\INM_Audio\system\Database\MySQLi\Connection.php(312): mysqli->query('INSERT INTO `ie...', 0)
#1 C:\xampp\htdocs\INM_Audio\system\Database\BaseConnection.php(734): CodeIgniter\Database\MySQLi\Connection->execute('INSERT INTO `ie...')
#2 C:\xampp\htdocs\INM_Audio\system\Database\BaseConnection.php(648): CodeIgniter\Database\BaseConnection->simpleQuery('INSERT INTO `ie...')
#3 C:\xampp\htdocs\INM_Audio\system\Database\BaseBuilder.php(2340): CodeIgniter\Database\BaseConnection->query('INSERT INTO `ie...', Array, false)
#4 C:\xampp\htdocs\INM_Audio\system\Model.php(394): CodeIgniter\Database\BaseBuilder->insert()
#5 C:\xampp\htdocs\INM_Audio\system\BaseModel.php(840): CodeIgniter\Model->doInsert(Array)
#6 C:\xampp\htdocs\INM_Audio\system\Model.php(802): CodeIgniter\BaseModel->insert(Array, true)
#7 C:\xampp\htdocs\INM_Audio\app\Controllers\IEMCustomizationController.php(27): CodeIgniter\Model->insert(Array)
#8 C:\xampp\htdocs\INM_Audio\system\CodeIgniter.php(933): App\Controllers\IEMCustomizationController->saveDesign()
#9 C:\xampp\htdocs\INM_Audio\system\CodeIgniter.php(509): CodeIgniter\CodeIgniter->runController(Object(App\Controllers\IEMCustomizationController))
#10 C:\xampp\htdocs\INM_Audio\system\CodeIgniter.php(355): CodeIgniter\CodeIgniter->handleRequest(NULL, Object(Config\Cache), false)
#11 C:\xampp\htdocs\INM_Audio\system\Boot.php(325): CodeIgniter\CodeIgniter->run()
#12 C:\xampp\htdocs\INM_Audio\system\Boot.php(67): CodeIgniter\Boot::runCodeIgniter(Object(CodeIgniter\CodeIgniter))
#13 C:\xampp\htdocs\INM_Audio\public\index.php(56): CodeIgniter\Boot::bootWeb(Object(Config\Paths))
#14 {main}
CRITICAL - 2025-03-18 07:31:47 --> CodeIgniter\Database\Exceptions\DatabaseException: Unknown column 'updated_at' in 'field list'
[Method: POST, Route: IEMCustomizationController/saveDesign]
in SYSTEMPATH\Database\BaseConnection.php on line 688.
 1 SYSTEMPATH\Database\BaseBuilder.php(2340): CodeIgniter\Database\BaseConnection->query('INSERT INTO `iem_customizations` (`user_id`, `left_color`, `right_color`, `left_texture`, `right_texture`, `material`, `size`, `category`, `created_at`, `updated_at`) VALUES (:user_id:, :left_color:, :right_color:, :left_texture:, :right_texture:, :material:, :size:, :category:, :created_at:, :updated_at:)', [...], false)
 2 SYSTEMPATH\Model.php(394): CodeIgniter\Database\BaseBuilder->insert()
 3 SYSTEMPATH\BaseModel.php(840): CodeIgniter\Model->doInsert([...])
 4 SYSTEMPATH\Model.php(802): CodeIgniter\BaseModel->insert([...], true)
 5 APPPATH\Controllers\IEMCustomizationController.php(27): CodeIgniter\Model->insert([...])
 6 SYSTEMPATH\CodeIgniter.php(933): App\Controllers\IEMCustomizationController->saveDesign()
 7 SYSTEMPATH\CodeIgniter.php(509): CodeIgniter\CodeIgniter->runController(Object(App\Controllers\IEMCustomizationController))
 8 SYSTEMPATH\CodeIgniter.php(355): CodeIgniter\CodeIgniter->handleRequest(null, Object(Config\Cache), false)
 9 SYSTEMPATH\Boot.php(325): CodeIgniter\CodeIgniter->run()
10 SYSTEMPATH\Boot.php(67): CodeIgniter\Boot::runCodeIgniter(Object(CodeIgniter\CodeIgniter))
11 FCPATH\index.php(56): CodeIgniter\Boot::bootWeb(Object(Config\Paths))
CRITICAL - 2025-03-18 07:31:47 --> [Caused by] CodeIgniter\Database\Exceptions\DatabaseException: Unknown column 'updated_at' in 'field list'
in SYSTEMPATH\Database\MySQLi\Connection.php on line 317.
 1 SYSTEMPATH\Database\BaseConnection.php(734): CodeIgniter\Database\MySQLi\Connection->execute('INSERT INTO `iem_customizations` (`user_id`, `left_color`, `right_color`, `left_texture`, `right_texture`, `material`, `size`, `category`, `created_at`, `updated_at`) VALUES (\'1\', \'#ffffff\', \'#ffffff\', \'abstract.jpeg\', \'anime1.jpeg\', \'glossy\', \'large\', \'stage\', \'2025-03-18 07:31:47\', \'2025-03-18 07:31:47\')')
 2 SYSTEMPATH\Database\BaseConnection.php(648): CodeIgniter\Database\BaseConnection->simpleQuery('INSERT INTO `iem_customizations` (`user_id`, `left_color`, `right_color`, `left_texture`, `right_texture`, `material`, `size`, `category`, `created_at`, `updated_at`) VALUES (\'1\', \'#ffffff\', \'#ffffff\', \'abstract.jpeg\', \'anime1.jpeg\', \'glossy\', \'large\', \'stage\', \'2025-03-18 07:31:47\', \'2025-03-18 07:31:47\')')
 3 SYSTEMPATH\Database\BaseBuilder.php(2340): CodeIgniter\Database\BaseConnection->query('INSERT INTO `iem_customizations` (`user_id`, `left_color`, `right_color`, `left_texture`, `right_texture`, `material`, `size`, `category`, `created_at`, `updated_at`) VALUES (:user_id:, :left_color:, :right_color:, :left_texture:, :right_texture:, :material:, :size:, :category:, :created_at:, :updated_at:)', [...], false)
 4 SYSTEMPATH\Model.php(394): CodeIgniter\Database\BaseBuilder->insert()
 5 SYSTEMPATH\BaseModel.php(840): CodeIgniter\Model->doInsert([...])
 6 SYSTEMPATH\Model.php(802): CodeIgniter\BaseModel->insert([...], true)
 7 APPPATH\Controllers\IEMCustomizationController.php(27): CodeIgniter\Model->insert([...])
 8 SYSTEMPATH\CodeIgniter.php(933): App\Controllers\IEMCustomizationController->saveDesign()
 9 SYSTEMPATH\CodeIgniter.php(509): CodeIgniter\CodeIgniter->runController(Object(App\Controllers\IEMCustomizationController))
10 SYSTEMPATH\CodeIgniter.php(355): CodeIgniter\CodeIgniter->handleRequest(null, Object(Config\Cache), false)
11 SYSTEMPATH\Boot.php(325): CodeIgniter\CodeIgniter->run()
12 SYSTEMPATH\Boot.php(67): CodeIgniter\Boot::runCodeIgniter(Object(CodeIgniter\CodeIgniter))
13 FCPATH\index.php(56): CodeIgniter\Boot::bootWeb(Object(Config\Paths))
CRITICAL - 2025-03-18 07:31:47 --> [Caused by] mysqli_sql_exception: Unknown column 'updated_at' in 'field list'
in SYSTEMPATH\Database\MySQLi\Connection.php on line 312.
 1 SYSTEMPATH\Database\MySQLi\Connection.php(312): mysqli->query('INSERT INTO `iem_customizations` (`user_id`, `left_color`, `right_color`, `left_texture`, `right_texture`, `material`, `size`, `category`, `created_at`, `updated_at`) VALUES (\'1\', \'#ffffff\', \'#ffffff\', \'abstract.jpeg\', \'anime1.jpeg\', \'glossy\', \'large\', \'stage\', \'2025-03-18 07:31:47\', \'2025-03-18 07:31:47\')', 0)
 2 SYSTEMPATH\Database\BaseConnection.php(734): CodeIgniter\Database\MySQLi\Connection->execute('INSERT INTO `iem_customizations` (`user_id`, `left_color`, `right_color`, `left_texture`, `right_texture`, `material`, `size`, `category`, `created_at`, `updated_at`) VALUES (\'1\', \'#ffffff\', \'#ffffff\', \'abstract.jpeg\', \'anime1.jpeg\', \'glossy\', \'large\', \'stage\', \'2025-03-18 07:31:47\', \'2025-03-18 07:31:47\')')
 3 SYSTEMPATH\Database\BaseConnection.php(648): CodeIgniter\Database\BaseConnection->simpleQuery('INSERT INTO `iem_customizations` (`user_id`, `left_color`, `right_color`, `left_texture`, `right_texture`, `material`, `size`, `category`, `created_at`, `updated_at`) VALUES (\'1\', \'#ffffff\', \'#ffffff\', \'abstract.jpeg\', \'anime1.jpeg\', \'glossy\', \'large\', \'stage\', \'2025-03-18 07:31:47\', \'2025-03-18 07:31:47\')')
 4 SYSTEMPATH\Database\BaseBuilder.php(2340): CodeIgniter\Database\BaseConnection->query('INSERT INTO `iem_customizations` (`user_id`, `left_color`, `right_color`, `left_texture`, `right_texture`, `material`, `size`, `category`, `created_at`, `updated_at`) VALUES (:user_id:, :left_color:, :right_color:, :left_texture:, :right_texture:, :material:, :size:, :category:, :created_at:, :updated_at:)', [...], false)
 5 SYSTEMPATH\Model.php(394): CodeIgniter\Database\BaseBuilder->insert()
 6 SYSTEMPATH\BaseModel.php(840): CodeIgniter\Model->doInsert([...])
 7 SYSTEMPATH\Model.php(802): CodeIgniter\BaseModel->insert([...], true)
 8 APPPATH\Controllers\IEMCustomizationController.php(27): CodeIgniter\Model->insert([...])
 9 SYSTEMPATH\CodeIgniter.php(933): App\Controllers\IEMCustomizationController->saveDesign()
10 SYSTEMPATH\CodeIgniter.php(509): CodeIgniter\CodeIgniter->runController(Object(App\Controllers\IEMCustomizationController))
11 SYSTEMPATH\CodeIgniter.php(355): CodeIgniter\CodeIgniter->handleRequest(null, Object(Config\Cache), false)
12 SYSTEMPATH\Boot.php(325): CodeIgniter\CodeIgniter->run()
13 SYSTEMPATH\Boot.php(67): CodeIgniter\Boot::runCodeIgniter(Object(CodeIgniter\CodeIgniter))
14 FCPATH\index.php(56): CodeIgniter\Boot::bootWeb(Object(Config\Paths))
INFO - 2025-03-18 07:32:16 --> Session: Class initialized using 'CodeIgniter\Session\Handlers\FileHandler' driver.
INFO - 2025-03-18 07:32:26 --> Session: Class initialized using 'CodeIgniter\Session\Handlers\FileHandler' driver.
ERROR - 2025-03-18 07:32:26 --> mysqli_sql_exception: Unknown column 'updated_at' in 'field list' in C:\xampp\htdocs\INM_Audio\system\Database\MySQLi\Connection.php:312
Stack trace:
#0 C:\xampp\htdocs\INM_Audio\system\Database\MySQLi\Connection.php(312): mysqli->query('INSERT INTO `ie...', 0)
#1 C:\xampp\htdocs\INM_Audio\system\Database\BaseConnection.php(734): CodeIgniter\Database\MySQLi\Connection->execute('INSERT INTO `ie...')
#2 C:\xampp\htdocs\INM_Audio\system\Database\BaseConnection.php(648): CodeIgniter\Database\BaseConnection->simpleQuery('INSERT INTO `ie...')
#3 C:\xampp\htdocs\INM_Audio\system\Database\BaseBuilder.php(2340): CodeIgniter\Database\BaseConnection->query('INSERT INTO `ie...', Array, false)
#4 C:\xampp\htdocs\INM_Audio\system\Model.php(394): CodeIgniter\Database\BaseBuilder->insert()
#5 C:\xampp\htdocs\INM_Audio\system\BaseModel.php(840): CodeIgniter\Model->doInsert(Array)
#6 C:\xampp\htdocs\INM_Audio\system\Model.php(802): CodeIgniter\BaseModel->insert(Array, true)
#7 C:\xampp\htdocs\INM_Audio\app\Controllers\IEMCustomizationController.php(28): CodeIgniter\Model->insert(Array)
#8 C:\xampp\htdocs\INM_Audio\system\CodeIgniter.php(933): App\Controllers\IEMCustomizationController->saveDesign()
#9 C:\xampp\htdocs\INM_Audio\system\CodeIgniter.php(509): CodeIgniter\CodeIgniter->runController(Object(App\Controllers\IEMCustomizationController))
#10 C:\xampp\htdocs\INM_Audio\system\CodeIgniter.php(355): CodeIgniter\CodeIgniter->handleRequest(NULL, Object(Config\Cache), false)
#11 C:\xampp\htdocs\INM_Audio\system\Boot.php(325): CodeIgniter\CodeIgniter->run()
#12 C:\xampp\htdocs\INM_Audio\system\Boot.php(67): CodeIgniter\Boot::runCodeIgniter(Object(CodeIgniter\CodeIgniter))
#13 C:\xampp\htdocs\INM_Audio\public\index.php(56): CodeIgniter\Boot::bootWeb(Object(Config\Paths))
#14 {main}
CRITICAL - 2025-03-18 07:32:26 --> CodeIgniter\Database\Exceptions\DatabaseException: Unknown column 'updated_at' in 'field list'
[Method: POST, Route: IEMCustomizationController/saveDesign]
in SYSTEMPATH\Database\BaseConnection.php on line 688.
 1 SYSTEMPATH\Database\BaseBuilder.php(2340): CodeIgniter\Database\BaseConnection->query('INSERT INTO `iem_customizations` (`user_id`, `left_color`, `right_color`, `left_texture`, `right_texture`, `material`, `size`, `category`, `created_at`, `updated_at`) VALUES (:user_id:, :left_color:, :right_color:, :left_texture:, :right_texture:, :material:, :size:, :category:, :created_at:, :updated_at:)', [...], false)
 2 SYSTEMPATH\Model.php(394): CodeIgniter\Database\BaseBuilder->insert()
 3 SYSTEMPATH\BaseModel.php(840): CodeIgniter\Model->doInsert([...])
 4 SYSTEMPATH\Model.php(802): CodeIgniter\BaseModel->insert([...], true)
 5 APPPATH\Controllers\IEMCustomizationController.php(28): CodeIgniter\Model->insert([...])
 6 SYSTEMPATH\CodeIgniter.php(933): App\Controllers\IEMCustomizationController->saveDesign()
 7 SYSTEMPATH\CodeIgniter.php(509): CodeIgniter\CodeIgniter->runController(Object(App\Controllers\IEMCustomizationController))
 8 SYSTEMPATH\CodeIgniter.php(355): CodeIgniter\CodeIgniter->handleRequest(null, Object(Config\Cache), false)
 9 SYSTEMPATH\Boot.php(325): CodeIgniter\CodeIgniter->run()
10 SYSTEMPATH\Boot.php(67): CodeIgniter\Boot::runCodeIgniter(Object(CodeIgniter\CodeIgniter))
11 FCPATH\index.php(56): CodeIgniter\Boot::bootWeb(Object(Config\Paths))
CRITICAL - 2025-03-18 07:32:26 --> [Caused by] CodeIgniter\Database\Exceptions\DatabaseException: Unknown column 'updated_at' in 'field list'
in SYSTEMPATH\Database\MySQLi\Connection.php on line 317.
 1 SYSTEMPATH\Database\BaseConnection.php(734): CodeIgniter\Database\MySQLi\Connection->execute('INSERT INTO `iem_customizations` (`user_id`, `left_color`, `right_color`, `left_texture`, `right_texture`, `material`, `size`, `category`, `created_at`, `updated_at`) VALUES (\'1\', \'#ffffff\', \'#ffffff\', \'anime1.jpeg\', \'anime5.jpeg\', \'glossy\', \'large\', \'prestige\', \'2025-03-18 07:32:26\', \'2025-03-18 07:32:26\')')
 2 SYSTEMPATH\Database\BaseConnection.php(648): CodeIgniter\Database\BaseConnection->simpleQuery('INSERT INTO `iem_customizations` (`user_id`, `left_color`, `right_color`, `left_texture`, `right_texture`, `material`, `size`, `category`, `created_at`, `updated_at`) VALUES (\'1\', \'#ffffff\', \'#ffffff\', \'anime1.jpeg\', \'anime5.jpeg\', \'glossy\', \'large\', \'prestige\', \'2025-03-18 07:32:26\', \'2025-03-18 07:32:26\')')
 3 SYSTEMPATH\Database\BaseBuilder.php(2340): CodeIgniter\Database\BaseConnection->query('INSERT INTO `iem_customizations` (`user_id`, `left_color`, `right_color`, `left_texture`, `right_texture`, `material`, `size`, `category`, `created_at`, `updated_at`) VALUES (:user_id:, :left_color:, :right_color:, :left_texture:, :right_texture:, :material:, :size:, :category:, :created_at:, :updated_at:)', [...], false)
 4 SYSTEMPATH\Model.php(394): CodeIgniter\Database\BaseBuilder->insert()
 5 SYSTEMPATH\BaseModel.php(840): CodeIgniter\Model->doInsert([...])
 6 SYSTEMPATH\Model.php(802): CodeIgniter\BaseModel->insert([...], true)
 7 APPPATH\Controllers\IEMCustomizationController.php(28): CodeIgniter\Model->insert([...])
 8 SYSTEMPATH\CodeIgniter.php(933): App\Controllers\IEMCustomizationController->saveDesign()
 9 SYSTEMPATH\CodeIgniter.php(509): CodeIgniter\CodeIgniter->runController(Object(App\Controllers\IEMCustomizationController))
10 SYSTEMPATH\CodeIgniter.php(355): CodeIgniter\CodeIgniter->handleRequest(null, Object(Config\Cache), false)
11 SYSTEMPATH\Boot.php(325): CodeIgniter\CodeIgniter->run()
12 SYSTEMPATH\Boot.php(67): CodeIgniter\Boot::runCodeIgniter(Object(CodeIgniter\CodeIgniter))
13 FCPATH\index.php(56): CodeIgniter\Boot::bootWeb(Object(Config\Paths))
CRITICAL - 2025-03-18 07:32:26 --> [Caused by] mysqli_sql_exception: Unknown column 'updated_at' in 'field list'
in SYSTEMPATH\Database\MySQLi\Connection.php on line 312.
 1 SYSTEMPATH\Database\MySQLi\Connection.php(312): mysqli->query('INSERT INTO `iem_customizations` (`user_id`, `left_color`, `right_color`, `left_texture`, `right_texture`, `material`, `size`, `category`, `created_at`, `updated_at`) VALUES (\'1\', \'#ffffff\', \'#ffffff\', \'anime1.jpeg\', \'anime5.jpeg\', \'glossy\', \'large\', \'prestige\', \'2025-03-18 07:32:26\', \'2025-03-18 07:32:26\')', 0)
 2 SYSTEMPATH\Database\BaseConnection.php(734): CodeIgniter\Database\MySQLi\Connection->execute('INSERT INTO `iem_customizations` (`user_id`, `left_color`, `right_color`, `left_texture`, `right_texture`, `material`, `size`, `category`, `created_at`, `updated_at`) VALUES (\'1\', \'#ffffff\', \'#ffffff\', \'anime1.jpeg\', \'anime5.jpeg\', \'glossy\', \'large\', \'prestige\', \'2025-03-18 07:32:26\', \'2025-03-18 07:32:26\')')
 3 SYSTEMPATH\Database\BaseConnection.php(648): CodeIgniter\Database\BaseConnection->simpleQuery('INSERT INTO `iem_customizations` (`user_id`, `left_color`, `right_color`, `left_texture`, `right_texture`, `material`, `size`, `category`, `created_at`, `updated_at`) VALUES (\'1\', \'#ffffff\', \'#ffffff\', \'anime1.jpeg\', \'anime5.jpeg\', \'glossy\', \'large\', \'prestige\', \'2025-03-18 07:32:26\', \'2025-03-18 07:32:26\')')
 4 SYSTEMPATH\Database\BaseBuilder.php(2340): CodeIgniter\Database\BaseConnection->query('INSERT INTO `iem_customizations` (`user_id`, `left_color`, `right_color`, `left_texture`, `right_texture`, `material`, `size`, `category`, `created_at`, `updated_at`) VALUES (:user_id:, :left_color:, :right_color:, :left_texture:, :right_texture:, :material:, :size:, :category:, :created_at:, :updated_at:)', [...], false)
 5 SYSTEMPATH\Model.php(394): CodeIgniter\Database\BaseBuilder->insert()
 6 SYSTEMPATH\BaseModel.php(840): CodeIgniter\Model->doInsert([...])
 7 SYSTEMPATH\Model.php(802): CodeIgniter\BaseModel->insert([...], true)
 8 APPPATH\Controllers\IEMCustomizationController.php(28): CodeIgniter\Model->insert([...])
 9 SYSTEMPATH\CodeIgniter.php(933): App\Controllers\IEMCustomizationController->saveDesign()
10 SYSTEMPATH\CodeIgniter.php(509): CodeIgniter\CodeIgniter->runController(Object(App\Controllers\IEMCustomizationController))
11 SYSTEMPATH\CodeIgniter.php(355): CodeIgniter\CodeIgniter->handleRequest(null, Object(Config\Cache), false)
12 SYSTEMPATH\Boot.php(325): CodeIgniter\CodeIgniter->run()
13 SYSTEMPATH\Boot.php(67): CodeIgniter\Boot::runCodeIgniter(Object(CodeIgniter\CodeIgniter))
14 FCPATH\index.php(56): CodeIgniter\Boot::bootWeb(Object(Config\Paths))
INFO - 2025-03-18 07:33:08 --> Session: Class initialized using 'CodeIgniter\Session\Handlers\FileHandler' driver.
INFO - 2025-03-18 07:33:27 --> Session: Class initialized using 'CodeIgniter\Session\Handlers\FileHandler' driver.
INFO - 2025-03-18 07:40:18 --> Session: Class initialized using 'CodeIgniter\Session\Handlers\FileHandler' driver.
INFO - 2025-03-18 07:40:18 --> Session: Class initialized using 'CodeIgniter\Session\Handlers\FileHandler' driver.
INFO - 2025-03-18 07:40:20 --> Session: Class initialized using 'CodeIgniter\Session\Handlers\FileHandler' driver.
INFO - 2025-03-18 07:40:23 --> Session: Class initialized using 'CodeIgniter\Session\Handlers\FileHandler' driver.
INFO - 2025-03-18 07:40:24 --> Session: Class initialized using 'CodeIgniter\Session\Handlers\FileHandler' driver.
INFO - 2025-03-18 07:40:25 --> Session: Class initialized using 'CodeIgniter\Session\Handlers\FileHandler' driver.
INFO - 2025-03-18 07:40:43 --> Session: Class initialized using 'CodeIgniter\Session\Handlers\FileHandler' driver.
INFO - 2025-03-18 07:41:06 --> Session: Class initialized using 'CodeIgniter\Session\Handlers\FileHandler' driver.
INFO - 2025-03-18 07:41:07 --> Session: Class initialized using 'CodeIgniter\Session\Handlers\FileHandler' driver.
CRITICAL - 2025-03-18 07:41:08 --> CodeIgniter\View\Exceptions\ViewException: Invalid file: "UserSide/my_design.php"
[Method: GET, Route: user/myDesign]
in SYSTEMPATH\Exceptions\FrameworkException.php on line 41.
 1 SYSTEMPATH\View\View.php(222): CodeIgniter\Exceptions\FrameworkException::forInvalidFile('UserSide/my_design.php')
 2 SYSTEMPATH\Common.php(1169): CodeIgniter\View\View->render('UserSide/my_design', [], true)
 3 APPPATH\Controllers\IEMCustomizationController.php(41): view('UserSide/my_design', [...])
 4 SYSTEMPATH\CodeIgniter.php(933): App\Controllers\IEMCustomizationController->myDesign()
 5 SYSTEMPATH\CodeIgniter.php(509): CodeIgniter\CodeIgniter->runController(Object(App\Controllers\IEMCustomizationController))
 6 SYSTEMPATH\CodeIgniter.php(355): CodeIgniter\CodeIgniter->handleRequest(null, Object(Config\Cache), false)
 7 SYSTEMPATH\Boot.php(325): CodeIgniter\CodeIgniter->run()
 8 SYSTEMPATH\Boot.php(67): CodeIgniter\Boot::runCodeIgniter(Object(CodeIgniter\CodeIgniter))
 9 FCPATH\index.php(56): CodeIgniter\Boot::bootWeb(Object(Config\Paths))
INFO - 2025-03-18 07:41:15 --> Session: Class initialized using 'CodeIgniter\Session\Handlers\FileHandler' driver.
INFO - 2025-03-18 07:41:20 --> Session: Class initialized using 'CodeIgniter\Session\Handlers\FileHandler' driver.
INFO - 2025-03-18 07:41:22 --> Session: Class initialized using 'CodeIgniter\Session\Handlers\FileHandler' driver.
INFO - 2025-03-18 07:41:23 --> Session: Class initialized using 'CodeIgniter\Session\Handlers\FileHandler' driver.
CRITICAL - 2025-03-18 07:41:23 --> CodeIgniter\View\Exceptions\ViewException: Invalid file: "UserSide/my_design.php"
[Method: GET, Route: user/myDesign]
in SYSTEMPATH\Exceptions\FrameworkException.php on line 41.
 1 SYSTEMPATH\View\View.php(222): CodeIgniter\Exceptions\FrameworkException::forInvalidFile('UserSide/my_design.php')
 2 SYSTEMPATH\Common.php(1169): CodeIgniter\View\View->render('UserSide/my_design', [], true)
 3 APPPATH\Controllers\IEMCustomizationController.php(41): view('UserSide/my_design', [...])
 4 SYSTEMPATH\CodeIgniter.php(933): App\Controllers\IEMCustomizationController->myDesign()
 5 SYSTEMPATH\CodeIgniter.php(509): CodeIgniter\CodeIgniter->runController(Object(App\Controllers\IEMCustomizationController))
 6 SYSTEMPATH\CodeIgniter.php(355): CodeIgniter\CodeIgniter->handleRequest(null, Object(Config\Cache), false)
 7 SYSTEMPATH\Boot.php(325): CodeIgniter\CodeIgniter->run()
 8 SYSTEMPATH\Boot.php(67): CodeIgniter\Boot::runCodeIgniter(Object(CodeIgniter\CodeIgniter))
 9 FCPATH\index.php(56): CodeIgniter\Boot::bootWeb(Object(Config\Paths))
INFO - 2025-03-18 07:41:38 --> Session: Class initialized using 'CodeIgniter\Session\Handlers\FileHandler' driver.
CRITICAL - 2025-03-18 07:41:38 --> CodeIgniter\View\Exceptions\ViewException: Invalid file: "UserSide/my_design.php"
[Method: GET, Route: user/myDesign]
in SYSTEMPATH\Exceptions\FrameworkException.php on line 41.
 1 SYSTEMPATH\View\View.php(222): CodeIgniter\Exceptions\FrameworkException::forInvalidFile('UserSide/my_design.php')
 2 SYSTEMPATH\Common.php(1169): CodeIgniter\View\View->render('UserSide/my_design', [], true)
 3 APPPATH\Controllers\IEMCustomizationController.php(41): view('UserSide/my_design', [...])
 4 SYSTEMPATH\CodeIgniter.php(933): App\Controllers\IEMCustomizationController->myDesign()
 5 SYSTEMPATH\CodeIgniter.php(509): CodeIgniter\CodeIgniter->runController(Object(App\Controllers\IEMCustomizationController))
 6 SYSTEMPATH\CodeIgniter.php(355): CodeIgniter\CodeIgniter->handleRequest(null, Object(Config\Cache), false)
 7 SYSTEMPATH\Boot.php(325): CodeIgniter\CodeIgniter->run()
 8 SYSTEMPATH\Boot.php(67): CodeIgniter\Boot::runCodeIgniter(Object(CodeIgniter\CodeIgniter))
 9 FCPATH\index.php(56): CodeIgniter\Boot::bootWeb(Object(Config\Paths))
INFO - 2025-03-18 07:42:47 --> Session: Class initialized using 'CodeIgniter\Session\Handlers\FileHandler' driver.
CRITICAL - 2025-03-18 07:42:47 --> CodeIgniter\View\Exceptions\ViewException: Invalid file: "layouts/user_layout.php"
[Method: GET, Route: user/myDesign]
in SYSTEMPATH\Exceptions\FrameworkException.php on line 41.
 1 SYSTEMPATH\View\View.php(222): CodeIgniter\Exceptions\FrameworkException::forInvalidFile('layouts/user_layout.php')
 2 SYSTEMPATH\View\View.php(250): CodeIgniter\View\View->render('layouts/user_layout', [], true)
 3 SYSTEMPATH\Common.php(1169): CodeIgniter\View\View->render('UserSide/my_designs', [], true)
 4 APPPATH\Controllers\IEMCustomizationController.php(40): view('UserSide/my_designs', [...])
 5 SYSTEMPATH\CodeIgniter.php(933): App\Controllers\IEMCustomizationController->myDesign()
 6 SYSTEMPATH\CodeIgniter.php(509): CodeIgniter\CodeIgniter->runController(Object(App\Controllers\IEMCustomizationController))
 7 SYSTEMPATH\CodeIgniter.php(355): CodeIgniter\CodeIgniter->handleRequest(null, Object(Config\Cache), false)
 8 SYSTEMPATH\Boot.php(325): CodeIgniter\CodeIgniter->run()
 9 SYSTEMPATH\Boot.php(67): CodeIgniter\Boot::runCodeIgniter(Object(CodeIgniter\CodeIgniter))
10 FCPATH\index.php(56): CodeIgniter\Boot::bootWeb(Object(Config\Paths))
CRITICAL - 2025-03-18 07:46:27 --> ParseError: syntax error, unexpected token "public"
[Method: GET, Route: user/myDesign]
in APPPATH\Controllers\IEMCustomizationController.php on line 33.
 1 SYSTEMPATH\Autoloader\Autoloader.php(296): CodeIgniter\Autoloader\Autoloader->includeFile('C:\\xampp\\htdocs\\INM_Audio\\app\\Controllers\\IEMCustomizationController.php')
 2 SYSTEMPATH\Autoloader\Autoloader.php(272): CodeIgniter\Autoloader\Autoloader->loadInNamespace('App\\Controllers\\IEMCustomizationController')
 3 [internal function]: CodeIgniter\Autoloader\Autoloader->loadClass('App\\Controllers\\IEMCustomizationController')
 4 SYSTEMPATH\CodeIgniter.php(887): class_exists('\\App\\Controllers\\IEMCustomizationController', true)
 5 SYSTEMPATH\CodeIgniter.php(496): CodeIgniter\CodeIgniter->startController()
 6 SYSTEMPATH\CodeIgniter.php(355): CodeIgniter\CodeIgniter->handleRequest(null, Object(Config\Cache), false)
 7 SYSTEMPATH\Boot.php(325): CodeIgniter\CodeIgniter->run()
 8 SYSTEMPATH\Boot.php(67): CodeIgniter\Boot::runCodeIgniter(Object(CodeIgniter\CodeIgniter))
 9 FCPATH\index.php(56): CodeIgniter\Boot::bootWeb(Object(Config\Paths))
INFO - 2025-03-18 07:46:54 --> Session: Class initialized using 'CodeIgniter\Session\Handlers\FileHandler' driver.
CRITICAL - 2025-03-18 07:46:54 --> CodeIgniter\View\Exceptions\ViewException: Invalid file: "layouts/user_layout.php"
[Method: GET, Route: user/myDesign]
in SYSTEMPATH\Exceptions\FrameworkException.php on line 41.
 1 SYSTEMPATH\View\View.php(222): CodeIgniter\Exceptions\FrameworkException::forInvalidFile('layouts/user_layout.php')
 2 SYSTEMPATH\View\View.php(250): CodeIgniter\View\View->render('layouts/user_layout', [], true)
 3 SYSTEMPATH\Common.php(1169): CodeIgniter\View\View->render('UserSide/my_designs', [], true)
 4 APPPATH\Controllers\IEMCustomizationController.php(41): view('UserSide/my_designs', [...])
 5 SYSTEMPATH\CodeIgniter.php(933): App\Controllers\IEMCustomizationController->myDesign()
 6 SYSTEMPATH\CodeIgniter.php(509): CodeIgniter\CodeIgniter->runController(Object(App\Controllers\IEMCustomizationController))
 7 SYSTEMPATH\CodeIgniter.php(355): CodeIgniter\CodeIgniter->handleRequest(null, Object(Config\Cache), false)
 8 SYSTEMPATH\Boot.php(325): CodeIgniter\CodeIgniter->run()
 9 SYSTEMPATH\Boot.php(67): CodeIgniter\Boot::runCodeIgniter(Object(CodeIgniter\CodeIgniter))
10 FCPATH\index.php(56): CodeIgniter\Boot::bootWeb(Object(Config\Paths))
INFO - 2025-03-18 07:50:43 --> Session: Class initialized using 'CodeIgniter\Session\Handlers\FileHandler' driver.
INFO - 2025-03-18 07:51:53 --> Session: Class initialized using 'CodeIgniter\Session\Handlers\FileHandler' driver.
INFO - 2025-03-18 07:52:00 --> Session: Class initialized using 'CodeIgniter\Session\Handlers\FileHandler' driver.
INFO - 2025-03-18 07:53:15 --> Session: Class initialized using 'CodeIgniter\Session\Handlers\FileHandler' driver.
INFO - 2025-03-18 07:53:37 --> Session: Class initialized using 'CodeIgniter\Session\Handlers\FileHandler' driver.
CRITICAL - 2025-03-18 07:53:37 --> ErrorException: Undefined variable $userAccount
[Method: GET, Route: user/myDesign]
in APPPATH\Views\UserSide\sideNav.php on line 4.
 1 APPPATH\Views\UserSide\sideNav.php(4): CodeIgniter\Debug\Exceptions->errorHandler(2, 'Undefined variable $userAccount', 'C:\\xampp\\htdocs\\INM_Audio\\app\\Views\\UserSide\\sideNav.php', 4)
 2 SYSTEMPATH\View\View.php(234): include('C:\\xampp\\htdocs\\INM_Audio\\app\\Views\\UserSide\\sideNav.php')
 3 SYSTEMPATH\View\View.php(237): CodeIgniter\View\View->CodeIgniter\View\{closure}()
 4 SYSTEMPATH\Common.php(1169): CodeIgniter\View\View->render('UserSide/sideNav', [], true)
 5 APPPATH\Views\UserSide\my_designs.php(21): view('UserSide/sideNav')
 6 SYSTEMPATH\View\View.php(234): include('C:\\xampp\\htdocs\\INM_Audio\\app\\Views\\UserSide\\my_designs.php')
 7 SYSTEMPATH\View\View.php(237): CodeIgniter\View\View->CodeIgniter\View\{closure}()
 8 SYSTEMPATH\Common.php(1169): CodeIgniter\View\View->render('UserSide/my_designs', [], true)
 9 APPPATH\Controllers\IEMCustomizationController.php(41): view('UserSide/my_designs', [...])
10 SYSTEMPATH\CodeIgniter.php(933): App\Controllers\IEMCustomizationController->myDesign()
11 SYSTEMPATH\CodeIgniter.php(509): CodeIgniter\CodeIgniter->runController(Object(App\Controllers\IEMCustomizationController))
12 SYSTEMPATH\CodeIgniter.php(355): CodeIgniter\CodeIgniter->handleRequest(null, Object(Config\Cache), false)
13 SYSTEMPATH\Boot.php(325): CodeIgniter\CodeIgniter->run()
14 SYSTEMPATH\Boot.php(67): CodeIgniter\Boot::runCodeIgniter(Object(CodeIgniter\CodeIgniter))
15 FCPATH\index.php(56): CodeIgniter\Boot::bootWeb(Object(Config\Paths))
INFO - 2025-03-18 07:54:06 --> Session: Class initialized using 'CodeIgniter\Session\Handlers\FileHandler' driver.
INFO - 2025-03-18 07:54:18 --> Session: Class initialized using 'CodeIgniter\Session\Handlers\FileHandler' driver.
CRITICAL - 2025-03-18 07:54:18 --> ErrorException: Undefined variable $userAccount
[Method: GET, Route: user/myDesign]
in APPPATH\Views\UserSide\sideNav.php on line 4.
 1 APPPATH\Views\UserSide\sideNav.php(4): CodeIgniter\Debug\Exceptions->errorHandler(2, 'Undefined variable $userAccount', 'C:\\xampp\\htdocs\\INM_Audio\\app\\Views\\UserSide\\sideNav.php', 4)
 2 SYSTEMPATH\View\View.php(234): include('C:\\xampp\\htdocs\\INM_Audio\\app\\Views\\UserSide\\sideNav.php')
 3 SYSTEMPATH\View\View.php(237): CodeIgniter\View\View->CodeIgniter\View\{closure}()
 4 SYSTEMPATH\Common.php(1169): CodeIgniter\View\View->render('UserSide/sideNav', [], true)
 5 APPPATH\Views\UserSide\my_designs.php(17): view('UserSide/sideNav')
 6 SYSTEMPATH\View\View.php(234): include('C:\\xampp\\htdocs\\INM_Audio\\app\\Views\\UserSide\\my_designs.php')
 7 SYSTEMPATH\View\View.php(237): CodeIgniter\View\View->CodeIgniter\View\{closure}()
 8 SYSTEMPATH\Common.php(1169): CodeIgniter\View\View->render('UserSide/my_designs', [], true)
 9 APPPATH\Controllers\IEMCustomizationController.php(41): view('UserSide/my_designs', [...])
10 SYSTEMPATH\CodeIgniter.php(933): App\Controllers\IEMCustomizationController->myDesign()
11 SYSTEMPATH\CodeIgniter.php(509): CodeIgniter\CodeIgniter->runController(Object(App\Controllers\IEMCustomizationController))
12 SYSTEMPATH\CodeIgniter.php(355): CodeIgniter\CodeIgniter->handleRequest(null, Object(Config\Cache), false)
13 SYSTEMPATH\Boot.php(325): CodeIgniter\CodeIgniter->run()
14 SYSTEMPATH\Boot.php(67): CodeIgniter\Boot::runCodeIgniter(Object(CodeIgniter\CodeIgniter))
15 FCPATH\index.php(56): CodeIgniter\Boot::bootWeb(Object(Config\Paths))
INFO - 2025-03-18 07:54:23 --> Session: Class initialized using 'CodeIgniter\Session\Handlers\FileHandler' driver.
INFO - 2025-03-18 07:55:26 --> Session: Class initialized using 'CodeIgniter\Session\Handlers\FileHandler' driver.
INFO - 2025-03-18 07:57:28 --> Session: Class initialized using 'CodeIgniter\Session\Handlers\FileHandler' driver.
INFO - 2025-03-18 07:59:08 --> Session: Class initialized using 'CodeIgniter\Session\Handlers\FileHandler' driver.
INFO - 2025-03-18 07:59:13 --> Session: Class initialized using 'CodeIgniter\Session\Handlers\FileHandler' driver.
INFO - 2025-03-18 07:59:14 --> Session: Class initialized using 'CodeIgniter\Session\Handlers\FileHandler' driver.
INFO - 2025-03-18 07:59:16 --> Session: Class initialized using 'CodeIgniter\Session\Handlers\FileHandler' driver.
INFO - 2025-03-18 07:59:41 --> Session: Class initialized using 'CodeIgniter\Session\Handlers\FileHandler' driver.
INFO - 2025-03-18 07:59:42 --> Session: Class initialized using 'CodeIgniter\Session\Handlers\FileHandler' driver.
INFO - 2025-03-18 07:59:43 --> Session: Class initialized using 'CodeIgniter\Session\Handlers\FileHandler' driver.
