INFO - 2025-03-04 06:44:40 --> Session: Class initialized using 'CodeIgniter\Session\Handlers\FileHandler' driver.
WARNING - 2025-03-04 06:44:40 --> [DEPRECATED] Optional parameter $field declared before required parameter $toRemove is implicitly treated as a required parameter in APPPATH\Models\Gear_Product_Model.php on line 61.
 1 SYSTEMPATH\Autoloader\Autoloader.php(317): include_once('C:\\xampp\\htdocs\\INM_Audio\\system\\Debug\\Exceptions.php')
 2 SYSTEMPATH\Autoloader\Autoloader.php(296): CodeIgniter\Autoloader\Autoloader->includeFile('C:\\xampp\\htdocs\\INM_Audio\\app\\Models\\Gear_Product_Model.php')
 3 SYSTEMPATH\Autoloader\Autoloader.php(272): CodeIgniter\Autoloader\Autoloader->loadInNamespace('App\\Models\\Gear_Product_Model')
 4 APPPATH\Controllers\Helpers\LoadersController.php(193): CodeIgniter\Autoloader\Autoloader->loadClass('App\\Models\\Gear_Product_Model')
 5 APPPATH\Controllers\Helpers\LoadersController.php(76): App\Controllers\Helpers\LoadersController->loadGears()
 6 APPPATH\Controllers\HomeController.php(34): App\Controllers\Helpers\LoadersController->requireMethod('gears')
 7 SYSTEMPATH\CodeIgniter.php(933): App\Controllers\HomeController->library()
 8 SYSTEMPATH\CodeIgniter.php(509): CodeIgniter\CodeIgniter->runController(Object(App\Controllers\HomeController))
 9 SYSTEMPATH\CodeIgniter.php(355): CodeIgniter\CodeIgniter->handleRequest(null, Object(Config\Cache), false)
10 SYSTEMPATH\Boot.php(325): CodeIgniter\CodeIgniter->run()
11 SYSTEMPATH\Boot.php(67): CodeIgniter\Boot::runCodeIgniter(Object(CodeIgniter\CodeIgniter))
12 FCPATH\index.php(56): CodeIgniter\Boot::bootWeb(Object(Config\Paths))
INFO - 2025-03-04 06:44:51 --> Session: Class initialized using 'CodeIgniter\Session\Handlers\FileHandler' driver.
INFO - 2025-03-04 06:44:54 --> Session: Class initialized using 'CodeIgniter\Session\Handlers\FileHandler' driver.
INFO - 2025-03-04 06:45:36 --> Session: Class initialized using 'CodeIgniter\Session\Handlers\FileHandler' driver.
WARNING - 2025-03-04 06:45:36 --> [DEPRECATED] Optional parameter $field declared before required parameter $toRemove is implicitly treated as a required parameter in APPPATH\Models\Gear_Product_Model.php on line 61.
 1 SYSTEMPATH\Autoloader\Autoloader.php(317): include_once('C:\\xampp\\htdocs\\INM_Audio\\system\\Debug\\Exceptions.php')
 2 SYSTEMPATH\Autoloader\Autoloader.php(296): CodeIgniter\Autoloader\Autoloader->includeFile('C:\\xampp\\htdocs\\INM_Audio\\app\\Models\\Gear_Product_Model.php')
 3 SYSTEMPATH\Autoloader\Autoloader.php(272): CodeIgniter\Autoloader\Autoloader->loadInNamespace('App\\Models\\Gear_Product_Model')
 4 APPPATH\Controllers\Helpers\LoadersController.php(193): CodeIgniter\Autoloader\Autoloader->loadClass('App\\Models\\Gear_Product_Model')
 5 APPPATH\Controllers\Helpers\LoadersController.php(76): App\Controllers\Helpers\LoadersController->loadGears()
 6 APPPATH\Controllers\HomeController.php(34): App\Controllers\Helpers\LoadersController->requireMethod('gears')
 7 SYSTEMPATH\CodeIgniter.php(933): App\Controllers\HomeController->library()
 8 SYSTEMPATH\CodeIgniter.php(509): CodeIgniter\CodeIgniter->runController(Object(App\Controllers\HomeController))
 9 SYSTEMPATH\CodeIgniter.php(355): CodeIgniter\CodeIgniter->handleRequest(null, Object(Config\Cache), false)
10 SYSTEMPATH\Boot.php(325): CodeIgniter\CodeIgniter->run()
11 SYSTEMPATH\Boot.php(67): CodeIgniter\Boot::runCodeIgniter(Object(CodeIgniter\CodeIgniter))
12 FCPATH\index.php(56): CodeIgniter\Boot::bootWeb(Object(Config\Paths))
INFO - 2025-03-04 06:45:41 --> Session: Class initialized using 'CodeIgniter\Session\Handlers\FileHandler' driver.
INFO - 2025-03-04 06:46:21 --> Session: Class initialized using 'CodeIgniter\Session\Handlers\FileHandler' driver.
INFO - 2025-03-04 06:50:16 --> Session: Class initialized using 'CodeIgniter\Session\Handlers\FileHandler' driver.
INFO - 2025-03-04 06:50:26 --> Session: Class initialized using 'CodeIgniter\Session\Handlers\FileHandler' driver.
INFO - 2025-03-04 06:50:33 --> Session: Class initialized using 'CodeIgniter\Session\Handlers\FileHandler' driver.
INFO - 2025-03-04 06:50:34 --> Session: Class initialized using 'CodeIgniter\Session\Handlers\FileHandler' driver.
INFO - 2025-03-04 06:50:37 --> Session: Class initialized using 'CodeIgniter\Session\Handlers\FileHandler' driver.
INFO - 2025-03-04 06:50:52 --> Session: Class initialized using 'CodeIgniter\Session\Handlers\FileHandler' driver.
WARNING - 2025-03-04 06:50:52 --> [DEPRECATED] Optional parameter $field declared before required parameter $toRemove is implicitly treated as a required parameter in APPPATH\Models\Gear_Product_Model.php on line 61.
 1 SYSTEMPATH\Autoloader\Autoloader.php(317): include_once('C:\\xampp\\htdocs\\INM_Audio\\system\\Debug\\Exceptions.php')
 2 SYSTEMPATH\Autoloader\Autoloader.php(296): CodeIgniter\Autoloader\Autoloader->includeFile('C:\\xampp\\htdocs\\INM_Audio\\app\\Models\\Gear_Product_Model.php')
 3 SYSTEMPATH\Autoloader\Autoloader.php(272): CodeIgniter\Autoloader\Autoloader->loadInNamespace('App\\Models\\Gear_Product_Model')
 4 APPPATH\Controllers\Helpers\LoadersController.php(193): CodeIgniter\Autoloader\Autoloader->loadClass('App\\Models\\Gear_Product_Model')
 5 APPPATH\Controllers\Helpers\LoadersController.php(76): App\Controllers\Helpers\LoadersController->loadGears()
 6 APPPATH\Controllers\ShopController.php(27): App\Controllers\Helpers\LoadersController->requireMethod('gears')
 7 SYSTEMPATH\CodeIgniter.php(933): App\Controllers\ShopController->shop()
 8 SYSTEMPATH\CodeIgniter.php(509): CodeIgniter\CodeIgniter->runController(Object(App\Controllers\ShopController))
 9 SYSTEMPATH\CodeIgniter.php(355): CodeIgniter\CodeIgniter->handleRequest(null, Object(Config\Cache), false)
10 SYSTEMPATH\Boot.php(325): CodeIgniter\CodeIgniter->run()
11 SYSTEMPATH\Boot.php(67): CodeIgniter\Boot::runCodeIgniter(Object(CodeIgniter\CodeIgniter))
12 FCPATH\index.php(56): CodeIgniter\Boot::bootWeb(Object(Config\Paths))
INFO - 2025-03-04 06:51:26 --> Session: Class initialized using 'CodeIgniter\Session\Handlers\FileHandler' driver.
WARNING - 2025-03-04 06:51:26 --> [DEPRECATED] Optional parameter $field declared before required parameter $toRemove is implicitly treated as a required parameter in APPPATH\Models\Gear_Product_Model.php on line 61.
 1 SYSTEMPATH\Autoloader\Autoloader.php(317): include_once('C:\\xampp\\htdocs\\INM_Audio\\system\\Debug\\Exceptions.php')
 2 SYSTEMPATH\Autoloader\Autoloader.php(296): CodeIgniter\Autoloader\Autoloader->includeFile('C:\\xampp\\htdocs\\INM_Audio\\app\\Models\\Gear_Product_Model.php')
 3 SYSTEMPATH\Autoloader\Autoloader.php(272): CodeIgniter\Autoloader\Autoloader->loadInNamespace('App\\Models\\Gear_Product_Model')
 4 APPPATH\Controllers\Helpers\LoadersController.php(193): CodeIgniter\Autoloader\Autoloader->loadClass('App\\Models\\Gear_Product_Model')
 5 APPPATH\Controllers\Helpers\LoadersController.php(76): App\Controllers\Helpers\LoadersController->loadGears()
 6 APPPATH\Controllers\ShopController.php(125): App\Controllers\Helpers\LoadersController->requireMethod('gears')
 7 SYSTEMPATH\CodeIgniter.php(933): App\Controllers\ShopController->addToCart('18')
 8 SYSTEMPATH\CodeIgniter.php(509): CodeIgniter\CodeIgniter->runController(Object(App\Controllers\ShopController))
 9 SYSTEMPATH\CodeIgniter.php(355): CodeIgniter\CodeIgniter->handleRequest(null, Object(Config\Cache), false)
10 SYSTEMPATH\Boot.php(325): CodeIgniter\CodeIgniter->run()
11 SYSTEMPATH\Boot.php(67): CodeIgniter\Boot::runCodeIgniter(Object(CodeIgniter\CodeIgniter))
12 FCPATH\index.php(56): CodeIgniter\Boot::bootWeb(Object(Config\Paths))
INFO - 2025-03-04 06:51:27 --> Session: Class initialized using 'CodeIgniter\Session\Handlers\FileHandler' driver.
WARNING - 2025-03-04 06:51:27 --> [DEPRECATED] Optional parameter $field declared before required parameter $toRemove is implicitly treated as a required parameter in APPPATH\Models\Gear_Product_Model.php on line 61.
 1 SYSTEMPATH\Autoloader\Autoloader.php(317): include_once('C:\\xampp\\htdocs\\INM_Audio\\system\\Debug\\Exceptions.php')
 2 SYSTEMPATH\Autoloader\Autoloader.php(296): CodeIgniter\Autoloader\Autoloader->includeFile('C:\\xampp\\htdocs\\INM_Audio\\app\\Models\\Gear_Product_Model.php')
 3 SYSTEMPATH\Autoloader\Autoloader.php(272): CodeIgniter\Autoloader\Autoloader->loadInNamespace('App\\Models\\Gear_Product_Model')
 4 APPPATH\Controllers\Helpers\LoadersController.php(193): CodeIgniter\Autoloader\Autoloader->loadClass('App\\Models\\Gear_Product_Model')
 5 APPPATH\Controllers\Helpers\LoadersController.php(76): App\Controllers\Helpers\LoadersController->loadGears()
 6 APPPATH\Controllers\ShopController.php(27): App\Controllers\Helpers\LoadersController->requireMethod('gears')
 7 SYSTEMPATH\CodeIgniter.php(933): App\Controllers\ShopController->shop()
 8 SYSTEMPATH\CodeIgniter.php(509): CodeIgniter\CodeIgniter->runController(Object(App\Controllers\ShopController))
 9 SYSTEMPATH\CodeIgniter.php(355): CodeIgniter\CodeIgniter->handleRequest(null, Object(Config\Cache), false)
10 SYSTEMPATH\Boot.php(325): CodeIgniter\CodeIgniter->run()
11 SYSTEMPATH\Boot.php(67): CodeIgniter\Boot::runCodeIgniter(Object(CodeIgniter\CodeIgniter))
12 FCPATH\index.php(56): CodeIgniter\Boot::bootWeb(Object(Config\Paths))
INFO - 2025-03-04 06:51:31 --> Session: Class initialized using 'CodeIgniter\Session\Handlers\FileHandler' driver.
INFO - 2025-03-04 06:51:36 --> Session: Class initialized using 'CodeIgniter\Session\Handlers\FileHandler' driver.
INFO - 2025-03-04 06:52:00 --> Session: Class initialized using 'CodeIgniter\Session\Handlers\FileHandler' driver.
WARNING - 2025-03-04 06:52:00 --> [DEPRECATED] Optional parameter $field declared before required parameter $toRemove is implicitly treated as a required parameter in APPPATH\Models\Gear_Product_Model.php on line 61.
 1 SYSTEMPATH\Autoloader\Autoloader.php(317): include_once('C:\\xampp\\htdocs\\INM_Audio\\system\\Debug\\Exceptions.php')
 2 SYSTEMPATH\Autoloader\Autoloader.php(296): CodeIgniter\Autoloader\Autoloader->includeFile('C:\\xampp\\htdocs\\INM_Audio\\app\\Models\\Gear_Product_Model.php')
 3 SYSTEMPATH\Autoloader\Autoloader.php(272): CodeIgniter\Autoloader\Autoloader->loadInNamespace('App\\Models\\Gear_Product_Model')
 4 APPPATH\Controllers\Helpers\LoadersController.php(193): CodeIgniter\Autoloader\Autoloader->loadClass('App\\Models\\Gear_Product_Model')
 5 APPPATH\Controllers\Helpers\LoadersController.php(76): App\Controllers\Helpers\LoadersController->loadGears()
 6 APPPATH\Controllers\ShopController.php(27): App\Controllers\Helpers\LoadersController->requireMethod('gears')
 7 SYSTEMPATH\CodeIgniter.php(933): App\Controllers\ShopController->shop()
 8 SYSTEMPATH\CodeIgniter.php(509): CodeIgniter\CodeIgniter->runController(Object(App\Controllers\ShopController))
 9 SYSTEMPATH\CodeIgniter.php(355): CodeIgniter\CodeIgniter->handleRequest(null, Object(Config\Cache), false)
10 SYSTEMPATH\Boot.php(325): CodeIgniter\CodeIgniter->run()
11 SYSTEMPATH\Boot.php(67): CodeIgniter\Boot::runCodeIgniter(Object(CodeIgniter\CodeIgniter))
12 FCPATH\index.php(56): CodeIgniter\Boot::bootWeb(Object(Config\Paths))
INFO - 2025-03-04 06:52:05 --> Session: Class initialized using 'CodeIgniter\Session\Handlers\FileHandler' driver.
INFO - 2025-03-04 06:52:20 --> Session: Class initialized using 'CodeIgniter\Session\Handlers\FileHandler' driver.
INFO - 2025-03-04 06:52:28 --> Session: Class initialized using 'CodeIgniter\Session\Handlers\FileHandler' driver.
INFO - 2025-03-04 06:57:12 --> Session: Class initialized using 'CodeIgniter\Session\Handlers\FileHandler' driver.
INFO - 2025-03-04 07:19:45 --> Session: Class initialized using 'CodeIgniter\Session\Handlers\FileHandler' driver.
INFO - 2025-03-04 07:33:55 --> Session: Class initialized using 'CodeIgniter\Session\Handlers\FileHandler' driver.
WARNING - 2025-03-04 07:33:55 --> [DEPRECATED] Optional parameter $field declared before required parameter $toRemove is implicitly treated as a required parameter in APPPATH\Models\Gear_Product_Model.php on line 61.
 1 SYSTEMPATH\Autoloader\Autoloader.php(317): include_once('C:\\xampp\\htdocs\\INM_Audio\\system\\Debug\\Exceptions.php')
 2 SYSTEMPATH\Autoloader\Autoloader.php(296): CodeIgniter\Autoloader\Autoloader->includeFile('C:\\xampp\\htdocs\\INM_Audio\\app\\Models\\Gear_Product_Model.php')
 3 SYSTEMPATH\Autoloader\Autoloader.php(272): CodeIgniter\Autoloader\Autoloader->loadInNamespace('App\\Models\\Gear_Product_Model')
 4 APPPATH\Controllers\Helpers\LoadersController.php(193): CodeIgniter\Autoloader\Autoloader->loadClass('App\\Models\\Gear_Product_Model')
 5 APPPATH\Controllers\Helpers\LoadersController.php(76): App\Controllers\Helpers\LoadersController->loadGears()
 6 APPPATH\Controllers\HomeController.php(34): App\Controllers\Helpers\LoadersController->requireMethod('gears')
 7 SYSTEMPATH\CodeIgniter.php(933): App\Controllers\HomeController->library()
 8 SYSTEMPATH\CodeIgniter.php(509): CodeIgniter\CodeIgniter->runController(Object(App\Controllers\HomeController))
 9 SYSTEMPATH\CodeIgniter.php(355): CodeIgniter\CodeIgniter->handleRequest(null, Object(Config\Cache), false)
10 SYSTEMPATH\Boot.php(325): CodeIgniter\CodeIgniter->run()
11 SYSTEMPATH\Boot.php(67): CodeIgniter\Boot::runCodeIgniter(Object(CodeIgniter\CodeIgniter))
12 FCPATH\index.php(56): CodeIgniter\Boot::bootWeb(Object(Config\Paths))
INFO - 2025-03-04 09:06:00 --> Session: Class initialized using 'CodeIgniter\Session\Handlers\FileHandler' driver.
INFO - 2025-03-04 09:09:21 --> Session: Class initialized using 'CodeIgniter\Session\Handlers\FileHandler' driver.
INFO - 2025-03-04 09:09:22 --> Session: Class initialized using 'CodeIgniter\Session\Handlers\FileHandler' driver.
WARNING - 2025-03-04 09:09:22 --> [DEPRECATED] Optional parameter $field declared before required parameter $toRemove is implicitly treated as a required parameter in APPPATH\Models\Gear_Product_Model.php on line 61.
 1 SYSTEMPATH\Autoloader\Autoloader.php(317): include_once('C:\\xampp\\htdocs\\INM_Audio\\system\\Debug\\Exceptions.php')
 2 SYSTEMPATH\Autoloader\Autoloader.php(296): CodeIgniter\Autoloader\Autoloader->includeFile('C:\\xampp\\htdocs\\INM_Audio\\app\\Models\\Gear_Product_Model.php')
 3 SYSTEMPATH\Autoloader\Autoloader.php(272): CodeIgniter\Autoloader\Autoloader->loadInNamespace('App\\Models\\Gear_Product_Model')
 4 APPPATH\Controllers\Helpers\LoadersController.php(193): CodeIgniter\Autoloader\Autoloader->loadClass('App\\Models\\Gear_Product_Model')
 5 APPPATH\Controllers\Helpers\LoadersController.php(76): App\Controllers\Helpers\LoadersController->loadGears()
 6 APPPATH\Controllers\HomeController.php(34): App\Controllers\Helpers\LoadersController->requireMethod('gears')
 7 SYSTEMPATH\CodeIgniter.php(933): App\Controllers\HomeController->library()
 8 SYSTEMPATH\CodeIgniter.php(509): CodeIgniter\CodeIgniter->runController(Object(App\Controllers\HomeController))
 9 SYSTEMPATH\CodeIgniter.php(355): CodeIgniter\CodeIgniter->handleRequest(null, Object(Config\Cache), false)
10 SYSTEMPATH\Boot.php(325): CodeIgniter\CodeIgniter->run()
11 SYSTEMPATH\Boot.php(67): CodeIgniter\Boot::runCodeIgniter(Object(CodeIgniter\CodeIgniter))
12 FCPATH\index.php(56): CodeIgniter\Boot::bootWeb(Object(Config\Paths))
INFO - 2025-03-04 09:46:58 --> Session: Class initialized using 'CodeIgniter\Session\Handlers\FileHandler' driver.
WARNING - 2025-03-04 09:46:58 --> [DEPRECATED] Optional parameter $field declared before required parameter $toRemove is implicitly treated as a required parameter in APPPATH\Models\Gear_Product_Model.php on line 61.
 1 SYSTEMPATH\Autoloader\Autoloader.php(317): include_once('C:\\xampp\\htdocs\\INM_Audio\\system\\Debug\\Exceptions.php')
 2 SYSTEMPATH\Autoloader\Autoloader.php(296): CodeIgniter\Autoloader\Autoloader->includeFile('C:\\xampp\\htdocs\\INM_Audio\\app\\Models\\Gear_Product_Model.php')
 3 SYSTEMPATH\Autoloader\Autoloader.php(272): CodeIgniter\Autoloader\Autoloader->loadInNamespace('App\\Models\\Gear_Product_Model')
 4 APPPATH\Controllers\Helpers\LoadersController.php(193): CodeIgniter\Autoloader\Autoloader->loadClass('App\\Models\\Gear_Product_Model')
 5 APPPATH\Controllers\Helpers\LoadersController.php(76): App\Controllers\Helpers\LoadersController->loadGears()
 6 APPPATH\Controllers\HomeController.php(34): App\Controllers\Helpers\LoadersController->requireMethod('gears')
 7 SYSTEMPATH\CodeIgniter.php(933): App\Controllers\HomeController->library()
 8 SYSTEMPATH\CodeIgniter.php(509): CodeIgniter\CodeIgniter->runController(Object(App\Controllers\HomeController))
 9 SYSTEMPATH\CodeIgniter.php(355): CodeIgniter\CodeIgniter->handleRequest(null, Object(Config\Cache), false)
10 SYSTEMPATH\Boot.php(325): CodeIgniter\CodeIgniter->run()
11 SYSTEMPATH\Boot.php(67): CodeIgniter\Boot::runCodeIgniter(Object(CodeIgniter\CodeIgniter))
12 FCPATH\index.php(56): CodeIgniter\Boot::bootWeb(Object(Config\Paths))
INFO - 2025-03-04 09:47:00 --> Session: Class initialized using 'CodeIgniter\Session\Handlers\FileHandler' driver.
INFO - 2025-03-04 10:34:53 --> Session: Class initialized using 'CodeIgniter\Session\Handlers\FileHandler' driver.
INFO - 2025-03-04 10:37:12 --> Session: Class initialized using 'CodeIgniter\Session\Handlers\FileHandler' driver.
INFO - 2025-03-04 10:37:59 --> Session: Class initialized using 'CodeIgniter\Session\Handlers\FileHandler' driver.
INFO - 2025-03-04 10:42:14 --> Session: Class initialized using 'CodeIgniter\Session\Handlers\FileHandler' driver.
INFO - 2025-03-04 10:42:33 --> Session: Class initialized using 'CodeIgniter\Session\Handlers\FileHandler' driver.
INFO - 2025-03-04 10:48:56 --> Session: Class initialized using 'CodeIgniter\Session\Handlers\FileHandler' driver.
WARNING - 2025-03-04 10:48:56 --> [DEPRECATED] Optional parameter $field declared before required parameter $toRemove is implicitly treated as a required parameter in APPPATH\Models\Gear_Product_Model.php on line 61.
 1 SYSTEMPATH\Autoloader\Autoloader.php(317): include_once('C:\\xampp\\htdocs\\INM_Audio\\system\\Debug\\Exceptions.php')
 2 SYSTEMPATH\Autoloader\Autoloader.php(296): CodeIgniter\Autoloader\Autoloader->includeFile('C:\\xampp\\htdocs\\INM_Audio\\app\\Models\\Gear_Product_Model.php')
 3 SYSTEMPATH\Autoloader\Autoloader.php(272): CodeIgniter\Autoloader\Autoloader->loadInNamespace('App\\Models\\Gear_Product_Model')
 4 APPPATH\Controllers\Helpers\LoadersController.php(193): CodeIgniter\Autoloader\Autoloader->loadClass('App\\Models\\Gear_Product_Model')
 5 APPPATH\Controllers\Helpers\LoadersController.php(76): App\Controllers\Helpers\LoadersController->loadGears()
 6 APPPATH\Controllers\HomeController.php(34): App\Controllers\Helpers\LoadersController->requireMethod('gears')
 7 SYSTEMPATH\CodeIgniter.php(933): App\Controllers\HomeController->library()
 8 SYSTEMPATH\CodeIgniter.php(509): CodeIgniter\CodeIgniter->runController(Object(App\Controllers\HomeController))
 9 SYSTEMPATH\CodeIgniter.php(355): CodeIgniter\CodeIgniter->handleRequest(null, Object(Config\Cache), false)
10 SYSTEMPATH\Boot.php(325): CodeIgniter\CodeIgniter->run()
11 SYSTEMPATH\Boot.php(67): CodeIgniter\Boot::runCodeIgniter(Object(CodeIgniter\CodeIgniter))
12 FCPATH\index.php(56): CodeIgniter\Boot::bootWeb(Object(Config\Paths))
INFO - 2025-03-04 10:48:59 --> Session: Class initialized using 'CodeIgniter\Session\Handlers\FileHandler' driver.
WARNING - 2025-03-04 10:48:59 --> [DEPRECATED] Optional parameter $field declared before required parameter $toRemove is implicitly treated as a required parameter in APPPATH\Models\Gear_Product_Model.php on line 61.
 1 SYSTEMPATH\Autoloader\Autoloader.php(317): include_once('C:\\xampp\\htdocs\\INM_Audio\\system\\Debug\\Exceptions.php')
 2 SYSTEMPATH\Autoloader\Autoloader.php(296): CodeIgniter\Autoloader\Autoloader->includeFile('C:\\xampp\\htdocs\\INM_Audio\\app\\Models\\Gear_Product_Model.php')
 3 SYSTEMPATH\Autoloader\Autoloader.php(272): CodeIgniter\Autoloader\Autoloader->loadInNamespace('App\\Models\\Gear_Product_Model')
 4 APPPATH\Controllers\Helpers\LoadersController.php(193): CodeIgniter\Autoloader\Autoloader->loadClass('App\\Models\\Gear_Product_Model')
 5 APPPATH\Controllers\Helpers\LoadersController.php(76): App\Controllers\Helpers\LoadersController->loadGears()
 6 APPPATH\Controllers\HomeController.php(34): App\Controllers\Helpers\LoadersController->requireMethod('gears')
 7 SYSTEMPATH\CodeIgniter.php(933): App\Controllers\HomeController->library()
 8 SYSTEMPATH\CodeIgniter.php(509): CodeIgniter\CodeIgniter->runController(Object(App\Controllers\HomeController))
 9 SYSTEMPATH\CodeIgniter.php(355): CodeIgniter\CodeIgniter->handleRequest(null, Object(Config\Cache), false)
10 SYSTEMPATH\Boot.php(325): CodeIgniter\CodeIgniter->run()
11 SYSTEMPATH\Boot.php(67): CodeIgniter\Boot::runCodeIgniter(Object(CodeIgniter\CodeIgniter))
12 FCPATH\index.php(56): CodeIgniter\Boot::bootWeb(Object(Config\Paths))
INFO - 2025-03-04 10:49:19 --> Session: Class initialized using 'CodeIgniter\Session\Handlers\FileHandler' driver.
WARNING - 2025-03-04 10:49:19 --> [DEPRECATED] Optional parameter $field declared before required parameter $toRemove is implicitly treated as a required parameter in APPPATH\Models\Gear_Product_Model.php on line 61.
 1 SYSTEMPATH\Autoloader\Autoloader.php(317): include_once('C:\\xampp\\htdocs\\INM_Audio\\system\\Debug\\Exceptions.php')
 2 SYSTEMPATH\Autoloader\Autoloader.php(296): CodeIgniter\Autoloader\Autoloader->includeFile('C:\\xampp\\htdocs\\INM_Audio\\app\\Models\\Gear_Product_Model.php')
 3 SYSTEMPATH\Autoloader\Autoloader.php(272): CodeIgniter\Autoloader\Autoloader->loadInNamespace('App\\Models\\Gear_Product_Model')
 4 APPPATH\Controllers\Helpers\LoadersController.php(193): CodeIgniter\Autoloader\Autoloader->loadClass('App\\Models\\Gear_Product_Model')
 5 APPPATH\Controllers\Helpers\LoadersController.php(76): App\Controllers\Helpers\LoadersController->loadGears()
 6 APPPATH\Controllers\HomeController.php(34): App\Controllers\Helpers\LoadersController->requireMethod('gears')
 7 SYSTEMPATH\CodeIgniter.php(933): App\Controllers\HomeController->library()
 8 SYSTEMPATH\CodeIgniter.php(509): CodeIgniter\CodeIgniter->runController(Object(App\Controllers\HomeController))
 9 SYSTEMPATH\CodeIgniter.php(355): CodeIgniter\CodeIgniter->handleRequest(null, Object(Config\Cache), false)
10 SYSTEMPATH\Boot.php(325): CodeIgniter\CodeIgniter->run()
11 SYSTEMPATH\Boot.php(67): CodeIgniter\Boot::runCodeIgniter(Object(CodeIgniter\CodeIgniter))
12 FCPATH\index.php(56): CodeIgniter\Boot::bootWeb(Object(Config\Paths))
INFO - 2025-03-04 10:49:21 --> Session: Class initialized using 'CodeIgniter\Session\Handlers\FileHandler' driver.
INFO - 2025-03-04 10:49:22 --> Session: Class initialized using 'CodeIgniter\Session\Handlers\FileHandler' driver.
WARNING - 2025-03-04 10:49:22 --> [DEPRECATED] Optional parameter $field declared before required parameter $toRemove is implicitly treated as a required parameter in APPPATH\Models\Gear_Product_Model.php on line 61.
 1 SYSTEMPATH\Autoloader\Autoloader.php(317): include_once('C:\\xampp\\htdocs\\INM_Audio\\system\\Debug\\Exceptions.php')
 2 SYSTEMPATH\Autoloader\Autoloader.php(296): CodeIgniter\Autoloader\Autoloader->includeFile('C:\\xampp\\htdocs\\INM_Audio\\app\\Models\\Gear_Product_Model.php')
 3 SYSTEMPATH\Autoloader\Autoloader.php(272): CodeIgniter\Autoloader\Autoloader->loadInNamespace('App\\Models\\Gear_Product_Model')
 4 APPPATH\Controllers\Helpers\LoadersController.php(193): CodeIgniter\Autoloader\Autoloader->loadClass('App\\Models\\Gear_Product_Model')
 5 APPPATH\Controllers\Helpers\LoadersController.php(76): App\Controllers\Helpers\LoadersController->loadGears()
 6 APPPATH\Controllers\HomeController.php(34): App\Controllers\Helpers\LoadersController->requireMethod('gears')
 7 SYSTEMPATH\CodeIgniter.php(933): App\Controllers\HomeController->library()
 8 SYSTEMPATH\CodeIgniter.php(509): CodeIgniter\CodeIgniter->runController(Object(App\Controllers\HomeController))
 9 SYSTEMPATH\CodeIgniter.php(355): CodeIgniter\CodeIgniter->handleRequest(null, Object(Config\Cache), false)
10 SYSTEMPATH\Boot.php(325): CodeIgniter\CodeIgniter->run()
11 SYSTEMPATH\Boot.php(67): CodeIgniter\Boot::runCodeIgniter(Object(CodeIgniter\CodeIgniter))
12 FCPATH\index.php(56): CodeIgniter\Boot::bootWeb(Object(Config\Paths))
INFO - 2025-03-04 10:49:23 --> Session: Class initialized using 'CodeIgniter\Session\Handlers\FileHandler' driver.
INFO - 2025-03-04 10:49:25 --> Session: Class initialized using 'CodeIgniter\Session\Handlers\FileHandler' driver.
WARNING - 2025-03-04 10:49:25 --> [DEPRECATED] Optional parameter $field declared before required parameter $toRemove is implicitly treated as a required parameter in APPPATH\Models\Gear_Product_Model.php on line 61.
 1 SYSTEMPATH\Autoloader\Autoloader.php(317): include_once('C:\\xampp\\htdocs\\INM_Audio\\system\\Debug\\Exceptions.php')
 2 SYSTEMPATH\Autoloader\Autoloader.php(296): CodeIgniter\Autoloader\Autoloader->includeFile('C:\\xampp\\htdocs\\INM_Audio\\app\\Models\\Gear_Product_Model.php')
 3 SYSTEMPATH\Autoloader\Autoloader.php(272): CodeIgniter\Autoloader\Autoloader->loadInNamespace('App\\Models\\Gear_Product_Model')
 4 APPPATH\Controllers\Helpers\LoadersController.php(193): CodeIgniter\Autoloader\Autoloader->loadClass('App\\Models\\Gear_Product_Model')
 5 APPPATH\Controllers\Helpers\LoadersController.php(76): App\Controllers\Helpers\LoadersController->loadGears()
 6 APPPATH\Controllers\HomeController.php(34): App\Controllers\Helpers\LoadersController->requireMethod('gears')
 7 SYSTEMPATH\CodeIgniter.php(933): App\Controllers\HomeController->library()
 8 SYSTEMPATH\CodeIgniter.php(509): CodeIgniter\CodeIgniter->runController(Object(App\Controllers\HomeController))
 9 SYSTEMPATH\CodeIgniter.php(355): CodeIgniter\CodeIgniter->handleRequest(null, Object(Config\Cache), false)
10 SYSTEMPATH\Boot.php(325): CodeIgniter\CodeIgniter->run()
11 SYSTEMPATH\Boot.php(67): CodeIgniter\Boot::runCodeIgniter(Object(CodeIgniter\CodeIgniter))
12 FCPATH\index.php(56): CodeIgniter\Boot::bootWeb(Object(Config\Paths))
INFO - 2025-03-04 10:49:35 --> Session: Class initialized using 'CodeIgniter\Session\Handlers\FileHandler' driver.
INFO - 2025-03-04 10:49:36 --> Session: Class initialized using 'CodeIgniter\Session\Handlers\FileHandler' driver.
WARNING - 2025-03-04 10:49:36 --> [DEPRECATED] Optional parameter $field declared before required parameter $toRemove is implicitly treated as a required parameter in APPPATH\Models\Gear_Product_Model.php on line 61.
 1 SYSTEMPATH\Autoloader\Autoloader.php(317): include_once('C:\\xampp\\htdocs\\INM_Audio\\system\\Debug\\Exceptions.php')
 2 SYSTEMPATH\Autoloader\Autoloader.php(296): CodeIgniter\Autoloader\Autoloader->includeFile('C:\\xampp\\htdocs\\INM_Audio\\app\\Models\\Gear_Product_Model.php')
 3 SYSTEMPATH\Autoloader\Autoloader.php(272): CodeIgniter\Autoloader\Autoloader->loadInNamespace('App\\Models\\Gear_Product_Model')
 4 APPPATH\Controllers\Helpers\LoadersController.php(193): CodeIgniter\Autoloader\Autoloader->loadClass('App\\Models\\Gear_Product_Model')
 5 APPPATH\Controllers\Helpers\LoadersController.php(76): App\Controllers\Helpers\LoadersController->loadGears()
 6 APPPATH\Controllers\HomeController.php(34): App\Controllers\Helpers\LoadersController->requireMethod('gears')
 7 SYSTEMPATH\CodeIgniter.php(933): App\Controllers\HomeController->library()
 8 SYSTEMPATH\CodeIgniter.php(509): CodeIgniter\CodeIgniter->runController(Object(App\Controllers\HomeController))
 9 SYSTEMPATH\CodeIgniter.php(355): CodeIgniter\CodeIgniter->handleRequest(null, Object(Config\Cache), false)
10 SYSTEMPATH\Boot.php(325): CodeIgniter\CodeIgniter->run()
11 SYSTEMPATH\Boot.php(67): CodeIgniter\Boot::runCodeIgniter(Object(CodeIgniter\CodeIgniter))
12 FCPATH\index.php(56): CodeIgniter\Boot::bootWeb(Object(Config\Paths))
INFO - 2025-03-04 10:49:51 --> Session: Class initialized using 'CodeIgniter\Session\Handlers\FileHandler' driver.
INFO - 2025-03-04 10:49:53 --> Session: Class initialized using 'CodeIgniter\Session\Handlers\FileHandler' driver.
WARNING - 2025-03-04 10:49:53 --> [DEPRECATED] Optional parameter $field declared before required parameter $toRemove is implicitly treated as a required parameter in APPPATH\Models\Gear_Product_Model.php on line 61.
 1 SYSTEMPATH\Autoloader\Autoloader.php(317): include_once('C:\\xampp\\htdocs\\INM_Audio\\system\\Debug\\Exceptions.php')
 2 SYSTEMPATH\Autoloader\Autoloader.php(296): CodeIgniter\Autoloader\Autoloader->includeFile('C:\\xampp\\htdocs\\INM_Audio\\app\\Models\\Gear_Product_Model.php')
 3 SYSTEMPATH\Autoloader\Autoloader.php(272): CodeIgniter\Autoloader\Autoloader->loadInNamespace('App\\Models\\Gear_Product_Model')
 4 APPPATH\Controllers\Helpers\LoadersController.php(193): CodeIgniter\Autoloader\Autoloader->loadClass('App\\Models\\Gear_Product_Model')
 5 APPPATH\Controllers\Helpers\LoadersController.php(76): App\Controllers\Helpers\LoadersController->loadGears()
 6 APPPATH\Controllers\HomeController.php(34): App\Controllers\Helpers\LoadersController->requireMethod('gears')
 7 SYSTEMPATH\CodeIgniter.php(933): App\Controllers\HomeController->library()
 8 SYSTEMPATH\CodeIgniter.php(509): CodeIgniter\CodeIgniter->runController(Object(App\Controllers\HomeController))
 9 SYSTEMPATH\CodeIgniter.php(355): CodeIgniter\CodeIgniter->handleRequest(null, Object(Config\Cache), false)
10 SYSTEMPATH\Boot.php(325): CodeIgniter\CodeIgniter->run()
11 SYSTEMPATH\Boot.php(67): CodeIgniter\Boot::runCodeIgniter(Object(CodeIgniter\CodeIgniter))
12 FCPATH\index.php(56): CodeIgniter\Boot::bootWeb(Object(Config\Paths))
INFO - 2025-03-04 10:49:54 --> Session: Class initialized using 'CodeIgniter\Session\Handlers\FileHandler' driver.
INFO - 2025-03-04 10:49:56 --> Session: Class initialized using 'CodeIgniter\Session\Handlers\FileHandler' driver.
WARNING - 2025-03-04 10:49:56 --> [DEPRECATED] Optional parameter $field declared before required parameter $toRemove is implicitly treated as a required parameter in APPPATH\Models\Gear_Product_Model.php on line 61.
 1 SYSTEMPATH\Autoloader\Autoloader.php(317): include_once('C:\\xampp\\htdocs\\INM_Audio\\system\\Debug\\Exceptions.php')
 2 SYSTEMPATH\Autoloader\Autoloader.php(296): CodeIgniter\Autoloader\Autoloader->includeFile('C:\\xampp\\htdocs\\INM_Audio\\app\\Models\\Gear_Product_Model.php')
 3 SYSTEMPATH\Autoloader\Autoloader.php(272): CodeIgniter\Autoloader\Autoloader->loadInNamespace('App\\Models\\Gear_Product_Model')
 4 APPPATH\Controllers\Helpers\LoadersController.php(193): CodeIgniter\Autoloader\Autoloader->loadClass('App\\Models\\Gear_Product_Model')
 5 APPPATH\Controllers\Helpers\LoadersController.php(76): App\Controllers\Helpers\LoadersController->loadGears()
 6 APPPATH\Controllers\HomeController.php(34): App\Controllers\Helpers\LoadersController->requireMethod('gears')
 7 SYSTEMPATH\CodeIgniter.php(933): App\Controllers\HomeController->library()
 8 SYSTEMPATH\CodeIgniter.php(509): CodeIgniter\CodeIgniter->runController(Object(App\Controllers\HomeController))
 9 SYSTEMPATH\CodeIgniter.php(355): CodeIgniter\CodeIgniter->handleRequest(null, Object(Config\Cache), false)
10 SYSTEMPATH\Boot.php(325): CodeIgniter\CodeIgniter->run()
11 SYSTEMPATH\Boot.php(67): CodeIgniter\Boot::runCodeIgniter(Object(CodeIgniter\CodeIgniter))
12 FCPATH\index.php(56): CodeIgniter\Boot::bootWeb(Object(Config\Paths))
INFO - 2025-03-04 10:49:57 --> Session: Class initialized using 'CodeIgniter\Session\Handlers\FileHandler' driver.
INFO - 2025-03-04 10:49:58 --> Session: Class initialized using 'CodeIgniter\Session\Handlers\FileHandler' driver.
WARNING - 2025-03-04 10:49:58 --> [DEPRECATED] Optional parameter $field declared before required parameter $toRemove is implicitly treated as a required parameter in APPPATH\Models\Gear_Product_Model.php on line 61.
 1 SYSTEMPATH\Autoloader\Autoloader.php(317): include_once('C:\\xampp\\htdocs\\INM_Audio\\system\\Debug\\Exceptions.php')
 2 SYSTEMPATH\Autoloader\Autoloader.php(296): CodeIgniter\Autoloader\Autoloader->includeFile('C:\\xampp\\htdocs\\INM_Audio\\app\\Models\\Gear_Product_Model.php')
 3 SYSTEMPATH\Autoloader\Autoloader.php(272): CodeIgniter\Autoloader\Autoloader->loadInNamespace('App\\Models\\Gear_Product_Model')
 4 APPPATH\Controllers\Helpers\LoadersController.php(193): CodeIgniter\Autoloader\Autoloader->loadClass('App\\Models\\Gear_Product_Model')
 5 APPPATH\Controllers\Helpers\LoadersController.php(76): App\Controllers\Helpers\LoadersController->loadGears()
 6 APPPATH\Controllers\HomeController.php(34): App\Controllers\Helpers\LoadersController->requireMethod('gears')
 7 SYSTEMPATH\CodeIgniter.php(933): App\Controllers\HomeController->library()
 8 SYSTEMPATH\CodeIgniter.php(509): CodeIgniter\CodeIgniter->runController(Object(App\Controllers\HomeController))
 9 SYSTEMPATH\CodeIgniter.php(355): CodeIgniter\CodeIgniter->handleRequest(null, Object(Config\Cache), false)
10 SYSTEMPATH\Boot.php(325): CodeIgniter\CodeIgniter->run()
11 SYSTEMPATH\Boot.php(67): CodeIgniter\Boot::runCodeIgniter(Object(CodeIgniter\CodeIgniter))
12 FCPATH\index.php(56): CodeIgniter\Boot::bootWeb(Object(Config\Paths))
INFO - 2025-03-04 10:49:59 --> Session: Class initialized using 'CodeIgniter\Session\Handlers\FileHandler' driver.
INFO - 2025-03-04 10:50:09 --> Session: Class initialized using 'CodeIgniter\Session\Handlers\FileHandler' driver.
INFO - 2025-03-04 10:50:14 --> Session: Class initialized using 'CodeIgniter\Session\Handlers\FileHandler' driver.
INFO - 2025-03-04 10:50:15 --> Session: Class initialized using 'CodeIgniter\Session\Handlers\FileHandler' driver.
WARNING - 2025-03-04 10:50:15 --> [DEPRECATED] Optional parameter $field declared before required parameter $toRemove is implicitly treated as a required parameter in APPPATH\Models\Gear_Product_Model.php on line 61.
 1 SYSTEMPATH\Autoloader\Autoloader.php(317): include_once('C:\\xampp\\htdocs\\INM_Audio\\system\\Debug\\Exceptions.php')
 2 SYSTEMPATH\Autoloader\Autoloader.php(296): CodeIgniter\Autoloader\Autoloader->includeFile('C:\\xampp\\htdocs\\INM_Audio\\app\\Models\\Gear_Product_Model.php')
 3 SYSTEMPATH\Autoloader\Autoloader.php(272): CodeIgniter\Autoloader\Autoloader->loadInNamespace('App\\Models\\Gear_Product_Model')
 4 APPPATH\Controllers\Helpers\LoadersController.php(193): CodeIgniter\Autoloader\Autoloader->loadClass('App\\Models\\Gear_Product_Model')
 5 APPPATH\Controllers\Helpers\LoadersController.php(76): App\Controllers\Helpers\LoadersController->loadGears()
 6 APPPATH\Controllers\AdminController.php(53): App\Controllers\Helpers\LoadersController->requireMethod('gears')
 7 SYSTEMPATH\CodeIgniter.php(933): App\Controllers\AdminController->dashboard()
 8 SYSTEMPATH\CodeIgniter.php(509): CodeIgniter\CodeIgniter->runController(Object(App\Controllers\AdminController))
 9 SYSTEMPATH\CodeIgniter.php(355): CodeIgniter\CodeIgniter->handleRequest(null, Object(Config\Cache), false)
10 SYSTEMPATH\Boot.php(325): CodeIgniter\CodeIgniter->run()
11 SYSTEMPATH\Boot.php(67): CodeIgniter\Boot::runCodeIgniter(Object(CodeIgniter\CodeIgniter))
12 FCPATH\index.php(56): CodeIgniter\Boot::bootWeb(Object(Config\Paths))
INFO - 2025-03-04 10:50:16 --> Session: Class initialized using 'CodeIgniter\Session\Handlers\FileHandler' driver.
WARNING - 2025-03-04 10:50:16 --> [DEPRECATED] Optional parameter $field declared before required parameter $toRemove is implicitly treated as a required parameter in APPPATH\Models\Gear_Product_Model.php on line 61.
 1 SYSTEMPATH\Autoloader\Autoloader.php(317): include_once('C:\\xampp\\htdocs\\INM_Audio\\system\\Debug\\Exceptions.php')
 2 SYSTEMPATH\Autoloader\Autoloader.php(296): CodeIgniter\Autoloader\Autoloader->includeFile('C:\\xampp\\htdocs\\INM_Audio\\app\\Models\\Gear_Product_Model.php')
 3 SYSTEMPATH\Autoloader\Autoloader.php(272): CodeIgniter\Autoloader\Autoloader->loadInNamespace('App\\Models\\Gear_Product_Model')
 4 APPPATH\Controllers\Helpers\LoadersController.php(193): CodeIgniter\Autoloader\Autoloader->loadClass('App\\Models\\Gear_Product_Model')
 5 APPPATH\Controllers\Helpers\LoadersController.php(76): App\Controllers\Helpers\LoadersController->loadGears()
 6 APPPATH\Controllers\AdminController.php(721): App\Controllers\Helpers\LoadersController->requireMethod('gears')
 7 SYSTEMPATH\CodeIgniter.php(933): App\Controllers\AdminController->getProductTrends()
 8 SYSTEMPATH\CodeIgniter.php(509): CodeIgniter\CodeIgniter->runController(Object(App\Controllers\AdminController))
 9 SYSTEMPATH\CodeIgniter.php(355): CodeIgniter\CodeIgniter->handleRequest(null, Object(Config\Cache), false)
10 SYSTEMPATH\Boot.php(325): CodeIgniter\CodeIgniter->run()
11 SYSTEMPATH\Boot.php(67): CodeIgniter\Boot::runCodeIgniter(Object(CodeIgniter\CodeIgniter))
12 FCPATH\index.php(56): CodeIgniter\Boot::bootWeb(Object(Config\Paths))
INFO - 2025-03-04 10:50:16 --> Session: Class initialized using 'CodeIgniter\Session\Handlers\FileHandler' driver.
INFO - 2025-03-04 10:50:18 --> Session: Class initialized using 'CodeIgniter\Session\Handlers\FileHandler' driver.
INFO - 2025-03-04 10:50:19 --> Session: Class initialized using 'CodeIgniter\Session\Handlers\FileHandler' driver.
INFO - 2025-03-04 10:50:19 --> Session: Class initialized using 'CodeIgniter\Session\Handlers\FileHandler' driver.
INFO - 2025-03-04 10:50:20 --> Session: Class initialized using 'CodeIgniter\Session\Handlers\FileHandler' driver.
INFO - 2025-03-04 10:50:22 --> Session: Class initialized using 'CodeIgniter\Session\Handlers\FileHandler' driver.
INFO - 2025-03-04 10:50:27 --> Session: Class initialized using 'CodeIgniter\Session\Handlers\FileHandler' driver.
INFO - 2025-03-04 10:50:27 --> Session: Class initialized using 'CodeIgniter\Session\Handlers\FileHandler' driver.
INFO - 2025-03-04 10:50:29 --> Session: Class initialized using 'CodeIgniter\Session\Handlers\FileHandler' driver.
WARNING - 2025-03-04 10:50:29 --> [DEPRECATED] Optional parameter $field declared before required parameter $toRemove is implicitly treated as a required parameter in APPPATH\Models\Gear_Product_Model.php on line 61.
 1 SYSTEMPATH\Autoloader\Autoloader.php(317): include_once('C:\\xampp\\htdocs\\INM_Audio\\system\\Debug\\Exceptions.php')
 2 SYSTEMPATH\Autoloader\Autoloader.php(296): CodeIgniter\Autoloader\Autoloader->includeFile('C:\\xampp\\htdocs\\INM_Audio\\app\\Models\\Gear_Product_Model.php')
 3 SYSTEMPATH\Autoloader\Autoloader.php(272): CodeIgniter\Autoloader\Autoloader->loadInNamespace('App\\Models\\Gear_Product_Model')
 4 APPPATH\Controllers\Helpers\LoadersController.php(193): CodeIgniter\Autoloader\Autoloader->loadClass('App\\Models\\Gear_Product_Model')
 5 APPPATH\Controllers\Helpers\LoadersController.php(76): App\Controllers\Helpers\LoadersController->loadGears()
 6 APPPATH\Controllers\HomeController.php(34): App\Controllers\Helpers\LoadersController->requireMethod('gears')
 7 SYSTEMPATH\CodeIgniter.php(933): App\Controllers\HomeController->library()
 8 SYSTEMPATH\CodeIgniter.php(509): CodeIgniter\CodeIgniter->runController(Object(App\Controllers\HomeController))
 9 SYSTEMPATH\CodeIgniter.php(355): CodeIgniter\CodeIgniter->handleRequest(null, Object(Config\Cache), false)
10 SYSTEMPATH\Boot.php(325): CodeIgniter\CodeIgniter->run()
11 SYSTEMPATH\Boot.php(67): CodeIgniter\Boot::runCodeIgniter(Object(CodeIgniter\CodeIgniter))
12 FCPATH\index.php(56): CodeIgniter\Boot::bootWeb(Object(Config\Paths))
INFO - 2025-03-04 10:50:30 --> Session: Class initialized using 'CodeIgniter\Session\Handlers\FileHandler' driver.
INFO - 2025-03-04 10:58:29 --> Session: Class initialized using 'CodeIgniter\Session\Handlers\FileHandler' driver.
WARNING - 2025-03-04 10:58:29 --> [DEPRECATED] Optional parameter $field declared before required parameter $toRemove is implicitly treated as a required parameter in APPPATH\Models\Gear_Product_Model.php on line 61.
 1 SYSTEMPATH\Autoloader\Autoloader.php(317): include_once('C:\\xampp\\htdocs\\INM_Audio\\system\\Debug\\Exceptions.php')
 2 SYSTEMPATH\Autoloader\Autoloader.php(296): CodeIgniter\Autoloader\Autoloader->includeFile('C:\\xampp\\htdocs\\INM_Audio\\app\\Models\\Gear_Product_Model.php')
 3 SYSTEMPATH\Autoloader\Autoloader.php(272): CodeIgniter\Autoloader\Autoloader->loadInNamespace('App\\Models\\Gear_Product_Model')
 4 APPPATH\Controllers\Helpers\LoadersController.php(193): CodeIgniter\Autoloader\Autoloader->loadClass('App\\Models\\Gear_Product_Model')
 5 APPPATH\Controllers\Helpers\LoadersController.php(76): App\Controllers\Helpers\LoadersController->loadGears()
 6 APPPATH\Controllers\HomeController.php(34): App\Controllers\Helpers\LoadersController->requireMethod('gears')
 7 SYSTEMPATH\CodeIgniter.php(933): App\Controllers\HomeController->library()
 8 SYSTEMPATH\CodeIgniter.php(509): CodeIgniter\CodeIgniter->runController(Object(App\Controllers\HomeController))
 9 SYSTEMPATH\CodeIgniter.php(355): CodeIgniter\CodeIgniter->handleRequest(null, Object(Config\Cache), false)
10 SYSTEMPATH\Boot.php(325): CodeIgniter\CodeIgniter->run()
11 SYSTEMPATH\Boot.php(67): CodeIgniter\Boot::runCodeIgniter(Object(CodeIgniter\CodeIgniter))
12 FCPATH\index.php(56): CodeIgniter\Boot::bootWeb(Object(Config\Paths))
INFO - 2025-03-04 10:58:30 --> Session: Class initialized using 'CodeIgniter\Session\Handlers\FileHandler' driver.
INFO - 2025-03-04 11:01:53 --> Session: Class initialized using 'CodeIgniter\Session\Handlers\FileHandler' driver.
INFO - 2025-03-04 11:01:56 --> Session: Class initialized using 'CodeIgniter\Session\Handlers\FileHandler' driver.
INFO - 2025-03-04 11:01:57 --> Session: Class initialized using 'CodeIgniter\Session\Handlers\FileHandler' driver.
WARNING - 2025-03-04 11:01:57 --> [DEPRECATED] Optional parameter $field declared before required parameter $toRemove is implicitly treated as a required parameter in APPPATH\Models\Gear_Product_Model.php on line 61.
 1 SYSTEMPATH\Autoloader\Autoloader.php(317): include_once('C:\\xampp\\htdocs\\INM_Audio\\system\\Debug\\Exceptions.php')
 2 SYSTEMPATH\Autoloader\Autoloader.php(296): CodeIgniter\Autoloader\Autoloader->includeFile('C:\\xampp\\htdocs\\INM_Audio\\app\\Models\\Gear_Product_Model.php')
 3 SYSTEMPATH\Autoloader\Autoloader.php(272): CodeIgniter\Autoloader\Autoloader->loadInNamespace('App\\Models\\Gear_Product_Model')
 4 APPPATH\Controllers\Helpers\LoadersController.php(193): CodeIgniter\Autoloader\Autoloader->loadClass('App\\Models\\Gear_Product_Model')
 5 APPPATH\Controllers\Helpers\LoadersController.php(76): App\Controllers\Helpers\LoadersController->loadGears()
 6 APPPATH\Controllers\HomeController.php(34): App\Controllers\Helpers\LoadersController->requireMethod('gears')
 7 SYSTEMPATH\CodeIgniter.php(933): App\Controllers\HomeController->library()
 8 SYSTEMPATH\CodeIgniter.php(509): CodeIgniter\CodeIgniter->runController(Object(App\Controllers\HomeController))
 9 SYSTEMPATH\CodeIgniter.php(355): CodeIgniter\CodeIgniter->handleRequest(null, Object(Config\Cache), false)
10 SYSTEMPATH\Boot.php(325): CodeIgniter\CodeIgniter->run()
11 SYSTEMPATH\Boot.php(67): CodeIgniter\Boot::runCodeIgniter(Object(CodeIgniter\CodeIgniter))
12 FCPATH\index.php(56): CodeIgniter\Boot::bootWeb(Object(Config\Paths))
INFO - 2025-03-04 11:01:59 --> Session: Class initialized using 'CodeIgniter\Session\Handlers\FileHandler' driver.
INFO - 2025-03-04 11:02:08 --> Session: Class initialized using 'CodeIgniter\Session\Handlers\FileHandler' driver.
INFO - 2025-03-04 11:02:13 --> Session: Class initialized using 'CodeIgniter\Session\Handlers\FileHandler' driver.
ERROR - 2025-03-04 11:02:13 --> mysqli_sql_exception: Table 'inm_audio.product_specifications' doesn't exist in C:\xampp\htdocs\INM_Audio\system\Database\MySQLi\Connection.php:312
Stack trace:
#0 C:\xampp\htdocs\INM_Audio\system\Database\MySQLi\Connection.php(312): mysqli->query('SELECT `product...', 0)
#1 C:\xampp\htdocs\INM_Audio\system\Database\BaseConnection.php(734): CodeIgniter\Database\MySQLi\Connection->execute('SELECT `product...')
#2 C:\xampp\htdocs\INM_Audio\system\Database\BaseConnection.php(648): CodeIgniter\Database\BaseConnection->simpleQuery('SELECT `product...')
#3 C:\xampp\htdocs\INM_Audio\system\Database\BaseBuilder.php(1644): CodeIgniter\Database\BaseConnection->query('SELECT `product...', Array, false)
#4 C:\xampp\htdocs\INM_Audio\app\Models\GearModel.php(19): CodeIgniter\Database\BaseBuilder->get()
#5 C:\xampp\htdocs\INM_Audio\app\Controllers\LibraryController.php(58): App\Models\GearModel->getGearWithSpecs('7')
#6 C:\xampp\htdocs\INM_Audio\system\CodeIgniter.php(933): App\Controllers\LibraryController->addToComparison()
#7 C:\xampp\htdocs\INM_Audio\system\CodeIgniter.php(509): CodeIgniter\CodeIgniter->runController(Object(App\Controllers\LibraryController))
#8 C:\xampp\htdocs\INM_Audio\system\CodeIgniter.php(355): CodeIgniter\CodeIgniter->handleRequest(NULL, Object(Config\Cache), false)
#9 C:\xampp\htdocs\INM_Audio\system\Boot.php(325): CodeIgniter\CodeIgniter->run()
#10 C:\xampp\htdocs\INM_Audio\system\Boot.php(67): CodeIgniter\Boot::runCodeIgniter(Object(CodeIgniter\CodeIgniter))
#11 C:\xampp\htdocs\INM_Audio\public\index.php(56): CodeIgniter\Boot::bootWeb(Object(Config\Paths))
#12 {main}
CRITICAL - 2025-03-04 11:02:13 --> CodeIgniter\Database\Exceptions\DatabaseException: Table 'inm_audio.product_specifications' doesn't exist
[Method: POST, Route: library/addToComparison]
in SYSTEMPATH\Database\BaseConnection.php on line 688.
 1 SYSTEMPATH\Database\BaseBuilder.php(1644): CodeIgniter\Database\BaseConnection->query('SELECT `products`.*, `product_specifications`.`driver_type`, `product_specifications`.`cable_type`, `product_specifications`.`frequency_range`
FROM `products`
LEFT JOIN `product_specifications` ON `products`.`product_id` = `product_specifications`.`product_id`
WHERE `products`.`product_id` = :products.product_id:', [...], false)
 2 APPPATH\Models\GearModel.php(19): CodeIgniter\Database\BaseBuilder->get()
 3 APPPATH\Controllers\LibraryController.php(58): App\Models\GearModel->getGearWithSpecs('7')
 4 SYSTEMPATH\CodeIgniter.php(933): App\Controllers\LibraryController->addToComparison()
 5 SYSTEMPATH\CodeIgniter.php(509): CodeIgniter\CodeIgniter->runController(Object(App\Controllers\LibraryController))
 6 SYSTEMPATH\CodeIgniter.php(355): CodeIgniter\CodeIgniter->handleRequest(null, Object(Config\Cache), false)
 7 SYSTEMPATH\Boot.php(325): CodeIgniter\CodeIgniter->run()
 8 SYSTEMPATH\Boot.php(67): CodeIgniter\Boot::runCodeIgniter(Object(CodeIgniter\CodeIgniter))
 9 FCPATH\index.php(56): CodeIgniter\Boot::bootWeb(Object(Config\Paths))
CRITICAL - 2025-03-04 11:02:13 --> [Caused by] CodeIgniter\Database\Exceptions\DatabaseException: Table 'inm_audio.product_specifications' doesn't exist
in SYSTEMPATH\Database\MySQLi\Connection.php on line 317.
 1 SYSTEMPATH\Database\BaseConnection.php(734): CodeIgniter\Database\MySQLi\Connection->execute('SELECT `products`.*, `product_specifications`.`driver_type`, `product_specifications`.`cable_type`, `product_specifications`.`frequency_range`
FROM `products`
LEFT JOIN `product_specifications` ON `products`.`product_id` = `product_specifications`.`product_id`
WHERE `products`.`product_id` = \'7\'')
 2 SYSTEMPATH\Database\BaseConnection.php(648): CodeIgniter\Database\BaseConnection->simpleQuery('SELECT `products`.*, `product_specifications`.`driver_type`, `product_specifications`.`cable_type`, `product_specifications`.`frequency_range`
FROM `products`
LEFT JOIN `product_specifications` ON `products`.`product_id` = `product_specifications`.`product_id`
WHERE `products`.`product_id` = \'7\'')
 3 SYSTEMPATH\Database\BaseBuilder.php(1644): CodeIgniter\Database\BaseConnection->query('SELECT `products`.*, `product_specifications`.`driver_type`, `product_specifications`.`cable_type`, `product_specifications`.`frequency_range`
FROM `products`
LEFT JOIN `product_specifications` ON `products`.`product_id` = `product_specifications`.`product_id`
WHERE `products`.`product_id` = :products.product_id:', [...], false)
 4 APPPATH\Models\GearModel.php(19): CodeIgniter\Database\BaseBuilder->get()
 5 APPPATH\Controllers\LibraryController.php(58): App\Models\GearModel->getGearWithSpecs('7')
 6 SYSTEMPATH\CodeIgniter.php(933): App\Controllers\LibraryController->addToComparison()
 7 SYSTEMPATH\CodeIgniter.php(509): CodeIgniter\CodeIgniter->runController(Object(App\Controllers\LibraryController))
 8 SYSTEMPATH\CodeIgniter.php(355): CodeIgniter\CodeIgniter->handleRequest(null, Object(Config\Cache), false)
 9 SYSTEMPATH\Boot.php(325): CodeIgniter\CodeIgniter->run()
10 SYSTEMPATH\Boot.php(67): CodeIgniter\Boot::runCodeIgniter(Object(CodeIgniter\CodeIgniter))
11 FCPATH\index.php(56): CodeIgniter\Boot::bootWeb(Object(Config\Paths))
CRITICAL - 2025-03-04 11:02:13 --> [Caused by] mysqli_sql_exception: Table 'inm_audio.product_specifications' doesn't exist
in SYSTEMPATH\Database\MySQLi\Connection.php on line 312.
 1 SYSTEMPATH\Database\MySQLi\Connection.php(312): mysqli->query('SELECT `products`.*, `product_specifications`.`driver_type`, `product_specifications`.`cable_type`, `product_specifications`.`frequency_range`
FROM `products`
LEFT JOIN `product_specifications` ON `products`.`product_id` = `product_specifications`.`product_id`
WHERE `products`.`product_id` = \'7\'', 0)
 2 SYSTEMPATH\Database\BaseConnection.php(734): CodeIgniter\Database\MySQLi\Connection->execute('SELECT `products`.*, `product_specifications`.`driver_type`, `product_specifications`.`cable_type`, `product_specifications`.`frequency_range`
FROM `products`
LEFT JOIN `product_specifications` ON `products`.`product_id` = `product_specifications`.`product_id`
WHERE `products`.`product_id` = \'7\'')
 3 SYSTEMPATH\Database\BaseConnection.php(648): CodeIgniter\Database\BaseConnection->simpleQuery('SELECT `products`.*, `product_specifications`.`driver_type`, `product_specifications`.`cable_type`, `product_specifications`.`frequency_range`
FROM `products`
LEFT JOIN `product_specifications` ON `products`.`product_id` = `product_specifications`.`product_id`
WHERE `products`.`product_id` = \'7\'')
 4 SYSTEMPATH\Database\BaseBuilder.php(1644): CodeIgniter\Database\BaseConnection->query('SELECT `products`.*, `product_specifications`.`driver_type`, `product_specifications`.`cable_type`, `product_specifications`.`frequency_range`
FROM `products`
LEFT JOIN `product_specifications` ON `products`.`product_id` = `product_specifications`.`product_id`
WHERE `products`.`product_id` = :products.product_id:', [...], false)
 5 APPPATH\Models\GearModel.php(19): CodeIgniter\Database\BaseBuilder->get()
 6 APPPATH\Controllers\LibraryController.php(58): App\Models\GearModel->getGearWithSpecs('7')
 7 SYSTEMPATH\CodeIgniter.php(933): App\Controllers\LibraryController->addToComparison()
 8 SYSTEMPATH\CodeIgniter.php(509): CodeIgniter\CodeIgniter->runController(Object(App\Controllers\LibraryController))
 9 SYSTEMPATH\CodeIgniter.php(355): CodeIgniter\CodeIgniter->handleRequest(null, Object(Config\Cache), false)
10 SYSTEMPATH\Boot.php(325): CodeIgniter\CodeIgniter->run()
11 SYSTEMPATH\Boot.php(67): CodeIgniter\Boot::runCodeIgniter(Object(CodeIgniter\CodeIgniter))
12 FCPATH\index.php(56): CodeIgniter\Boot::bootWeb(Object(Config\Paths))
INFO - 2025-03-04 11:04:08 --> Session: Class initialized using 'CodeIgniter\Session\Handlers\FileHandler' driver.
INFO - 2025-03-04 11:04:11 --> Session: Class initialized using 'CodeIgniter\Session\Handlers\FileHandler' driver.
INFO - 2025-03-04 11:06:54 --> Session: Class initialized using 'CodeIgniter\Session\Handlers\FileHandler' driver.
INFO - 2025-03-04 11:06:56 --> Session: Class initialized using 'CodeIgniter\Session\Handlers\FileHandler' driver.
INFO - 2025-03-04 11:07:58 --> Session: Class initialized using 'CodeIgniter\Session\Handlers\FileHandler' driver.
INFO - 2025-03-04 11:08:00 --> Session: Class initialized using 'CodeIgniter\Session\Handlers\FileHandler' driver.
INFO - 2025-03-04 11:08:02 --> Session: Class initialized using 'CodeIgniter\Session\Handlers\FileHandler' driver.
INFO - 2025-03-04 11:08:02 --> Session: Class initialized using 'CodeIgniter\Session\Handlers\FileHandler' driver.
INFO - 2025-03-04 11:08:07 --> Session: Class initialized using 'CodeIgniter\Session\Handlers\FileHandler' driver.
INFO - 2025-03-04 11:08:13 --> Session: Class initialized using 'CodeIgniter\Session\Handlers\FileHandler' driver.
INFO - 2025-03-04 11:08:13 --> Session: Class initialized using 'CodeIgniter\Session\Handlers\FileHandler' driver.
INFO - 2025-03-04 11:08:16 --> Session: Class initialized using 'CodeIgniter\Session\Handlers\FileHandler' driver.
INFO - 2025-03-04 11:08:22 --> Session: Class initialized using 'CodeIgniter\Session\Handlers\FileHandler' driver.
INFO - 2025-03-04 11:08:22 --> Session: Class initialized using 'CodeIgniter\Session\Handlers\FileHandler' driver.
INFO - 2025-03-04 11:08:25 --> Session: Class initialized using 'CodeIgniter\Session\Handlers\FileHandler' driver.
INFO - 2025-03-04 11:08:41 --> Session: Class initialized using 'CodeIgniter\Session\Handlers\FileHandler' driver.
INFO - 2025-03-04 11:08:42 --> Session: Class initialized using 'CodeIgniter\Session\Handlers\FileHandler' driver.
WARNING - 2025-03-04 11:08:42 --> [DEPRECATED] Optional parameter $field declared before required parameter $toRemove is implicitly treated as a required parameter in APPPATH\Models\Gear_Product_Model.php on line 61.
 1 SYSTEMPATH\Autoloader\Autoloader.php(317): include_once('C:\\xampp\\htdocs\\INM_Audio\\system\\Debug\\Exceptions.php')
 2 SYSTEMPATH\Autoloader\Autoloader.php(296): CodeIgniter\Autoloader\Autoloader->includeFile('C:\\xampp\\htdocs\\INM_Audio\\app\\Models\\Gear_Product_Model.php')
 3 SYSTEMPATH\Autoloader\Autoloader.php(272): CodeIgniter\Autoloader\Autoloader->loadInNamespace('App\\Models\\Gear_Product_Model')
 4 APPPATH\Controllers\Helpers\LoadersController.php(193): CodeIgniter\Autoloader\Autoloader->loadClass('App\\Models\\Gear_Product_Model')
 5 APPPATH\Controllers\Helpers\LoadersController.php(76): App\Controllers\Helpers\LoadersController->loadGears()
 6 APPPATH\Controllers\HomeController.php(34): App\Controllers\Helpers\LoadersController->requireMethod('gears')
 7 SYSTEMPATH\CodeIgniter.php(933): App\Controllers\HomeController->library()
 8 SYSTEMPATH\CodeIgniter.php(509): CodeIgniter\CodeIgniter->runController(Object(App\Controllers\HomeController))
 9 SYSTEMPATH\CodeIgniter.php(355): CodeIgniter\CodeIgniter->handleRequest(null, Object(Config\Cache), false)
10 SYSTEMPATH\Boot.php(325): CodeIgniter\CodeIgniter->run()
11 SYSTEMPATH\Boot.php(67): CodeIgniter\Boot::runCodeIgniter(Object(CodeIgniter\CodeIgniter))
12 FCPATH\index.php(56): CodeIgniter\Boot::bootWeb(Object(Config\Paths))
INFO - 2025-03-04 11:08:45 --> Session: Class initialized using 'CodeIgniter\Session\Handlers\FileHandler' driver.
INFO - 2025-03-04 11:08:48 --> Session: Class initialized using 'CodeIgniter\Session\Handlers\FileHandler' driver.
INFO - 2025-03-04 11:08:48 --> Session: Class initialized using 'CodeIgniter\Session\Handlers\FileHandler' driver.
INFO - 2025-03-04 13:02:45 --> Session: Class initialized using 'CodeIgniter\Session\Handlers\FileHandler' driver.
WARNING - 2025-03-04 13:02:45 --> [DEPRECATED] Optional parameter $field declared before required parameter $toRemove is implicitly treated as a required parameter in APPPATH\Models\Gear_Product_Model.php on line 61.
 1 SYSTEMPATH\Autoloader\Autoloader.php(317): include_once('C:\\xampp\\htdocs\\INM_Audio\\system\\Debug\\Exceptions.php')
 2 SYSTEMPATH\Autoloader\Autoloader.php(296): CodeIgniter\Autoloader\Autoloader->includeFile('C:\\xampp\\htdocs\\INM_Audio\\app\\Models\\Gear_Product_Model.php')
 3 SYSTEMPATH\Autoloader\Autoloader.php(272): CodeIgniter\Autoloader\Autoloader->loadInNamespace('App\\Models\\Gear_Product_Model')
 4 APPPATH\Controllers\Helpers\LoadersController.php(193): CodeIgniter\Autoloader\Autoloader->loadClass('App\\Models\\Gear_Product_Model')
 5 APPPATH\Controllers\Helpers\LoadersController.php(76): App\Controllers\Helpers\LoadersController->loadGears()
 6 APPPATH\Controllers\HomeController.php(34): App\Controllers\Helpers\LoadersController->requireMethod('gears')
 7 SYSTEMPATH\CodeIgniter.php(933): App\Controllers\HomeController->library()
 8 SYSTEMPATH\CodeIgniter.php(509): CodeIgniter\CodeIgniter->runController(Object(App\Controllers\HomeController))
 9 SYSTEMPATH\CodeIgniter.php(355): CodeIgniter\CodeIgniter->handleRequest(null, Object(Config\Cache), false)
10 SYSTEMPATH\Boot.php(325): CodeIgniter\CodeIgniter->run()
11 SYSTEMPATH\Boot.php(67): CodeIgniter\Boot::runCodeIgniter(Object(CodeIgniter\CodeIgniter))
12 FCPATH\index.php(56): CodeIgniter\Boot::bootWeb(Object(Config\Paths))
INFO - 2025-03-04 13:02:52 --> Session: Class initialized using 'CodeIgniter\Session\Handlers\FileHandler' driver.
INFO - 2025-03-04 13:02:58 --> Session: Class initialized using 'CodeIgniter\Session\Handlers\FileHandler' driver.
INFO - 2025-03-04 13:02:58 --> Session: Class initialized using 'CodeIgniter\Session\Handlers\FileHandler' driver.
INFO - 2025-03-04 13:03:01 --> Session: Class initialized using 'CodeIgniter\Session\Handlers\FileHandler' driver.
INFO - 2025-03-04 13:03:06 --> Session: Class initialized using 'CodeIgniter\Session\Handlers\FileHandler' driver.
INFO - 2025-03-04 13:03:06 --> Session: Class initialized using 'CodeIgniter\Session\Handlers\FileHandler' driver.
INFO - 2025-03-04 13:03:13 --> Session: Class initialized using 'CodeIgniter\Session\Handlers\FileHandler' driver.
INFO - 2025-03-04 13:03:16 --> Session: Class initialized using 'CodeIgniter\Session\Handlers\FileHandler' driver.
WARNING - 2025-03-04 13:03:16 --> [DEPRECATED] Optional parameter $field declared before required parameter $toRemove is implicitly treated as a required parameter in APPPATH\Models\Gear_Product_Model.php on line 61.
 1 SYSTEMPATH\Autoloader\Autoloader.php(317): include_once('C:\\xampp\\htdocs\\INM_Audio\\system\\Debug\\Exceptions.php')
 2 SYSTEMPATH\Autoloader\Autoloader.php(296): CodeIgniter\Autoloader\Autoloader->includeFile('C:\\xampp\\htdocs\\INM_Audio\\app\\Models\\Gear_Product_Model.php')
 3 SYSTEMPATH\Autoloader\Autoloader.php(272): CodeIgniter\Autoloader\Autoloader->loadInNamespace('App\\Models\\Gear_Product_Model')
 4 APPPATH\Controllers\Helpers\LoadersController.php(193): CodeIgniter\Autoloader\Autoloader->loadClass('App\\Models\\Gear_Product_Model')
 5 APPPATH\Controllers\Helpers\LoadersController.php(76): App\Controllers\Helpers\LoadersController->loadGears()
 6 APPPATH\Controllers\HomeController.php(34): App\Controllers\Helpers\LoadersController->requireMethod('gears')
 7 SYSTEMPATH\CodeIgniter.php(933): App\Controllers\HomeController->library()
 8 SYSTEMPATH\CodeIgniter.php(509): CodeIgniter\CodeIgniter->runController(Object(App\Controllers\HomeController))
 9 SYSTEMPATH\CodeIgniter.php(355): CodeIgniter\CodeIgniter->handleRequest(null, Object(Config\Cache), false)
10 SYSTEMPATH\Boot.php(325): CodeIgniter\CodeIgniter->run()
11 SYSTEMPATH\Boot.php(67): CodeIgniter\Boot::runCodeIgniter(Object(CodeIgniter\CodeIgniter))
12 FCPATH\index.php(56): CodeIgniter\Boot::bootWeb(Object(Config\Paths))
INFO - 2025-03-04 13:03:20 --> Session: Class initialized using 'CodeIgniter\Session\Handlers\FileHandler' driver.
INFO - 2025-03-04 13:03:41 --> Session: Class initialized using 'CodeIgniter\Session\Handlers\FileHandler' driver.
WARNING - 2025-03-04 13:03:41 --> [DEPRECATED] Optional parameter $field declared before required parameter $toRemove is implicitly treated as a required parameter in APPPATH\Models\Gear_Product_Model.php on line 61.
 1 SYSTEMPATH\Autoloader\Autoloader.php(317): include_once('C:\\xampp\\htdocs\\INM_Audio\\system\\Debug\\Exceptions.php')
 2 SYSTEMPATH\Autoloader\Autoloader.php(296): CodeIgniter\Autoloader\Autoloader->includeFile('C:\\xampp\\htdocs\\INM_Audio\\app\\Models\\Gear_Product_Model.php')
 3 SYSTEMPATH\Autoloader\Autoloader.php(272): CodeIgniter\Autoloader\Autoloader->loadInNamespace('App\\Models\\Gear_Product_Model')
 4 APPPATH\Controllers\Helpers\LoadersController.php(193): CodeIgniter\Autoloader\Autoloader->loadClass('App\\Models\\Gear_Product_Model')
 5 APPPATH\Controllers\Helpers\LoadersController.php(76): App\Controllers\Helpers\LoadersController->loadGears()
 6 APPPATH\Controllers\HomeController.php(34): App\Controllers\Helpers\LoadersController->requireMethod('gears')
 7 SYSTEMPATH\CodeIgniter.php(933): App\Controllers\HomeController->library()
 8 SYSTEMPATH\CodeIgniter.php(509): CodeIgniter\CodeIgniter->runController(Object(App\Controllers\HomeController))
 9 SYSTEMPATH\CodeIgniter.php(355): CodeIgniter\CodeIgniter->handleRequest(null, Object(Config\Cache), false)
10 SYSTEMPATH\Boot.php(325): CodeIgniter\CodeIgniter->run()
11 SYSTEMPATH\Boot.php(67): CodeIgniter\Boot::runCodeIgniter(Object(CodeIgniter\CodeIgniter))
12 FCPATH\index.php(56): CodeIgniter\Boot::bootWeb(Object(Config\Paths))
INFO - 2025-03-04 13:03:45 --> Session: Class initialized using 'CodeIgniter\Session\Handlers\FileHandler' driver.
INFO - 2025-03-04 13:03:56 --> Session: Class initialized using 'CodeIgniter\Session\Handlers\FileHandler' driver.
INFO - 2025-03-04 13:04:18 --> Session: Class initialized using 'CodeIgniter\Session\Handlers\FileHandler' driver.
INFO - 2025-03-04 13:05:38 --> Session: Class initialized using 'CodeIgniter\Session\Handlers\FileHandler' driver.
INFO - 2025-03-04 13:07:13 --> Session: Class initialized using 'CodeIgniter\Session\Handlers\FileHandler' driver.
WARNING - 2025-03-04 13:07:13 --> [DEPRECATED] Optional parameter $field declared before required parameter $toRemove is implicitly treated as a required parameter in APPPATH\Models\Gear_Product_Model.php on line 61.
 1 SYSTEMPATH\Autoloader\Autoloader.php(317): include_once('C:\\xampp\\htdocs\\INM_Audio\\system\\Debug\\Exceptions.php')
 2 SYSTEMPATH\Autoloader\Autoloader.php(296): CodeIgniter\Autoloader\Autoloader->includeFile('C:\\xampp\\htdocs\\INM_Audio\\app\\Models\\Gear_Product_Model.php')
 3 SYSTEMPATH\Autoloader\Autoloader.php(272): CodeIgniter\Autoloader\Autoloader->loadInNamespace('App\\Models\\Gear_Product_Model')
 4 APPPATH\Controllers\Helpers\LoadersController.php(193): CodeIgniter\Autoloader\Autoloader->loadClass('App\\Models\\Gear_Product_Model')
 5 APPPATH\Controllers\Helpers\LoadersController.php(76): App\Controllers\Helpers\LoadersController->loadGears()
 6 APPPATH\Controllers\HomeController.php(34): App\Controllers\Helpers\LoadersController->requireMethod('gears')
 7 SYSTEMPATH\CodeIgniter.php(933): App\Controllers\HomeController->library()
 8 SYSTEMPATH\CodeIgniter.php(509): CodeIgniter\CodeIgniter->runController(Object(App\Controllers\HomeController))
 9 SYSTEMPATH\CodeIgniter.php(355): CodeIgniter\CodeIgniter->handleRequest(null, Object(Config\Cache), false)
10 SYSTEMPATH\Boot.php(325): CodeIgniter\CodeIgniter->run()
11 SYSTEMPATH\Boot.php(67): CodeIgniter\Boot::runCodeIgniter(Object(CodeIgniter\CodeIgniter))
12 FCPATH\index.php(56): CodeIgniter\Boot::bootWeb(Object(Config\Paths))
INFO - 2025-03-04 13:07:19 --> Session: Class initialized using 'CodeIgniter\Session\Handlers\FileHandler' driver.
INFO - 2025-03-04 13:07:24 --> Session: Class initialized using 'CodeIgniter\Session\Handlers\FileHandler' driver.
INFO - 2025-03-04 13:07:26 --> Session: Class initialized using 'CodeIgniter\Session\Handlers\FileHandler' driver.
WARNING - 2025-03-04 13:07:26 --> [DEPRECATED] Optional parameter $field declared before required parameter $toRemove is implicitly treated as a required parameter in APPPATH\Models\Gear_Product_Model.php on line 61.
 1 SYSTEMPATH\Autoloader\Autoloader.php(317): include_once('C:\\xampp\\htdocs\\INM_Audio\\system\\Debug\\Exceptions.php')
 2 SYSTEMPATH\Autoloader\Autoloader.php(296): CodeIgniter\Autoloader\Autoloader->includeFile('C:\\xampp\\htdocs\\INM_Audio\\app\\Models\\Gear_Product_Model.php')
 3 SYSTEMPATH\Autoloader\Autoloader.php(272): CodeIgniter\Autoloader\Autoloader->loadInNamespace('App\\Models\\Gear_Product_Model')
 4 APPPATH\Controllers\Helpers\LoadersController.php(193): CodeIgniter\Autoloader\Autoloader->loadClass('App\\Models\\Gear_Product_Model')
 5 APPPATH\Controllers\Helpers\LoadersController.php(76): App\Controllers\Helpers\LoadersController->loadGears()
 6 APPPATH\Controllers\HomeController.php(34): App\Controllers\Helpers\LoadersController->requireMethod('gears')
 7 SYSTEMPATH\CodeIgniter.php(933): App\Controllers\HomeController->library()
 8 SYSTEMPATH\CodeIgniter.php(509): CodeIgniter\CodeIgniter->runController(Object(App\Controllers\HomeController))
 9 SYSTEMPATH\CodeIgniter.php(355): CodeIgniter\CodeIgniter->handleRequest(null, Object(Config\Cache), false)
10 SYSTEMPATH\Boot.php(325): CodeIgniter\CodeIgniter->run()
11 SYSTEMPATH\Boot.php(67): CodeIgniter\Boot::runCodeIgniter(Object(CodeIgniter\CodeIgniter))
12 FCPATH\index.php(56): CodeIgniter\Boot::bootWeb(Object(Config\Paths))
INFO - 2025-03-04 13:07:28 --> Session: Class initialized using 'CodeIgniter\Session\Handlers\FileHandler' driver.
INFO - 2025-03-04 13:07:47 --> Session: Class initialized using 'CodeIgniter\Session\Handlers\FileHandler' driver.
WARNING - 2025-03-04 13:07:47 --> [DEPRECATED] Optional parameter $field declared before required parameter $toRemove is implicitly treated as a required parameter in APPPATH\Models\Gear_Product_Model.php on line 61.
 1 SYSTEMPATH\Autoloader\Autoloader.php(317): include_once('C:\\xampp\\htdocs\\INM_Audio\\system\\Debug\\Exceptions.php')
 2 SYSTEMPATH\Autoloader\Autoloader.php(296): CodeIgniter\Autoloader\Autoloader->includeFile('C:\\xampp\\htdocs\\INM_Audio\\app\\Models\\Gear_Product_Model.php')
 3 SYSTEMPATH\Autoloader\Autoloader.php(272): CodeIgniter\Autoloader\Autoloader->loadInNamespace('App\\Models\\Gear_Product_Model')
 4 APPPATH\Controllers\Helpers\LoadersController.php(193): CodeIgniter\Autoloader\Autoloader->loadClass('App\\Models\\Gear_Product_Model')
 5 APPPATH\Controllers\Helpers\LoadersController.php(76): App\Controllers\Helpers\LoadersController->loadGears()
 6 APPPATH\Controllers\HomeController.php(34): App\Controllers\Helpers\LoadersController->requireMethod('gears')
 7 SYSTEMPATH\CodeIgniter.php(933): App\Controllers\HomeController->library()
 8 SYSTEMPATH\CodeIgniter.php(509): CodeIgniter\CodeIgniter->runController(Object(App\Controllers\HomeController))
 9 SYSTEMPATH\CodeIgniter.php(355): CodeIgniter\CodeIgniter->handleRequest(null, Object(Config\Cache), false)
10 SYSTEMPATH\Boot.php(325): CodeIgniter\CodeIgniter->run()
11 SYSTEMPATH\Boot.php(67): CodeIgniter\Boot::runCodeIgniter(Object(CodeIgniter\CodeIgniter))
12 FCPATH\index.php(56): CodeIgniter\Boot::bootWeb(Object(Config\Paths))
INFO - 2025-03-04 13:08:08 --> Session: Class initialized using 'CodeIgniter\Session\Handlers\FileHandler' driver.
INFO - 2025-03-04 13:08:23 --> Session: Class initialized using 'CodeIgniter\Session\Handlers\FileHandler' driver.
WARNING - 2025-03-04 13:08:23 --> [DEPRECATED] Optional parameter $field declared before required parameter $toRemove is implicitly treated as a required parameter in APPPATH\Models\Gear_Product_Model.php on line 61.
 1 SYSTEMPATH\Autoloader\Autoloader.php(317): include_once('C:\\xampp\\htdocs\\INM_Audio\\system\\Debug\\Exceptions.php')
 2 SYSTEMPATH\Autoloader\Autoloader.php(296): CodeIgniter\Autoloader\Autoloader->includeFile('C:\\xampp\\htdocs\\INM_Audio\\app\\Models\\Gear_Product_Model.php')
 3 SYSTEMPATH\Autoloader\Autoloader.php(272): CodeIgniter\Autoloader\Autoloader->loadInNamespace('App\\Models\\Gear_Product_Model')
 4 APPPATH\Controllers\Helpers\LoadersController.php(193): CodeIgniter\Autoloader\Autoloader->loadClass('App\\Models\\Gear_Product_Model')
 5 APPPATH\Controllers\Helpers\LoadersController.php(76): App\Controllers\Helpers\LoadersController->loadGears()
 6 APPPATH\Controllers\HomeController.php(34): App\Controllers\Helpers\LoadersController->requireMethod('gears')
 7 SYSTEMPATH\CodeIgniter.php(933): App\Controllers\HomeController->library()
 8 SYSTEMPATH\CodeIgniter.php(509): CodeIgniter\CodeIgniter->runController(Object(App\Controllers\HomeController))
 9 SYSTEMPATH\CodeIgniter.php(355): CodeIgniter\CodeIgniter->handleRequest(null, Object(Config\Cache), false)
10 SYSTEMPATH\Boot.php(325): CodeIgniter\CodeIgniter->run()
11 SYSTEMPATH\Boot.php(67): CodeIgniter\Boot::runCodeIgniter(Object(CodeIgniter\CodeIgniter))
12 FCPATH\index.php(56): CodeIgniter\Boot::bootWeb(Object(Config\Paths))
INFO - 2025-03-04 13:08:25 --> Session: Class initialized using 'CodeIgniter\Session\Handlers\FileHandler' driver.
INFO - 2025-03-04 13:08:33 --> Session: Class initialized using 'CodeIgniter\Session\Handlers\FileHandler' driver.
INFO - 2025-03-04 13:08:33 --> Session: Class initialized using 'CodeIgniter\Session\Handlers\FileHandler' driver.
INFO - 2025-03-04 13:10:05 --> Session: Class initialized using 'CodeIgniter\Session\Handlers\FileHandler' driver.
INFO - 2025-03-04 13:10:08 --> Session: Class initialized using 'CodeIgniter\Session\Handlers\FileHandler' driver.
