INFO - 2024-11-22 17:15:03 --> Session: Class initialized using 'CodeIgniter\Session\Handlers\FileHandler' driver.
CRITICAL - 2024-11-22 17:15:12 --> ErrorException: Trying to access array offset on value of type null
[Method: GET, Route: user/mypurchase]
in APPPATH\Views\UserSide\sideNav.php on line 10.
 1 APPPATH\Views\UserSide\sideNav.php(10): CodeIgniter\Debug\Exceptions->errorHandler(2, 'Trying to access array offset on value of type null', 'C:\\xampp\\htdocs\\INM_Audio\\app\\Views\\UserSide\\sideNav.php', 10)
 2 SYSTEMPATH\View\View.php(234): include('C:\\xampp\\htdocs\\INM_Audio\\app\\Views\\UserSide\\sideNav.php')
 3 SYSTEMPATH\View\View.php(237): CodeIgniter\View\View->CodeIgniter\View\{closure}()
 4 SYSTEMPATH\Common.php(1169): CodeIgniter\View\View->render('UserSide/sideNav', [], true)
 5 APPPATH\Views\UserSide\myPurchase.php(22): view('UserSide/sideNav')
 6 SYSTEMPATH\View\View.php(234): include('C:\\xampp\\htdocs\\INM_Audio\\app\\Views\\UserSide\\myPurchase.php')
 7 SYSTEMPATH\View\View.php(237): CodeIgniter\View\View->CodeIgniter\View\{closure}()
 8 SYSTEMPATH\Common.php(1169): CodeIgniter\View\View->render('UserSide/myPurchase', [], true)
 9 APPPATH\Controllers\UserController.php(31): view('UserSide/myPurchase', [...])
10 APPPATH\Controllers\UserController.php(17): App\Controllers\UserController->renderView('UserSide/myPurchase', true)
11 APPPATH\Controllers\UserController.php(64): App\Controllers\UserController->checkSessionThenRedirect('UserSide/myPurchase', true)
12 SYSTEMPATH\CodeIgniter.php(933): App\Controllers\UserController->myPurchase()
13 SYSTEMPATH\CodeIgniter.php(509): CodeIgniter\CodeIgniter->runController(Object(App\Controllers\UserController))
14 SYSTEMPATH\CodeIgniter.php(355): CodeIgniter\CodeIgniter->handleRequest(null, Object(Config\Cache), false)
15 SYSTEMPATH\Boot.php(325): CodeIgniter\CodeIgniter->run()
16 SYSTEMPATH\Boot.php(67): CodeIgniter\Boot::runCodeIgniter(Object(CodeIgniter\CodeIgniter))
17 FCPATH\index.php(56): CodeIgniter\Boot::bootWeb(Object(Config\Paths))
INFO - 2024-11-22 17:27:07 --> Session: Class initialized using 'CodeIgniter\Session\Handlers\FileHandler' driver.
CRITICAL - 2024-11-22 17:27:07 --> ErrorException: Trying to access array offset on value of type null
[Method: GET, Route: user/mypurchase]
in APPPATH\Views\UserSide\sideNav.php on line 10.
 1 APPPATH\Views\UserSide\sideNav.php(10): CodeIgniter\Debug\Exceptions->errorHandler(2, 'Trying to access array offset on value of type null', 'C:\\xampp\\htdocs\\INM_Audio\\app\\Views\\UserSide\\sideNav.php', 10)
 2 SYSTEMPATH\View\View.php(234): include('C:\\xampp\\htdocs\\INM_Audio\\app\\Views\\UserSide\\sideNav.php')
 3 SYSTEMPATH\View\View.php(237): CodeIgniter\View\View->CodeIgniter\View\{closure}()
 4 SYSTEMPATH\Common.php(1169): CodeIgniter\View\View->render('UserSide/sideNav', [], true)
 5 APPPATH\Views\UserSide\myPurchase.php(22): view('UserSide/sideNav')
 6 SYSTEMPATH\View\View.php(234): include('C:\\xampp\\htdocs\\INM_Audio\\app\\Views\\UserSide\\myPurchase.php')
 7 SYSTEMPATH\View\View.php(237): CodeIgniter\View\View->CodeIgniter\View\{closure}()
 8 SYSTEMPATH\Common.php(1169): CodeIgniter\View\View->render('UserSide/myPurchase', [], true)
 9 APPPATH\Controllers\UserController.php(31): view('UserSide/myPurchase', [...])
10 APPPATH\Controllers\UserController.php(17): App\Controllers\UserController->renderView('UserSide/myPurchase', true)
11 APPPATH\Controllers\UserController.php(64): App\Controllers\UserController->checkSessionThenRedirect('UserSide/myPurchase', true)
12 SYSTEMPATH\CodeIgniter.php(933): App\Controllers\UserController->myPurchase()
13 SYSTEMPATH\CodeIgniter.php(509): CodeIgniter\CodeIgniter->runController(Object(App\Controllers\UserController))
14 SYSTEMPATH\CodeIgniter.php(355): CodeIgniter\CodeIgniter->handleRequest(null, Object(Config\Cache), false)
15 SYSTEMPATH\Boot.php(325): CodeIgniter\CodeIgniter->run()
16 SYSTEMPATH\Boot.php(67): CodeIgniter\Boot::runCodeIgniter(Object(CodeIgniter\CodeIgniter))
17 FCPATH\index.php(56): CodeIgniter\Boot::bootWeb(Object(Config\Paths))
INFO - 2024-11-22 17:27:09 --> Session: Class initialized using 'CodeIgniter\Session\Handlers\FileHandler' driver.
CRITICAL - 2024-11-22 17:27:09 --> ErrorException: Trying to access array offset on value of type null
[Method: GET, Route: user/mypurchase]
in APPPATH\Views\UserSide\sideNav.php on line 10.
 1 APPPATH\Views\UserSide\sideNav.php(10): CodeIgniter\Debug\Exceptions->errorHandler(2, 'Trying to access array offset on value of type null', 'C:\\xampp\\htdocs\\INM_Audio\\app\\Views\\UserSide\\sideNav.php', 10)
 2 SYSTEMPATH\View\View.php(234): include('C:\\xampp\\htdocs\\INM_Audio\\app\\Views\\UserSide\\sideNav.php')
 3 SYSTEMPATH\View\View.php(237): CodeIgniter\View\View->CodeIgniter\View\{closure}()
 4 SYSTEMPATH\Common.php(1169): CodeIgniter\View\View->render('UserSide/sideNav', [], true)
 5 APPPATH\Views\UserSide\myPurchase.php(22): view('UserSide/sideNav')
 6 SYSTEMPATH\View\View.php(234): include('C:\\xampp\\htdocs\\INM_Audio\\app\\Views\\UserSide\\myPurchase.php')
 7 SYSTEMPATH\View\View.php(237): CodeIgniter\View\View->CodeIgniter\View\{closure}()
 8 SYSTEMPATH\Common.php(1169): CodeIgniter\View\View->render('UserSide/myPurchase', [], true)
 9 APPPATH\Controllers\UserController.php(31): view('UserSide/myPurchase', [...])
10 APPPATH\Controllers\UserController.php(17): App\Controllers\UserController->renderView('UserSide/myPurchase', true)
11 APPPATH\Controllers\UserController.php(64): App\Controllers\UserController->checkSessionThenRedirect('UserSide/myPurchase', true)
12 SYSTEMPATH\CodeIgniter.php(933): App\Controllers\UserController->myPurchase()
13 SYSTEMPATH\CodeIgniter.php(509): CodeIgniter\CodeIgniter->runController(Object(App\Controllers\UserController))
14 SYSTEMPATH\CodeIgniter.php(355): CodeIgniter\CodeIgniter->handleRequest(null, Object(Config\Cache), false)
15 SYSTEMPATH\Boot.php(325): CodeIgniter\CodeIgniter->run()
16 SYSTEMPATH\Boot.php(67): CodeIgniter\Boot::runCodeIgniter(Object(CodeIgniter\CodeIgniter))
17 FCPATH\index.php(56): CodeIgniter\Boot::bootWeb(Object(Config\Paths))
INFO - 2024-11-22 17:27:11 --> Session: Class initialized using 'CodeIgniter\Session\Handlers\FileHandler' driver.
CRITICAL - 2024-11-22 17:27:11 --> ErrorException: Trying to access array offset on value of type null
[Method: GET, Route: user/mypurchase]
in APPPATH\Views\UserSide\sideNav.php on line 10.
 1 APPPATH\Views\UserSide\sideNav.php(10): CodeIgniter\Debug\Exceptions->errorHandler(2, 'Trying to access array offset on value of type null', 'C:\\xampp\\htdocs\\INM_Audio\\app\\Views\\UserSide\\sideNav.php', 10)
 2 SYSTEMPATH\View\View.php(234): include('C:\\xampp\\htdocs\\INM_Audio\\app\\Views\\UserSide\\sideNav.php')
 3 SYSTEMPATH\View\View.php(237): CodeIgniter\View\View->CodeIgniter\View\{closure}()
 4 SYSTEMPATH\Common.php(1169): CodeIgniter\View\View->render('UserSide/sideNav', [], true)
 5 APPPATH\Views\UserSide\myPurchase.php(22): view('UserSide/sideNav')
 6 SYSTEMPATH\View\View.php(234): include('C:\\xampp\\htdocs\\INM_Audio\\app\\Views\\UserSide\\myPurchase.php')
 7 SYSTEMPATH\View\View.php(237): CodeIgniter\View\View->CodeIgniter\View\{closure}()
 8 SYSTEMPATH\Common.php(1169): CodeIgniter\View\View->render('UserSide/myPurchase', [], true)
 9 APPPATH\Controllers\UserController.php(31): view('UserSide/myPurchase', [...])
10 APPPATH\Controllers\UserController.php(17): App\Controllers\UserController->renderView('UserSide/myPurchase', true)
11 APPPATH\Controllers\UserController.php(64): App\Controllers\UserController->checkSessionThenRedirect('UserSide/myPurchase', true)
12 SYSTEMPATH\CodeIgniter.php(933): App\Controllers\UserController->myPurchase()
13 SYSTEMPATH\CodeIgniter.php(509): CodeIgniter\CodeIgniter->runController(Object(App\Controllers\UserController))
14 SYSTEMPATH\CodeIgniter.php(355): CodeIgniter\CodeIgniter->handleRequest(null, Object(Config\Cache), false)
15 SYSTEMPATH\Boot.php(325): CodeIgniter\CodeIgniter->run()
16 SYSTEMPATH\Boot.php(67): CodeIgniter\Boot::runCodeIgniter(Object(CodeIgniter\CodeIgniter))
17 FCPATH\index.php(56): CodeIgniter\Boot::bootWeb(Object(Config\Paths))
INFO - 2024-11-22 17:27:12 --> Session: Class initialized using 'CodeIgniter\Session\Handlers\FileHandler' driver.
CRITICAL - 2024-11-22 17:27:12 --> ErrorException: Trying to access array offset on value of type null
[Method: GET, Route: user/mypurchase]
in APPPATH\Views\UserSide\sideNav.php on line 10.
 1 APPPATH\Views\UserSide\sideNav.php(10): CodeIgniter\Debug\Exceptions->errorHandler(2, 'Trying to access array offset on value of type null', 'C:\\xampp\\htdocs\\INM_Audio\\app\\Views\\UserSide\\sideNav.php', 10)
 2 SYSTEMPATH\View\View.php(234): include('C:\\xampp\\htdocs\\INM_Audio\\app\\Views\\UserSide\\sideNav.php')
 3 SYSTEMPATH\View\View.php(237): CodeIgniter\View\View->CodeIgniter\View\{closure}()
 4 SYSTEMPATH\Common.php(1169): CodeIgniter\View\View->render('UserSide/sideNav', [], true)
 5 APPPATH\Views\UserSide\myPurchase.php(22): view('UserSide/sideNav')
 6 SYSTEMPATH\View\View.php(234): include('C:\\xampp\\htdocs\\INM_Audio\\app\\Views\\UserSide\\myPurchase.php')
 7 SYSTEMPATH\View\View.php(237): CodeIgniter\View\View->CodeIgniter\View\{closure}()
 8 SYSTEMPATH\Common.php(1169): CodeIgniter\View\View->render('UserSide/myPurchase', [], true)
 9 APPPATH\Controllers\UserController.php(31): view('UserSide/myPurchase', [...])
10 APPPATH\Controllers\UserController.php(17): App\Controllers\UserController->renderView('UserSide/myPurchase', true)
11 APPPATH\Controllers\UserController.php(64): App\Controllers\UserController->checkSessionThenRedirect('UserSide/myPurchase', true)
12 SYSTEMPATH\CodeIgniter.php(933): App\Controllers\UserController->myPurchase()
13 SYSTEMPATH\CodeIgniter.php(509): CodeIgniter\CodeIgniter->runController(Object(App\Controllers\UserController))
14 SYSTEMPATH\CodeIgniter.php(355): CodeIgniter\CodeIgniter->handleRequest(null, Object(Config\Cache), false)
15 SYSTEMPATH\Boot.php(325): CodeIgniter\CodeIgniter->run()
16 SYSTEMPATH\Boot.php(67): CodeIgniter\Boot::runCodeIgniter(Object(CodeIgniter\CodeIgniter))
17 FCPATH\index.php(56): CodeIgniter\Boot::bootWeb(Object(Config\Paths))
INFO - 2024-11-22 17:27:13 --> Session: Class initialized using 'CodeIgniter\Session\Handlers\FileHandler' driver.
CRITICAL - 2024-11-22 17:27:13 --> ErrorException: Trying to access array offset on value of type null
[Method: GET, Route: user/mypurchase]
in APPPATH\Views\UserSide\sideNav.php on line 10.
 1 APPPATH\Views\UserSide\sideNav.php(10): CodeIgniter\Debug\Exceptions->errorHandler(2, 'Trying to access array offset on value of type null', 'C:\\xampp\\htdocs\\INM_Audio\\app\\Views\\UserSide\\sideNav.php', 10)
 2 SYSTEMPATH\View\View.php(234): include('C:\\xampp\\htdocs\\INM_Audio\\app\\Views\\UserSide\\sideNav.php')
 3 SYSTEMPATH\View\View.php(237): CodeIgniter\View\View->CodeIgniter\View\{closure}()
 4 SYSTEMPATH\Common.php(1169): CodeIgniter\View\View->render('UserSide/sideNav', [], true)
 5 APPPATH\Views\UserSide\myPurchase.php(22): view('UserSide/sideNav')
 6 SYSTEMPATH\View\View.php(234): include('C:\\xampp\\htdocs\\INM_Audio\\app\\Views\\UserSide\\myPurchase.php')
 7 SYSTEMPATH\View\View.php(237): CodeIgniter\View\View->CodeIgniter\View\{closure}()
 8 SYSTEMPATH\Common.php(1169): CodeIgniter\View\View->render('UserSide/myPurchase', [], true)
 9 APPPATH\Controllers\UserController.php(31): view('UserSide/myPurchase', [...])
10 APPPATH\Controllers\UserController.php(17): App\Controllers\UserController->renderView('UserSide/myPurchase', true)
11 APPPATH\Controllers\UserController.php(64): App\Controllers\UserController->checkSessionThenRedirect('UserSide/myPurchase', true)
12 SYSTEMPATH\CodeIgniter.php(933): App\Controllers\UserController->myPurchase()
13 SYSTEMPATH\CodeIgniter.php(509): CodeIgniter\CodeIgniter->runController(Object(App\Controllers\UserController))
14 SYSTEMPATH\CodeIgniter.php(355): CodeIgniter\CodeIgniter->handleRequest(null, Object(Config\Cache), false)
15 SYSTEMPATH\Boot.php(325): CodeIgniter\CodeIgniter->run()
16 SYSTEMPATH\Boot.php(67): CodeIgniter\Boot::runCodeIgniter(Object(CodeIgniter\CodeIgniter))
17 FCPATH\index.php(56): CodeIgniter\Boot::bootWeb(Object(Config\Paths))
INFO - 2024-11-22 17:27:20 --> Session: Class initialized using 'CodeIgniter\Session\Handlers\FileHandler' driver.
WARNING - 2024-11-22 17:27:20 --> [DEPRECATED] Optional parameter $field declared before required parameter $toRemove is implicitly treated as a required parameter in APPPATH\Models\Gear_Product_Model.php on line 57.
 1 SYSTEMPATH\Autoloader\Autoloader.php(317): include_once('C:\\xampp\\htdocs\\INM_Audio\\system\\Debug\\Exceptions.php')
 2 SYSTEMPATH\Autoloader\Autoloader.php(296): CodeIgniter\Autoloader\Autoloader->includeFile('C:\\xampp\\htdocs\\INM_Audio\\app\\Models\\Gear_Product_Model.php')
 3 SYSTEMPATH\Autoloader\Autoloader.php(272): CodeIgniter\Autoloader\Autoloader->loadInNamespace('App\\Models\\Gear_Product_Model')
 4 APPPATH\Controllers\Helpers\LoadersController.php(144): CodeIgniter\Autoloader\Autoloader->loadClass('App\\Models\\Gear_Product_Model')
 5 APPPATH\Controllers\Helpers\LoadersController.php(66): App\Controllers\Helpers\LoadersController->loadGears()
 6 APPPATH\Controllers\HomeController.php(24): App\Controllers\Helpers\LoadersController->requireMethod('gears')
 7 APPPATH\Controllers\HomeController.php(17): App\Controllers\HomeController->renderView('homepage', false)
 8 APPPATH\Controllers\HomeController.php(48): App\Controllers\HomeController->checkSessionThenRedirect('homepage')
 9 SYSTEMPATH\CodeIgniter.php(933): App\Controllers\HomeController->home()
10 SYSTEMPATH\CodeIgniter.php(509): CodeIgniter\CodeIgniter->runController(Object(App\Controllers\HomeController))
11 SYSTEMPATH\CodeIgniter.php(355): CodeIgniter\CodeIgniter->handleRequest(null, Object(Config\Cache), false)
12 SYSTEMPATH\Boot.php(325): CodeIgniter\CodeIgniter->run()
13 SYSTEMPATH\Boot.php(67): CodeIgniter\Boot::runCodeIgniter(Object(CodeIgniter\CodeIgniter))
14 FCPATH\index.php(56): CodeIgniter\Boot::bootWeb(Object(Config\Paths))
INFO - 2024-11-22 17:27:25 --> Session: Class initialized using 'CodeIgniter\Session\Handlers\FileHandler' driver.
WARNING - 2024-11-22 17:27:25 --> [DEPRECATED] Optional parameter $field declared before required parameter $toRemove is implicitly treated as a required parameter in APPPATH\Models\Gear_Product_Model.php on line 57.
 1 SYSTEMPATH\Autoloader\Autoloader.php(317): include_once('C:\\xampp\\htdocs\\INM_Audio\\system\\Debug\\Exceptions.php')
 2 SYSTEMPATH\Autoloader\Autoloader.php(296): CodeIgniter\Autoloader\Autoloader->includeFile('C:\\xampp\\htdocs\\INM_Audio\\app\\Models\\Gear_Product_Model.php')
 3 SYSTEMPATH\Autoloader\Autoloader.php(272): CodeIgniter\Autoloader\Autoloader->loadInNamespace('App\\Models\\Gear_Product_Model')
 4 APPPATH\Controllers\Helpers\LoadersController.php(144): CodeIgniter\Autoloader\Autoloader->loadClass('App\\Models\\Gear_Product_Model')
 5 APPPATH\Controllers\Helpers\LoadersController.php(66): App\Controllers\Helpers\LoadersController->loadGears()
 6 APPPATH\Controllers\HomeController.php(24): App\Controllers\Helpers\LoadersController->requireMethod('gears')
 7 APPPATH\Controllers\HomeController.php(17): App\Controllers\HomeController->renderView('login', false)
 8 APPPATH\Controllers\HomeController.php(64): App\Controllers\HomeController->checkSessionThenRedirect('login')
 9 SYSTEMPATH\CodeIgniter.php(933): App\Controllers\HomeController->login()
10 SYSTEMPATH\CodeIgniter.php(509): CodeIgniter\CodeIgniter->runController(Object(App\Controllers\HomeController))
11 SYSTEMPATH\CodeIgniter.php(355): CodeIgniter\CodeIgniter->handleRequest(null, Object(Config\Cache), false)
12 SYSTEMPATH\Boot.php(325): CodeIgniter\CodeIgniter->run()
13 SYSTEMPATH\Boot.php(67): CodeIgniter\Boot::runCodeIgniter(Object(CodeIgniter\CodeIgniter))
14 FCPATH\index.php(56): CodeIgniter\Boot::bootWeb(Object(Config\Paths))
INFO - 2024-11-22 17:27:39 --> Session: Class initialized using 'CodeIgniter\Session\Handlers\FileHandler' driver.
INFO - 2024-11-22 17:27:40 --> Session: Class initialized using 'CodeIgniter\Session\Handlers\FileHandler' driver.
WARNING - 2024-11-22 17:27:40 --> [DEPRECATED] Optional parameter $field declared before required parameter $toRemove is implicitly treated as a required parameter in APPPATH\Models\Gear_Product_Model.php on line 57.
 1 SYSTEMPATH\Autoloader\Autoloader.php(317): include_once('C:\\xampp\\htdocs\\INM_Audio\\system\\Debug\\Exceptions.php')
 2 SYSTEMPATH\Autoloader\Autoloader.php(296): CodeIgniter\Autoloader\Autoloader->includeFile('C:\\xampp\\htdocs\\INM_Audio\\app\\Models\\Gear_Product_Model.php')
 3 SYSTEMPATH\Autoloader\Autoloader.php(272): CodeIgniter\Autoloader\Autoloader->loadInNamespace('App\\Models\\Gear_Product_Model')
 4 APPPATH\Controllers\Helpers\LoadersController.php(144): CodeIgniter\Autoloader\Autoloader->loadClass('App\\Models\\Gear_Product_Model')
 5 APPPATH\Controllers\Helpers\LoadersController.php(66): App\Controllers\Helpers\LoadersController->loadGears()
 6 APPPATH\Controllers\HomeController.php(24): App\Controllers\Helpers\LoadersController->requireMethod('gears')
 7 APPPATH\Controllers\HomeController.php(17): App\Controllers\HomeController->renderView('login', false)
 8 APPPATH\Controllers\HomeController.php(64): App\Controllers\HomeController->checkSessionThenRedirect('login')
 9 SYSTEMPATH\CodeIgniter.php(933): App\Controllers\HomeController->login()
10 SYSTEMPATH\CodeIgniter.php(509): CodeIgniter\CodeIgniter->runController(Object(App\Controllers\HomeController))
11 SYSTEMPATH\CodeIgniter.php(355): CodeIgniter\CodeIgniter->handleRequest(null, Object(Config\Cache), false)
12 SYSTEMPATH\Boot.php(325): CodeIgniter\CodeIgniter->run()
13 SYSTEMPATH\Boot.php(67): CodeIgniter\Boot::runCodeIgniter(Object(CodeIgniter\CodeIgniter))
14 FCPATH\index.php(56): CodeIgniter\Boot::bootWeb(Object(Config\Paths))
INFO - 2024-11-22 17:27:51 --> Session: Class initialized using 'CodeIgniter\Session\Handlers\FileHandler' driver.
INFO - 2024-11-22 17:27:52 --> Session: Class initialized using 'CodeIgniter\Session\Handlers\FileHandler' driver.
WARNING - 2024-11-22 17:27:52 --> [DEPRECATED] Optional parameter $field declared before required parameter $toRemove is implicitly treated as a required parameter in APPPATH\Models\Gear_Product_Model.php on line 57.
 1 SYSTEMPATH\Autoloader\Autoloader.php(317): include_once('C:\\xampp\\htdocs\\INM_Audio\\system\\Debug\\Exceptions.php')
 2 SYSTEMPATH\Autoloader\Autoloader.php(296): CodeIgniter\Autoloader\Autoloader->includeFile('C:\\xampp\\htdocs\\INM_Audio\\app\\Models\\Gear_Product_Model.php')
 3 SYSTEMPATH\Autoloader\Autoloader.php(272): CodeIgniter\Autoloader\Autoloader->loadInNamespace('App\\Models\\Gear_Product_Model')
 4 APPPATH\Controllers\Helpers\LoadersController.php(144): CodeIgniter\Autoloader\Autoloader->loadClass('App\\Models\\Gear_Product_Model')
 5 APPPATH\Controllers\Helpers\LoadersController.php(66): App\Controllers\Helpers\LoadersController->loadGears()
 6 APPPATH\Controllers\HomeController.php(24): App\Controllers\Helpers\LoadersController->requireMethod('gears')
 7 APPPATH\Controllers\HomeController.php(17): App\Controllers\HomeController->renderView('login', false)
 8 APPPATH\Controllers\HomeController.php(64): App\Controllers\HomeController->checkSessionThenRedirect('login')
 9 SYSTEMPATH\CodeIgniter.php(933): App\Controllers\HomeController->login()
10 SYSTEMPATH\CodeIgniter.php(509): CodeIgniter\CodeIgniter->runController(Object(App\Controllers\HomeController))
11 SYSTEMPATH\CodeIgniter.php(355): CodeIgniter\CodeIgniter->handleRequest(null, Object(Config\Cache), false)
12 SYSTEMPATH\Boot.php(325): CodeIgniter\CodeIgniter->run()
13 SYSTEMPATH\Boot.php(67): CodeIgniter\Boot::runCodeIgniter(Object(CodeIgniter\CodeIgniter))
14 FCPATH\index.php(56): CodeIgniter\Boot::bootWeb(Object(Config\Paths))
INFO - 2024-11-22 17:27:59 --> Session: Class initialized using 'CodeIgniter\Session\Handlers\FileHandler' driver.
INFO - 2024-11-22 17:27:59 --> Session: Class initialized using 'CodeIgniter\Session\Handlers\FileHandler' driver.
WARNING - 2024-11-22 17:27:59 --> [DEPRECATED] Optional parameter $field declared before required parameter $toRemove is implicitly treated as a required parameter in APPPATH\Models\Gear_Product_Model.php on line 57.
 1 SYSTEMPATH\Autoloader\Autoloader.php(317): include_once('C:\\xampp\\htdocs\\INM_Audio\\system\\Debug\\Exceptions.php')
 2 SYSTEMPATH\Autoloader\Autoloader.php(296): CodeIgniter\Autoloader\Autoloader->includeFile('C:\\xampp\\htdocs\\INM_Audio\\app\\Models\\Gear_Product_Model.php')
 3 SYSTEMPATH\Autoloader\Autoloader.php(272): CodeIgniter\Autoloader\Autoloader->loadInNamespace('App\\Models\\Gear_Product_Model')
 4 APPPATH\Controllers\Helpers\LoadersController.php(144): CodeIgniter\Autoloader\Autoloader->loadClass('App\\Models\\Gear_Product_Model')
 5 APPPATH\Controllers\Helpers\LoadersController.php(66): App\Controllers\Helpers\LoadersController->loadGears()
 6 APPPATH\Controllers\HomeController.php(24): App\Controllers\Helpers\LoadersController->requireMethod('gears')
 7 APPPATH\Controllers\HomeController.php(17): App\Controllers\HomeController->renderView('homepage', false)
 8 APPPATH\Controllers\HomeController.php(48): App\Controllers\HomeController->checkSessionThenRedirect('homepage')
 9 SYSTEMPATH\CodeIgniter.php(933): App\Controllers\HomeController->home()
10 SYSTEMPATH\CodeIgniter.php(509): CodeIgniter\CodeIgniter->runController(Object(App\Controllers\HomeController))
11 SYSTEMPATH\CodeIgniter.php(355): CodeIgniter\CodeIgniter->handleRequest(null, Object(Config\Cache), false)
12 SYSTEMPATH\Boot.php(325): CodeIgniter\CodeIgniter->run()
13 SYSTEMPATH\Boot.php(67): CodeIgniter\Boot::runCodeIgniter(Object(CodeIgniter\CodeIgniter))
14 FCPATH\index.php(56): CodeIgniter\Boot::bootWeb(Object(Config\Paths))
INFO - 2024-11-22 17:28:03 --> Session: Class initialized using 'CodeIgniter\Session\Handlers\FileHandler' driver.
INFO - 2024-11-22 17:29:07 --> Session: Class initialized using 'CodeIgniter\Session\Handlers\FileHandler' driver.
INFO - 2024-11-22 17:29:08 --> Session: Class initialized using 'CodeIgniter\Session\Handlers\FileHandler' driver.
INFO - 2024-11-22 17:56:15 --> Session: Class initialized using 'CodeIgniter\Session\Handlers\FileHandler' driver.
INFO - 2024-11-22 17:56:18 --> Session: Class initialized using 'CodeIgniter\Session\Handlers\FileHandler' driver.
INFO - 2024-11-22 17:56:19 --> Session: Class initialized using 'CodeIgniter\Session\Handlers\FileHandler' driver.
WARNING - 2024-11-22 17:56:19 --> [DEPRECATED] Optional parameter $field declared before required parameter $toRemove is implicitly treated as a required parameter in APPPATH\Models\Gear_Product_Model.php on line 57.
 1 SYSTEMPATH\Autoloader\Autoloader.php(317): include_once('C:\\xampp\\htdocs\\INM_Audio\\system\\Debug\\Exceptions.php')
 2 SYSTEMPATH\Autoloader\Autoloader.php(296): CodeIgniter\Autoloader\Autoloader->includeFile('C:\\xampp\\htdocs\\INM_Audio\\app\\Models\\Gear_Product_Model.php')
 3 SYSTEMPATH\Autoloader\Autoloader.php(272): CodeIgniter\Autoloader\Autoloader->loadInNamespace('App\\Models\\Gear_Product_Model')
 4 APPPATH\Controllers\Helpers\LoadersController.php(144): CodeIgniter\Autoloader\Autoloader->loadClass('App\\Models\\Gear_Product_Model')
 5 APPPATH\Controllers\Helpers\LoadersController.php(66): App\Controllers\Helpers\LoadersController->loadGears()
 6 APPPATH\Controllers\HomeController.php(24): App\Controllers\Helpers\LoadersController->requireMethod('gears')
 7 APPPATH\Controllers\HomeController.php(17): App\Controllers\HomeController->renderView('homepage', false)
 8 APPPATH\Controllers\HomeController.php(48): App\Controllers\HomeController->checkSessionThenRedirect('homepage')
 9 SYSTEMPATH\CodeIgniter.php(933): App\Controllers\HomeController->home()
10 SYSTEMPATH\CodeIgniter.php(509): CodeIgniter\CodeIgniter->runController(Object(App\Controllers\HomeController))
11 SYSTEMPATH\CodeIgniter.php(355): CodeIgniter\CodeIgniter->handleRequest(null, Object(Config\Cache), false)
12 SYSTEMPATH\Boot.php(325): CodeIgniter\CodeIgniter->run()
13 SYSTEMPATH\Boot.php(67): CodeIgniter\Boot::runCodeIgniter(Object(CodeIgniter\CodeIgniter))
14 FCPATH\index.php(56): CodeIgniter\Boot::bootWeb(Object(Config\Paths))
INFO - 2024-11-22 17:56:22 --> Session: Class initialized using 'CodeIgniter\Session\Handlers\FileHandler' driver.
WARNING - 2024-11-22 17:56:22 --> [DEPRECATED] Optional parameter $field declared before required parameter $toRemove is implicitly treated as a required parameter in APPPATH\Models\Gear_Product_Model.php on line 57.
 1 SYSTEMPATH\Autoloader\Autoloader.php(317): include_once('C:\\xampp\\htdocs\\INM_Audio\\system\\Debug\\Exceptions.php')
 2 SYSTEMPATH\Autoloader\Autoloader.php(296): CodeIgniter\Autoloader\Autoloader->includeFile('C:\\xampp\\htdocs\\INM_Audio\\app\\Models\\Gear_Product_Model.php')
 3 SYSTEMPATH\Autoloader\Autoloader.php(272): CodeIgniter\Autoloader\Autoloader->loadInNamespace('App\\Models\\Gear_Product_Model')
 4 APPPATH\Controllers\Helpers\LoadersController.php(144): CodeIgniter\Autoloader\Autoloader->loadClass('App\\Models\\Gear_Product_Model')
 5 APPPATH\Controllers\Helpers\LoadersController.php(66): App\Controllers\Helpers\LoadersController->loadGears()
 6 APPPATH\Controllers\HomeController.php(24): App\Controllers\Helpers\LoadersController->requireMethod('gears')
 7 APPPATH\Controllers\HomeController.php(17): App\Controllers\HomeController->renderView('login', false)
 8 APPPATH\Controllers\HomeController.php(64): App\Controllers\HomeController->checkSessionThenRedirect('login')
 9 SYSTEMPATH\CodeIgniter.php(933): App\Controllers\HomeController->login()
10 SYSTEMPATH\CodeIgniter.php(509): CodeIgniter\CodeIgniter->runController(Object(App\Controllers\HomeController))
11 SYSTEMPATH\CodeIgniter.php(355): CodeIgniter\CodeIgniter->handleRequest(null, Object(Config\Cache), false)
12 SYSTEMPATH\Boot.php(325): CodeIgniter\CodeIgniter->run()
13 SYSTEMPATH\Boot.php(67): CodeIgniter\Boot::runCodeIgniter(Object(CodeIgniter\CodeIgniter))
14 FCPATH\index.php(56): CodeIgniter\Boot::bootWeb(Object(Config\Paths))
INFO - 2024-11-22 17:56:27 --> Session: Class initialized using 'CodeIgniter\Session\Handlers\FileHandler' driver.
INFO - 2024-11-22 17:56:28 --> Session: Class initialized using 'CodeIgniter\Session\Handlers\FileHandler' driver.
WARNING - 2024-11-22 17:56:28 --> [DEPRECATED] Optional parameter $field declared before required parameter $toRemove is implicitly treated as a required parameter in APPPATH\Models\Gear_Product_Model.php on line 57.
 1 SYSTEMPATH\Autoloader\Autoloader.php(317): include_once('C:\\xampp\\htdocs\\INM_Audio\\system\\Debug\\Exceptions.php')
 2 SYSTEMPATH\Autoloader\Autoloader.php(296): CodeIgniter\Autoloader\Autoloader->includeFile('C:\\xampp\\htdocs\\INM_Audio\\app\\Models\\Gear_Product_Model.php')
 3 SYSTEMPATH\Autoloader\Autoloader.php(272): CodeIgniter\Autoloader\Autoloader->loadInNamespace('App\\Models\\Gear_Product_Model')
 4 APPPATH\Controllers\Helpers\LoadersController.php(144): CodeIgniter\Autoloader\Autoloader->loadClass('App\\Models\\Gear_Product_Model')
 5 APPPATH\Controllers\Helpers\LoadersController.php(66): App\Controllers\Helpers\LoadersController->loadGears()
 6 APPPATH\Controllers\AdminController.php(25): App\Controllers\Helpers\LoadersController->requireMethod('gears')
 7 APPPATH\Controllers\AdminController.php(15): App\Controllers\AdminController->renderView('AdminSide/dashboard', true)
 8 APPPATH\Controllers\AdminController.php(69): App\Controllers\AdminController->checkSessionThenRedirect('AdminSide/dashboard', true)
 9 SYSTEMPATH\CodeIgniter.php(933): App\Controllers\AdminController->dashboard()
10 SYSTEMPATH\CodeIgniter.php(509): CodeIgniter\CodeIgniter->runController(Object(App\Controllers\AdminController))
11 SYSTEMPATH\CodeIgniter.php(355): CodeIgniter\CodeIgniter->handleRequest(null, Object(Config\Cache), false)
12 SYSTEMPATH\Boot.php(325): CodeIgniter\CodeIgniter->run()
13 SYSTEMPATH\Boot.php(67): CodeIgniter\Boot::runCodeIgniter(Object(CodeIgniter\CodeIgniter))
14 FCPATH\index.php(56): CodeIgniter\Boot::bootWeb(Object(Config\Paths))
INFO - 2024-11-22 17:56:35 --> Session: Class initialized using 'CodeIgniter\Session\Handlers\FileHandler' driver.
WARNING - 2024-11-22 17:56:35 --> [DEPRECATED] Optional parameter $field declared before required parameter $toRemove is implicitly treated as a required parameter in APPPATH\Models\Gear_Product_Model.php on line 57.
 1 SYSTEMPATH\Autoloader\Autoloader.php(317): include_once('C:\\xampp\\htdocs\\INM_Audio\\system\\Debug\\Exceptions.php')
 2 SYSTEMPATH\Autoloader\Autoloader.php(296): CodeIgniter\Autoloader\Autoloader->includeFile('C:\\xampp\\htdocs\\INM_Audio\\app\\Models\\Gear_Product_Model.php')
 3 SYSTEMPATH\Autoloader\Autoloader.php(272): CodeIgniter\Autoloader\Autoloader->loadInNamespace('App\\Models\\Gear_Product_Model')
 4 APPPATH\Controllers\Helpers\LoadersController.php(144): CodeIgniter\Autoloader\Autoloader->loadClass('App\\Models\\Gear_Product_Model')
 5 APPPATH\Controllers\Helpers\LoadersController.php(66): App\Controllers\Helpers\LoadersController->loadGears()
 6 APPPATH\Controllers\AdminController.php(25): App\Controllers\Helpers\LoadersController->requireMethod('gears')
 7 APPPATH\Controllers\AdminController.php(15): App\Controllers\AdminController->renderView('AdminSide/transactions/transactions', true)
 8 APPPATH\Controllers\AdminController.php(73): App\Controllers\AdminController->checkSessionThenRedirect('AdminSide/transactions/transactions', true)
 9 SYSTEMPATH\CodeIgniter.php(933): App\Controllers\AdminController->transactions()
10 SYSTEMPATH\CodeIgniter.php(509): CodeIgniter\CodeIgniter->runController(Object(App\Controllers\AdminController))
11 SYSTEMPATH\CodeIgniter.php(355): CodeIgniter\CodeIgniter->handleRequest(null, Object(Config\Cache), false)
12 SYSTEMPATH\Boot.php(325): CodeIgniter\CodeIgniter->run()
13 SYSTEMPATH\Boot.php(67): CodeIgniter\Boot::runCodeIgniter(Object(CodeIgniter\CodeIgniter))
14 FCPATH\index.php(56): CodeIgniter\Boot::bootWeb(Object(Config\Paths))
INFO - 2024-11-22 17:56:42 --> Session: Class initialized using 'CodeIgniter\Session\Handlers\FileHandler' driver.
INFO - 2024-11-22 17:56:43 --> Session: Class initialized using 'CodeIgniter\Session\Handlers\FileHandler' driver.
WARNING - 2024-11-22 17:56:43 --> [DEPRECATED] Optional parameter $field declared before required parameter $toRemove is implicitly treated as a required parameter in APPPATH\Models\Gear_Product_Model.php on line 57.
 1 SYSTEMPATH\Autoloader\Autoloader.php(317): include_once('C:\\xampp\\htdocs\\INM_Audio\\system\\Debug\\Exceptions.php')
 2 SYSTEMPATH\Autoloader\Autoloader.php(296): CodeIgniter\Autoloader\Autoloader->includeFile('C:\\xampp\\htdocs\\INM_Audio\\app\\Models\\Gear_Product_Model.php')
 3 SYSTEMPATH\Autoloader\Autoloader.php(272): CodeIgniter\Autoloader\Autoloader->loadInNamespace('App\\Models\\Gear_Product_Model')
 4 APPPATH\Controllers\Helpers\LoadersController.php(144): CodeIgniter\Autoloader\Autoloader->loadClass('App\\Models\\Gear_Product_Model')
 5 APPPATH\Controllers\Helpers\LoadersController.php(66): App\Controllers\Helpers\LoadersController->loadGears()
 6 APPPATH\Controllers\AdminController.php(25): App\Controllers\Helpers\LoadersController->requireMethod('gears')
 7 APPPATH\Controllers\AdminController.php(15): App\Controllers\AdminController->renderView('AdminSide/transactions/transactions', true)
 8 APPPATH\Controllers\AdminController.php(73): App\Controllers\AdminController->checkSessionThenRedirect('AdminSide/transactions/transactions', true)
 9 SYSTEMPATH\CodeIgniter.php(933): App\Controllers\AdminController->transactions()
10 SYSTEMPATH\CodeIgniter.php(509): CodeIgniter\CodeIgniter->runController(Object(App\Controllers\AdminController))
11 SYSTEMPATH\CodeIgniter.php(355): CodeIgniter\CodeIgniter->handleRequest(null, Object(Config\Cache), false)
12 SYSTEMPATH\Boot.php(325): CodeIgniter\CodeIgniter->run()
13 SYSTEMPATH\Boot.php(67): CodeIgniter\Boot::runCodeIgniter(Object(CodeIgniter\CodeIgniter))
14 FCPATH\index.php(56): CodeIgniter\Boot::bootWeb(Object(Config\Paths))
INFO - 2024-11-22 17:56:47 --> Session: Class initialized using 'CodeIgniter\Session\Handlers\FileHandler' driver.
INFO - 2024-11-22 17:56:48 --> Session: Class initialized using 'CodeIgniter\Session\Handlers\FileHandler' driver.
WARNING - 2024-11-22 17:56:48 --> [DEPRECATED] Optional parameter $field declared before required parameter $toRemove is implicitly treated as a required parameter in APPPATH\Models\Gear_Product_Model.php on line 57.
 1 SYSTEMPATH\Autoloader\Autoloader.php(317): include_once('C:\\xampp\\htdocs\\INM_Audio\\system\\Debug\\Exceptions.php')
 2 SYSTEMPATH\Autoloader\Autoloader.php(296): CodeIgniter\Autoloader\Autoloader->includeFile('C:\\xampp\\htdocs\\INM_Audio\\app\\Models\\Gear_Product_Model.php')
 3 SYSTEMPATH\Autoloader\Autoloader.php(272): CodeIgniter\Autoloader\Autoloader->loadInNamespace('App\\Models\\Gear_Product_Model')
 4 APPPATH\Controllers\Helpers\LoadersController.php(144): CodeIgniter\Autoloader\Autoloader->loadClass('App\\Models\\Gear_Product_Model')
 5 APPPATH\Controllers\Helpers\LoadersController.php(66): App\Controllers\Helpers\LoadersController->loadGears()
 6 APPPATH\Controllers\AdminController.php(25): App\Controllers\Helpers\LoadersController->requireMethod('gears')
 7 APPPATH\Controllers\AdminController.php(15): App\Controllers\AdminController->renderView('AdminSide/transactions/transactions', true)
 8 APPPATH\Controllers\AdminController.php(73): App\Controllers\AdminController->checkSessionThenRedirect('AdminSide/transactions/transactions', true)
 9 SYSTEMPATH\CodeIgniter.php(933): App\Controllers\AdminController->transactions()
10 SYSTEMPATH\CodeIgniter.php(509): CodeIgniter\CodeIgniter->runController(Object(App\Controllers\AdminController))
11 SYSTEMPATH\CodeIgniter.php(355): CodeIgniter\CodeIgniter->handleRequest(null, Object(Config\Cache), false)
12 SYSTEMPATH\Boot.php(325): CodeIgniter\CodeIgniter->run()
13 SYSTEMPATH\Boot.php(67): CodeIgniter\Boot::runCodeIgniter(Object(CodeIgniter\CodeIgniter))
14 FCPATH\index.php(56): CodeIgniter\Boot::bootWeb(Object(Config\Paths))
INFO - 2024-11-22 17:56:51 --> Session: Class initialized using 'CodeIgniter\Session\Handlers\FileHandler' driver.
INFO - 2024-11-22 17:56:51 --> Session: Class initialized using 'CodeIgniter\Session\Handlers\FileHandler' driver.
WARNING - 2024-11-22 17:56:51 --> [DEPRECATED] Optional parameter $field declared before required parameter $toRemove is implicitly treated as a required parameter in APPPATH\Models\Gear_Product_Model.php on line 57.
 1 SYSTEMPATH\Autoloader\Autoloader.php(317): include_once('C:\\xampp\\htdocs\\INM_Audio\\system\\Debug\\Exceptions.php')
 2 SYSTEMPATH\Autoloader\Autoloader.php(296): CodeIgniter\Autoloader\Autoloader->includeFile('C:\\xampp\\htdocs\\INM_Audio\\app\\Models\\Gear_Product_Model.php')
 3 SYSTEMPATH\Autoloader\Autoloader.php(272): CodeIgniter\Autoloader\Autoloader->loadInNamespace('App\\Models\\Gear_Product_Model')
 4 APPPATH\Controllers\Helpers\LoadersController.php(144): CodeIgniter\Autoloader\Autoloader->loadClass('App\\Models\\Gear_Product_Model')
 5 APPPATH\Controllers\Helpers\LoadersController.php(66): App\Controllers\Helpers\LoadersController->loadGears()
 6 APPPATH\Controllers\HomeController.php(24): App\Controllers\Helpers\LoadersController->requireMethod('gears')
 7 APPPATH\Controllers\HomeController.php(17): App\Controllers\HomeController->renderView('homepage', false)
 8 APPPATH\Controllers\HomeController.php(48): App\Controllers\HomeController->checkSessionThenRedirect('homepage')
 9 SYSTEMPATH\CodeIgniter.php(933): App\Controllers\HomeController->home()
10 SYSTEMPATH\CodeIgniter.php(509): CodeIgniter\CodeIgniter->runController(Object(App\Controllers\HomeController))
11 SYSTEMPATH\CodeIgniter.php(355): CodeIgniter\CodeIgniter->handleRequest(null, Object(Config\Cache), false)
12 SYSTEMPATH\Boot.php(325): CodeIgniter\CodeIgniter->run()
13 SYSTEMPATH\Boot.php(67): CodeIgniter\Boot::runCodeIgniter(Object(CodeIgniter\CodeIgniter))
14 FCPATH\index.php(56): CodeIgniter\Boot::bootWeb(Object(Config\Paths))
INFO - 2024-11-22 17:56:53 --> Session: Class initialized using 'CodeIgniter\Session\Handlers\FileHandler' driver.
WARNING - 2024-11-22 17:56:53 --> [DEPRECATED] Optional parameter $field declared before required parameter $toRemove is implicitly treated as a required parameter in APPPATH\Models\Gear_Product_Model.php on line 57.
 1 SYSTEMPATH\Autoloader\Autoloader.php(317): include_once('C:\\xampp\\htdocs\\INM_Audio\\system\\Debug\\Exceptions.php')
 2 SYSTEMPATH\Autoloader\Autoloader.php(296): CodeIgniter\Autoloader\Autoloader->includeFile('C:\\xampp\\htdocs\\INM_Audio\\app\\Models\\Gear_Product_Model.php')
 3 SYSTEMPATH\Autoloader\Autoloader.php(272): CodeIgniter\Autoloader\Autoloader->loadInNamespace('App\\Models\\Gear_Product_Model')
 4 APPPATH\Controllers\Helpers\LoadersController.php(144): CodeIgniter\Autoloader\Autoloader->loadClass('App\\Models\\Gear_Product_Model')
 5 APPPATH\Controllers\Helpers\LoadersController.php(66): App\Controllers\Helpers\LoadersController->loadGears()
 6 APPPATH\Controllers\HomeController.php(24): App\Controllers\Helpers\LoadersController->requireMethod('gears')
 7 APPPATH\Controllers\HomeController.php(17): App\Controllers\HomeController->renderView('login', false)
 8 APPPATH\Controllers\HomeController.php(64): App\Controllers\HomeController->checkSessionThenRedirect('login')
 9 SYSTEMPATH\CodeIgniter.php(933): App\Controllers\HomeController->login()
10 SYSTEMPATH\CodeIgniter.php(509): CodeIgniter\CodeIgniter->runController(Object(App\Controllers\HomeController))
11 SYSTEMPATH\CodeIgniter.php(355): CodeIgniter\CodeIgniter->handleRequest(null, Object(Config\Cache), false)
12 SYSTEMPATH\Boot.php(325): CodeIgniter\CodeIgniter->run()
13 SYSTEMPATH\Boot.php(67): CodeIgniter\Boot::runCodeIgniter(Object(CodeIgniter\CodeIgniter))
14 FCPATH\index.php(56): CodeIgniter\Boot::bootWeb(Object(Config\Paths))
INFO - 2024-11-22 17:57:02 --> Session: Class initialized using 'CodeIgniter\Session\Handlers\FileHandler' driver.
INFO - 2024-11-22 17:57:03 --> Session: Class initialized using 'CodeIgniter\Session\Handlers\FileHandler' driver.
WARNING - 2024-11-22 17:57:03 --> [DEPRECATED] Optional parameter $field declared before required parameter $toRemove is implicitly treated as a required parameter in APPPATH\Models\Gear_Product_Model.php on line 57.
 1 SYSTEMPATH\Autoloader\Autoloader.php(317): include_once('C:\\xampp\\htdocs\\INM_Audio\\system\\Debug\\Exceptions.php')
 2 SYSTEMPATH\Autoloader\Autoloader.php(296): CodeIgniter\Autoloader\Autoloader->includeFile('C:\\xampp\\htdocs\\INM_Audio\\app\\Models\\Gear_Product_Model.php')
 3 SYSTEMPATH\Autoloader\Autoloader.php(272): CodeIgniter\Autoloader\Autoloader->loadInNamespace('App\\Models\\Gear_Product_Model')
 4 APPPATH\Controllers\Helpers\LoadersController.php(144): CodeIgniter\Autoloader\Autoloader->loadClass('App\\Models\\Gear_Product_Model')
 5 APPPATH\Controllers\Helpers\LoadersController.php(66): App\Controllers\Helpers\LoadersController->loadGears()
 6 APPPATH\Controllers\HomeController.php(24): App\Controllers\Helpers\LoadersController->requireMethod('gears')
 7 APPPATH\Controllers\HomeController.php(17): App\Controllers\HomeController->renderView('homepage', false)
 8 APPPATH\Controllers\HomeController.php(48): App\Controllers\HomeController->checkSessionThenRedirect('homepage')
 9 SYSTEMPATH\CodeIgniter.php(933): App\Controllers\HomeController->home()
10 SYSTEMPATH\CodeIgniter.php(509): CodeIgniter\CodeIgniter->runController(Object(App\Controllers\HomeController))
11 SYSTEMPATH\CodeIgniter.php(355): CodeIgniter\CodeIgniter->handleRequest(null, Object(Config\Cache), false)
12 SYSTEMPATH\Boot.php(325): CodeIgniter\CodeIgniter->run()
13 SYSTEMPATH\Boot.php(67): CodeIgniter\Boot::runCodeIgniter(Object(CodeIgniter\CodeIgniter))
14 FCPATH\index.php(56): CodeIgniter\Boot::bootWeb(Object(Config\Paths))
INFO - 2024-11-22 17:57:21 --> Session: Class initialized using 'CodeIgniter\Session\Handlers\FileHandler' driver.
INFO - 2024-11-22 17:57:35 --> Session: Class initialized using 'CodeIgniter\Session\Handlers\FileHandler' driver.
INFO - 2024-11-22 17:57:37 --> Session: Class initialized using 'CodeIgniter\Session\Handlers\FileHandler' driver.
INFO - 2024-11-22 17:57:40 --> Session: Class initialized using 'CodeIgniter\Session\Handlers\FileHandler' driver.
INFO - 2024-11-22 17:57:49 --> Session: Class initialized using 'CodeIgniter\Session\Handlers\FileHandler' driver.
INFO - 2024-11-22 17:57:50 --> Session: Class initialized using 'CodeIgniter\Session\Handlers\FileHandler' driver.
INFO - 2024-11-22 17:58:03 --> Session: Class initialized using 'CodeIgniter\Session\Handlers\FileHandler' driver.
INFO - 2024-11-22 17:58:04 --> Session: Class initialized using 'CodeIgniter\Session\Handlers\FileHandler' driver.
INFO - 2024-11-22 17:58:30 --> Session: Class initialized using 'CodeIgniter\Session\Handlers\FileHandler' driver.
INFO - 2024-11-22 17:58:31 --> Session: Class initialized using 'CodeIgniter\Session\Handlers\FileHandler' driver.
INFO - 2024-11-22 19:03:46 --> Session: Class initialized using 'CodeIgniter\Session\Handlers\FileHandler' driver.
INFO - 2024-11-22 19:04:04 --> Session: Class initialized using 'CodeIgniter\Session\Handlers\FileHandler' driver.
INFO - 2024-11-22 19:04:04 --> Session: Class initialized using 'CodeIgniter\Session\Handlers\FileHandler' driver.
INFO - 2024-11-22 19:04:05 --> Session: Class initialized using 'CodeIgniter\Session\Handlers\FileHandler' driver.
INFO - 2024-11-22 19:04:05 --> Session: Class initialized using 'CodeIgniter\Session\Handlers\FileHandler' driver.
INFO - 2024-11-22 19:04:05 --> Session: Class initialized using 'CodeIgniter\Session\Handlers\FileHandler' driver.
INFO - 2024-11-22 19:04:07 --> Session: Class initialized using 'CodeIgniter\Session\Handlers\FileHandler' driver.
WARNING - 2024-11-22 19:04:07 --> [DEPRECATED] Optional parameter $field declared before required parameter $toRemove is implicitly treated as a required parameter in APPPATH\Models\Gear_Product_Model.php on line 57.
 1 SYSTEMPATH\Autoloader\Autoloader.php(317): include_once('C:\\xampp\\htdocs\\INM_Audio\\system\\Debug\\Exceptions.php')
 2 SYSTEMPATH\Autoloader\Autoloader.php(296): CodeIgniter\Autoloader\Autoloader->includeFile('C:\\xampp\\htdocs\\INM_Audio\\app\\Models\\Gear_Product_Model.php')
 3 SYSTEMPATH\Autoloader\Autoloader.php(272): CodeIgniter\Autoloader\Autoloader->loadInNamespace('App\\Models\\Gear_Product_Model')
 4 APPPATH\Controllers\Helpers\LoadersController.php(144): CodeIgniter\Autoloader\Autoloader->loadClass('App\\Models\\Gear_Product_Model')
 5 APPPATH\Controllers\Helpers\LoadersController.php(66): App\Controllers\Helpers\LoadersController->loadGears()
 6 APPPATH\Controllers\HomeController.php(24): App\Controllers\Helpers\LoadersController->requireMethod('gears')
 7 APPPATH\Controllers\HomeController.php(17): App\Controllers\HomeController->renderView('homepage', false)
 8 APPPATH\Controllers\HomeController.php(48): App\Controllers\HomeController->checkSessionThenRedirect('homepage')
 9 SYSTEMPATH\CodeIgniter.php(933): App\Controllers\HomeController->home()
10 SYSTEMPATH\CodeIgniter.php(509): CodeIgniter\CodeIgniter->runController(Object(App\Controllers\HomeController))
11 SYSTEMPATH\CodeIgniter.php(355): CodeIgniter\CodeIgniter->handleRequest(null, Object(Config\Cache), false)
12 SYSTEMPATH\Boot.php(325): CodeIgniter\CodeIgniter->run()
13 SYSTEMPATH\Boot.php(67): CodeIgniter\Boot::runCodeIgniter(Object(CodeIgniter\CodeIgniter))
14 FCPATH\index.php(56): CodeIgniter\Boot::bootWeb(Object(Config\Paths))
INFO - 2024-11-22 19:04:24 --> Session: Class initialized using 'CodeIgniter\Session\Handlers\FileHandler' driver.
WARNING - 2024-11-22 19:04:24 --> [DEPRECATED] Optional parameter $field declared before required parameter $toRemove is implicitly treated as a required parameter in APPPATH\Models\Gear_Product_Model.php on line 57.
 1 SYSTEMPATH\Autoloader\Autoloader.php(317): include_once('C:\\xampp\\htdocs\\INM_Audio\\system\\Debug\\Exceptions.php')
 2 SYSTEMPATH\Autoloader\Autoloader.php(296): CodeIgniter\Autoloader\Autoloader->includeFile('C:\\xampp\\htdocs\\INM_Audio\\app\\Models\\Gear_Product_Model.php')
 3 SYSTEMPATH\Autoloader\Autoloader.php(272): CodeIgniter\Autoloader\Autoloader->loadInNamespace('App\\Models\\Gear_Product_Model')
 4 APPPATH\Controllers\Helpers\LoadersController.php(144): CodeIgniter\Autoloader\Autoloader->loadClass('App\\Models\\Gear_Product_Model')
 5 APPPATH\Controllers\Helpers\LoadersController.php(66): App\Controllers\Helpers\LoadersController->loadGears()
 6 APPPATH\Controllers\HomeController.php(24): App\Controllers\Helpers\LoadersController->requireMethod('gears')
 7 APPPATH\Controllers\HomeController.php(17): App\Controllers\HomeController->renderView('login', false)
 8 APPPATH\Controllers\HomeController.php(64): App\Controllers\HomeController->checkSessionThenRedirect('login')
 9 SYSTEMPATH\CodeIgniter.php(933): App\Controllers\HomeController->login()
10 SYSTEMPATH\CodeIgniter.php(509): CodeIgniter\CodeIgniter->runController(Object(App\Controllers\HomeController))
11 SYSTEMPATH\CodeIgniter.php(355): CodeIgniter\CodeIgniter->handleRequest(null, Object(Config\Cache), false)
12 SYSTEMPATH\Boot.php(325): CodeIgniter\CodeIgniter->run()
13 SYSTEMPATH\Boot.php(67): CodeIgniter\Boot::runCodeIgniter(Object(CodeIgniter\CodeIgniter))
14 FCPATH\index.php(56): CodeIgniter\Boot::bootWeb(Object(Config\Paths))
INFO - 2024-11-22 19:04:46 --> Session: Class initialized using 'CodeIgniter\Session\Handlers\FileHandler' driver.
INFO - 2024-11-22 19:04:48 --> Session: Class initialized using 'CodeIgniter\Session\Handlers\FileHandler' driver.
WARNING - 2024-11-22 19:04:48 --> [DEPRECATED] Optional parameter $field declared before required parameter $toRemove is implicitly treated as a required parameter in APPPATH\Models\Gear_Product_Model.php on line 57.
 1 SYSTEMPATH\Autoloader\Autoloader.php(317): include_once('C:\\xampp\\htdocs\\INM_Audio\\system\\Debug\\Exceptions.php')
 2 SYSTEMPATH\Autoloader\Autoloader.php(296): CodeIgniter\Autoloader\Autoloader->includeFile('C:\\xampp\\htdocs\\INM_Audio\\app\\Models\\Gear_Product_Model.php')
 3 SYSTEMPATH\Autoloader\Autoloader.php(272): CodeIgniter\Autoloader\Autoloader->loadInNamespace('App\\Models\\Gear_Product_Model')
 4 APPPATH\Controllers\Helpers\LoadersController.php(144): CodeIgniter\Autoloader\Autoloader->loadClass('App\\Models\\Gear_Product_Model')
 5 APPPATH\Controllers\Helpers\LoadersController.php(66): App\Controllers\Helpers\LoadersController->loadGears()
 6 APPPATH\Controllers\AdminController.php(25): App\Controllers\Helpers\LoadersController->requireMethod('gears')
 7 APPPATH\Controllers\AdminController.php(15): App\Controllers\AdminController->renderView('AdminSide/dashboard', true)
 8 APPPATH\Controllers\AdminController.php(69): App\Controllers\AdminController->checkSessionThenRedirect('AdminSide/dashboard', true)
 9 SYSTEMPATH\CodeIgniter.php(933): App\Controllers\AdminController->dashboard()
10 SYSTEMPATH\CodeIgniter.php(509): CodeIgniter\CodeIgniter->runController(Object(App\Controllers\AdminController))
11 SYSTEMPATH\CodeIgniter.php(355): CodeIgniter\CodeIgniter->handleRequest(null, Object(Config\Cache), false)
12 SYSTEMPATH\Boot.php(325): CodeIgniter\CodeIgniter->run()
13 SYSTEMPATH\Boot.php(67): CodeIgniter\Boot::runCodeIgniter(Object(CodeIgniter\CodeIgniter))
14 FCPATH\index.php(56): CodeIgniter\Boot::bootWeb(Object(Config\Paths))
INFO - 2024-11-22 19:39:29 --> Session: Class initialized using 'CodeIgniter\Session\Handlers\FileHandler' driver.
WARNING - 2024-11-22 19:39:30 --> [DEPRECATED] Optional parameter $field declared before required parameter $toRemove is implicitly treated as a required parameter in APPPATH\Models\Gear_Product_Model.php on line 57.
 1 SYSTEMPATH\Autoloader\Autoloader.php(317): include_once('C:\\xampp\\htdocs\\INM_Audio\\system\\Debug\\Exceptions.php')
 2 SYSTEMPATH\Autoloader\Autoloader.php(296): CodeIgniter\Autoloader\Autoloader->includeFile('C:\\xampp\\htdocs\\INM_Audio\\app\\Models\\Gear_Product_Model.php')
 3 SYSTEMPATH\Autoloader\Autoloader.php(272): CodeIgniter\Autoloader\Autoloader->loadInNamespace('App\\Models\\Gear_Product_Model')
 4 APPPATH\Controllers\Helpers\LoadersController.php(144): CodeIgniter\Autoloader\Autoloader->loadClass('App\\Models\\Gear_Product_Model')
 5 APPPATH\Controllers\Helpers\LoadersController.php(66): App\Controllers\Helpers\LoadersController->loadGears()
 6 APPPATH\Controllers\AdminController.php(25): App\Controllers\Helpers\LoadersController->requireMethod('gears')
 7 APPPATH\Controllers\AdminController.php(15): App\Controllers\AdminController->renderView('AdminSide/gearManagement/gearManagement', true)
 8 APPPATH\Controllers\AdminController.php(77): App\Controllers\AdminController->checkSessionThenRedirect('AdminSide/gearManagement/gearManagement', true)
 9 SYSTEMPATH\CodeIgniter.php(933): App\Controllers\AdminController->gearManagement()
10 SYSTEMPATH\CodeIgniter.php(509): CodeIgniter\CodeIgniter->runController(Object(App\Controllers\AdminController))
11 SYSTEMPATH\CodeIgniter.php(355): CodeIgniter\CodeIgniter->handleRequest(null, Object(Config\Cache), false)
12 SYSTEMPATH\Boot.php(325): CodeIgniter\CodeIgniter->run()
13 SYSTEMPATH\Boot.php(67): CodeIgniter\Boot::runCodeIgniter(Object(CodeIgniter\CodeIgniter))
14 FCPATH\index.php(56): CodeIgniter\Boot::bootWeb(Object(Config\Paths))
INFO - 2024-11-22 19:40:33 --> Session: Class initialized using 'CodeIgniter\Session\Handlers\FileHandler' driver.
WARNING - 2024-11-22 19:40:33 --> [DEPRECATED] Optional parameter $field declared before required parameter $toRemove is implicitly treated as a required parameter in APPPATH\Models\Gear_Product_Model.php on line 57.
 1 SYSTEMPATH\Autoloader\Autoloader.php(317): include_once('C:\\xampp\\htdocs\\INM_Audio\\system\\Debug\\Exceptions.php')
 2 SYSTEMPATH\Autoloader\Autoloader.php(296): CodeIgniter\Autoloader\Autoloader->includeFile('C:\\xampp\\htdocs\\INM_Audio\\app\\Models\\Gear_Product_Model.php')
 3 SYSTEMPATH\Autoloader\Autoloader.php(272): CodeIgniter\Autoloader\Autoloader->loadInNamespace('App\\Models\\Gear_Product_Model')
 4 APPPATH\Controllers\Helpers\LoadersController.php(144): CodeIgniter\Autoloader\Autoloader->loadClass('App\\Models\\Gear_Product_Model')
 5 APPPATH\Controllers\Helpers\LoadersController.php(66): App\Controllers\Helpers\LoadersController->loadGears()
 6 APPPATH\Controllers\AdminController.php(25): App\Controllers\Helpers\LoadersController->requireMethod('gears')
 7 APPPATH\Controllers\AdminController.php(15): App\Controllers\AdminController->renderView('AdminSide/gearManagement/addCategory', true)
 8 APPPATH\Controllers\AdminController.php(85): App\Controllers\AdminController->checkSessionThenRedirect('AdminSide/gearManagement/addCategory', true)
 9 SYSTEMPATH\CodeIgniter.php(933): App\Controllers\AdminController->addCategories()
10 SYSTEMPATH\CodeIgniter.php(509): CodeIgniter\CodeIgniter->runController(Object(App\Controllers\AdminController))
11 SYSTEMPATH\CodeIgniter.php(355): CodeIgniter\CodeIgniter->handleRequest(null, Object(Config\Cache), false)
12 SYSTEMPATH\Boot.php(325): CodeIgniter\CodeIgniter->run()
13 SYSTEMPATH\Boot.php(67): CodeIgniter\Boot::runCodeIgniter(Object(CodeIgniter\CodeIgniter))
14 FCPATH\index.php(56): CodeIgniter\Boot::bootWeb(Object(Config\Paths))
INFO - 2024-11-22 19:40:45 --> Session: Class initialized using 'CodeIgniter\Session\Handlers\FileHandler' driver.
INFO - 2024-11-22 19:40:45 --> Session: Class initialized using 'CodeIgniter\Session\Handlers\FileHandler' driver.
WARNING - 2024-11-22 19:40:45 --> [DEPRECATED] Optional parameter $field declared before required parameter $toRemove is implicitly treated as a required parameter in APPPATH\Models\Gear_Product_Model.php on line 57.
 1 SYSTEMPATH\Autoloader\Autoloader.php(317): include_once('C:\\xampp\\htdocs\\INM_Audio\\system\\Debug\\Exceptions.php')
 2 SYSTEMPATH\Autoloader\Autoloader.php(296): CodeIgniter\Autoloader\Autoloader->includeFile('C:\\xampp\\htdocs\\INM_Audio\\app\\Models\\Gear_Product_Model.php')
 3 SYSTEMPATH\Autoloader\Autoloader.php(272): CodeIgniter\Autoloader\Autoloader->loadInNamespace('App\\Models\\Gear_Product_Model')
 4 APPPATH\Controllers\Helpers\LoadersController.php(144): CodeIgniter\Autoloader\Autoloader->loadClass('App\\Models\\Gear_Product_Model')
 5 APPPATH\Controllers\Helpers\LoadersController.php(66): App\Controllers\Helpers\LoadersController->loadGears()
 6 APPPATH\Controllers\AdminController.php(25): App\Controllers\Helpers\LoadersController->requireMethod('gears')
 7 APPPATH\Controllers\AdminController.php(15): App\Controllers\AdminController->renderView('AdminSide/gearManagement/addCategory', true)
 8 APPPATH\Controllers\AdminController.php(85): App\Controllers\AdminController->checkSessionThenRedirect('AdminSide/gearManagement/addCategory', true)
 9 SYSTEMPATH\CodeIgniter.php(933): App\Controllers\AdminController->addCategories()
10 SYSTEMPATH\CodeIgniter.php(509): CodeIgniter\CodeIgniter->runController(Object(App\Controllers\AdminController))
11 SYSTEMPATH\CodeIgniter.php(355): CodeIgniter\CodeIgniter->handleRequest(null, Object(Config\Cache), false)
12 SYSTEMPATH\Boot.php(325): CodeIgniter\CodeIgniter->run()
13 SYSTEMPATH\Boot.php(67): CodeIgniter\Boot::runCodeIgniter(Object(CodeIgniter\CodeIgniter))
14 FCPATH\index.php(56): CodeIgniter\Boot::bootWeb(Object(Config\Paths))
INFO - 2024-11-22 19:40:52 --> Session: Class initialized using 'CodeIgniter\Session\Handlers\FileHandler' driver.
INFO - 2024-11-22 19:40:53 --> Session: Class initialized using 'CodeIgniter\Session\Handlers\FileHandler' driver.
WARNING - 2024-11-22 19:40:53 --> [DEPRECATED] Optional parameter $field declared before required parameter $toRemove is implicitly treated as a required parameter in APPPATH\Models\Gear_Product_Model.php on line 57.
 1 SYSTEMPATH\Autoloader\Autoloader.php(317): include_once('C:\\xampp\\htdocs\\INM_Audio\\system\\Debug\\Exceptions.php')
 2 SYSTEMPATH\Autoloader\Autoloader.php(296): CodeIgniter\Autoloader\Autoloader->includeFile('C:\\xampp\\htdocs\\INM_Audio\\app\\Models\\Gear_Product_Model.php')
 3 SYSTEMPATH\Autoloader\Autoloader.php(272): CodeIgniter\Autoloader\Autoloader->loadInNamespace('App\\Models\\Gear_Product_Model')
 4 APPPATH\Controllers\Helpers\LoadersController.php(144): CodeIgniter\Autoloader\Autoloader->loadClass('App\\Models\\Gear_Product_Model')
 5 APPPATH\Controllers\Helpers\LoadersController.php(66): App\Controllers\Helpers\LoadersController->loadGears()
 6 APPPATH\Controllers\AdminController.php(25): App\Controllers\Helpers\LoadersController->requireMethod('gears')
 7 APPPATH\Controllers\AdminController.php(15): App\Controllers\AdminController->renderView('AdminSide/gearManagement/addCategory', true)
 8 APPPATH\Controllers\AdminController.php(85): App\Controllers\AdminController->checkSessionThenRedirect('AdminSide/gearManagement/addCategory', true)
 9 SYSTEMPATH\CodeIgniter.php(933): App\Controllers\AdminController->addCategories()
10 SYSTEMPATH\CodeIgniter.php(509): CodeIgniter\CodeIgniter->runController(Object(App\Controllers\AdminController))
11 SYSTEMPATH\CodeIgniter.php(355): CodeIgniter\CodeIgniter->handleRequest(null, Object(Config\Cache), false)
12 SYSTEMPATH\Boot.php(325): CodeIgniter\CodeIgniter->run()
13 SYSTEMPATH\Boot.php(67): CodeIgniter\Boot::runCodeIgniter(Object(CodeIgniter\CodeIgniter))
14 FCPATH\index.php(56): CodeIgniter\Boot::bootWeb(Object(Config\Paths))
INFO - 2024-11-22 19:42:10 --> Session: Class initialized using 'CodeIgniter\Session\Handlers\FileHandler' driver.
WARNING - 2024-11-22 19:42:10 --> [DEPRECATED] Optional parameter $field declared before required parameter $toRemove is implicitly treated as a required parameter in APPPATH\Models\Gear_Product_Model.php on line 57.
 1 SYSTEMPATH\Autoloader\Autoloader.php(317): include_once('C:\\xampp\\htdocs\\INM_Audio\\system\\Debug\\Exceptions.php')
 2 SYSTEMPATH\Autoloader\Autoloader.php(296): CodeIgniter\Autoloader\Autoloader->includeFile('C:\\xampp\\htdocs\\INM_Audio\\app\\Models\\Gear_Product_Model.php')
 3 SYSTEMPATH\Autoloader\Autoloader.php(272): CodeIgniter\Autoloader\Autoloader->loadInNamespace('App\\Models\\Gear_Product_Model')
 4 APPPATH\Controllers\Helpers\LoadersController.php(144): CodeIgniter\Autoloader\Autoloader->loadClass('App\\Models\\Gear_Product_Model')
 5 APPPATH\Controllers\Helpers\LoadersController.php(66): App\Controllers\Helpers\LoadersController->loadGears()
 6 APPPATH\Controllers\AdminController.php(25): App\Controllers\Helpers\LoadersController->requireMethod('gears')
 7 APPPATH\Controllers\AdminController.php(15): App\Controllers\AdminController->renderView('AdminSide/dashboard', true)
 8 APPPATH\Controllers\AdminController.php(69): App\Controllers\AdminController->checkSessionThenRedirect('AdminSide/dashboard', true)
 9 SYSTEMPATH\CodeIgniter.php(933): App\Controllers\AdminController->dashboard()
10 SYSTEMPATH\CodeIgniter.php(509): CodeIgniter\CodeIgniter->runController(Object(App\Controllers\AdminController))
11 SYSTEMPATH\CodeIgniter.php(355): CodeIgniter\CodeIgniter->handleRequest(null, Object(Config\Cache), false)
12 SYSTEMPATH\Boot.php(325): CodeIgniter\CodeIgniter->run()
13 SYSTEMPATH\Boot.php(67): CodeIgniter\Boot::runCodeIgniter(Object(CodeIgniter\CodeIgniter))
14 FCPATH\index.php(56): CodeIgniter\Boot::bootWeb(Object(Config\Paths))
INFO - 2024-11-22 19:42:37 --> Session: Class initialized using 'CodeIgniter\Session\Handlers\FileHandler' driver.
WARNING - 2024-11-22 19:42:37 --> [DEPRECATED] Optional parameter $field declared before required parameter $toRemove is implicitly treated as a required parameter in APPPATH\Models\Gear_Product_Model.php on line 57.
 1 SYSTEMPATH\Autoloader\Autoloader.php(317): include_once('C:\\xampp\\htdocs\\INM_Audio\\system\\Debug\\Exceptions.php')
 2 SYSTEMPATH\Autoloader\Autoloader.php(296): CodeIgniter\Autoloader\Autoloader->includeFile('C:\\xampp\\htdocs\\INM_Audio\\app\\Models\\Gear_Product_Model.php')
 3 SYSTEMPATH\Autoloader\Autoloader.php(272): CodeIgniter\Autoloader\Autoloader->loadInNamespace('App\\Models\\Gear_Product_Model')
 4 APPPATH\Controllers\Helpers\LoadersController.php(144): CodeIgniter\Autoloader\Autoloader->loadClass('App\\Models\\Gear_Product_Model')
 5 APPPATH\Controllers\Helpers\LoadersController.php(66): App\Controllers\Helpers\LoadersController->loadGears()
 6 APPPATH\Controllers\AdminController.php(25): App\Controllers\Helpers\LoadersController->requireMethod('gears')
 7 APPPATH\Controllers\AdminController.php(15): App\Controllers\AdminController->renderView('AdminSide/gearManagement/gearManagement', true)
 8 APPPATH\Controllers\AdminController.php(77): App\Controllers\AdminController->checkSessionThenRedirect('AdminSide/gearManagement/gearManagement', true)
 9 SYSTEMPATH\CodeIgniter.php(933): App\Controllers\AdminController->gearManagement()
10 SYSTEMPATH\CodeIgniter.php(509): CodeIgniter\CodeIgniter->runController(Object(App\Controllers\AdminController))
11 SYSTEMPATH\CodeIgniter.php(355): CodeIgniter\CodeIgniter->handleRequest(null, Object(Config\Cache), false)
12 SYSTEMPATH\Boot.php(325): CodeIgniter\CodeIgniter->run()
13 SYSTEMPATH\Boot.php(67): CodeIgniter\Boot::runCodeIgniter(Object(CodeIgniter\CodeIgniter))
14 FCPATH\index.php(56): CodeIgniter\Boot::bootWeb(Object(Config\Paths))
INFO - 2024-11-22 19:46:25 --> Session: Class initialized using 'CodeIgniter\Session\Handlers\FileHandler' driver.
WARNING - 2024-11-22 19:46:25 --> [DEPRECATED] Optional parameter $field declared before required parameter $toRemove is implicitly treated as a required parameter in APPPATH\Models\Gear_Product_Model.php on line 57.
 1 SYSTEMPATH\Autoloader\Autoloader.php(317): include_once('C:\\xampp\\htdocs\\INM_Audio\\system\\Debug\\Exceptions.php')
 2 SYSTEMPATH\Autoloader\Autoloader.php(296): CodeIgniter\Autoloader\Autoloader->includeFile('C:\\xampp\\htdocs\\INM_Audio\\app\\Models\\Gear_Product_Model.php')
 3 SYSTEMPATH\Autoloader\Autoloader.php(272): CodeIgniter\Autoloader\Autoloader->loadInNamespace('App\\Models\\Gear_Product_Model')
 4 APPPATH\Controllers\Helpers\LoadersController.php(144): CodeIgniter\Autoloader\Autoloader->loadClass('App\\Models\\Gear_Product_Model')
 5 APPPATH\Controllers\Helpers\LoadersController.php(66): App\Controllers\Helpers\LoadersController->loadGears()
 6 APPPATH\Controllers\AdminController.php(25): App\Controllers\Helpers\LoadersController->requireMethod('gears')
 7 APPPATH\Controllers\AdminController.php(15): App\Controllers\AdminController->renderView('AdminSide/gearManagement/addCategory', true)
 8 APPPATH\Controllers\AdminController.php(85): App\Controllers\AdminController->checkSessionThenRedirect('AdminSide/gearManagement/addCategory', true)
 9 SYSTEMPATH\CodeIgniter.php(933): App\Controllers\AdminController->addCategories()
10 SYSTEMPATH\CodeIgniter.php(509): CodeIgniter\CodeIgniter->runController(Object(App\Controllers\AdminController))
11 SYSTEMPATH\CodeIgniter.php(355): CodeIgniter\CodeIgniter->handleRequest(null, Object(Config\Cache), false)
12 SYSTEMPATH\Boot.php(325): CodeIgniter\CodeIgniter->run()
13 SYSTEMPATH\Boot.php(67): CodeIgniter\Boot::runCodeIgniter(Object(CodeIgniter\CodeIgniter))
14 FCPATH\index.php(56): CodeIgniter\Boot::bootWeb(Object(Config\Paths))
INFO - 2024-11-22 19:52:19 --> Session: Class initialized using 'CodeIgniter\Session\Handlers\FileHandler' driver.
WARNING - 2024-11-22 19:52:19 --> [DEPRECATED] Optional parameter $field declared before required parameter $toRemove is implicitly treated as a required parameter in APPPATH\Models\Gear_Product_Model.php on line 57.
 1 SYSTEMPATH\Autoloader\Autoloader.php(317): include_once('C:\\xampp\\htdocs\\INM_Audio\\system\\Debug\\Exceptions.php')
 2 SYSTEMPATH\Autoloader\Autoloader.php(296): CodeIgniter\Autoloader\Autoloader->includeFile('C:\\xampp\\htdocs\\INM_Audio\\app\\Models\\Gear_Product_Model.php')
 3 SYSTEMPATH\Autoloader\Autoloader.php(272): CodeIgniter\Autoloader\Autoloader->loadInNamespace('App\\Models\\Gear_Product_Model')
 4 APPPATH\Controllers\Helpers\LoadersController.php(144): CodeIgniter\Autoloader\Autoloader->loadClass('App\\Models\\Gear_Product_Model')
 5 APPPATH\Controllers\Helpers\LoadersController.php(66): App\Controllers\Helpers\LoadersController->loadGears()
 6 APPPATH\Controllers\AdminController.php(25): App\Controllers\Helpers\LoadersController->requireMethod('gears')
 7 APPPATH\Controllers\AdminController.php(15): App\Controllers\AdminController->renderView('AdminSide/gearManagement/gearManagement', true)
 8 APPPATH\Controllers\AdminController.php(77): App\Controllers\AdminController->checkSessionThenRedirect('AdminSide/gearManagement/gearManagement', true)
 9 SYSTEMPATH\CodeIgniter.php(933): App\Controllers\AdminController->gearManagement()
10 SYSTEMPATH\CodeIgniter.php(509): CodeIgniter\CodeIgniter->runController(Object(App\Controllers\AdminController))
11 SYSTEMPATH\CodeIgniter.php(355): CodeIgniter\CodeIgniter->handleRequest(null, Object(Config\Cache), false)
12 SYSTEMPATH\Boot.php(325): CodeIgniter\CodeIgniter->run()
13 SYSTEMPATH\Boot.php(67): CodeIgniter\Boot::runCodeIgniter(Object(CodeIgniter\CodeIgniter))
14 FCPATH\index.php(56): CodeIgniter\Boot::bootWeb(Object(Config\Paths))
INFO - 2024-11-22 19:58:03 --> Session: Class initialized using 'CodeIgniter\Session\Handlers\FileHandler' driver.
WARNING - 2024-11-22 19:58:03 --> [DEPRECATED] Optional parameter $field declared before required parameter $toRemove is implicitly treated as a required parameter in APPPATH\Models\Gear_Product_Model.php on line 57.
 1 SYSTEMPATH\Autoloader\Autoloader.php(317): include_once('C:\\xampp\\htdocs\\INM_Audio\\system\\Debug\\Exceptions.php')
 2 SYSTEMPATH\Autoloader\Autoloader.php(296): CodeIgniter\Autoloader\Autoloader->includeFile('C:\\xampp\\htdocs\\INM_Audio\\app\\Models\\Gear_Product_Model.php')
 3 SYSTEMPATH\Autoloader\Autoloader.php(272): CodeIgniter\Autoloader\Autoloader->loadInNamespace('App\\Models\\Gear_Product_Model')
 4 APPPATH\Controllers\Helpers\LoadersController.php(144): CodeIgniter\Autoloader\Autoloader->loadClass('App\\Models\\Gear_Product_Model')
 5 APPPATH\Controllers\Helpers\LoadersController.php(66): App\Controllers\Helpers\LoadersController->loadGears()
 6 APPPATH\Controllers\AdminController.php(25): App\Controllers\Helpers\LoadersController->requireMethod('gears')
 7 APPPATH\Controllers\AdminController.php(15): App\Controllers\AdminController->renderView('AdminSide/transactions/transactions', true)
 8 APPPATH\Controllers\AdminController.php(73): App\Controllers\AdminController->checkSessionThenRedirect('AdminSide/transactions/transactions', true)
 9 SYSTEMPATH\CodeIgniter.php(933): App\Controllers\AdminController->transactions()
10 SYSTEMPATH\CodeIgniter.php(509): CodeIgniter\CodeIgniter->runController(Object(App\Controllers\AdminController))
11 SYSTEMPATH\CodeIgniter.php(355): CodeIgniter\CodeIgniter->handleRequest(null, Object(Config\Cache), false)
12 SYSTEMPATH\Boot.php(325): CodeIgniter\CodeIgniter->run()
13 SYSTEMPATH\Boot.php(67): CodeIgniter\Boot::runCodeIgniter(Object(CodeIgniter\CodeIgniter))
14 FCPATH\index.php(56): CodeIgniter\Boot::bootWeb(Object(Config\Paths))
INFO - 2024-11-22 19:58:06 --> Session: Class initialized using 'CodeIgniter\Session\Handlers\FileHandler' driver.
WARNING - 2024-11-22 19:58:06 --> [DEPRECATED] Optional parameter $field declared before required parameter $toRemove is implicitly treated as a required parameter in APPPATH\Models\Gear_Product_Model.php on line 57.
 1 SYSTEMPATH\Autoloader\Autoloader.php(317): include_once('C:\\xampp\\htdocs\\INM_Audio\\system\\Debug\\Exceptions.php')
 2 SYSTEMPATH\Autoloader\Autoloader.php(296): CodeIgniter\Autoloader\Autoloader->includeFile('C:\\xampp\\htdocs\\INM_Audio\\app\\Models\\Gear_Product_Model.php')
 3 SYSTEMPATH\Autoloader\Autoloader.php(272): CodeIgniter\Autoloader\Autoloader->loadInNamespace('App\\Models\\Gear_Product_Model')
 4 APPPATH\Controllers\Helpers\LoadersController.php(144): CodeIgniter\Autoloader\Autoloader->loadClass('App\\Models\\Gear_Product_Model')
 5 APPPATH\Controllers\Helpers\LoadersController.php(66): App\Controllers\Helpers\LoadersController->loadGears()
 6 APPPATH\Controllers\AdminController.php(25): App\Controllers\Helpers\LoadersController->requireMethod('gears')
 7 APPPATH\Controllers\AdminController.php(15): App\Controllers\AdminController->renderView('AdminSide/gearManagement/gearManagement', true)
 8 APPPATH\Controllers\AdminController.php(77): App\Controllers\AdminController->checkSessionThenRedirect('AdminSide/gearManagement/gearManagement', true)
 9 SYSTEMPATH\CodeIgniter.php(933): App\Controllers\AdminController->gearManagement()
10 SYSTEMPATH\CodeIgniter.php(509): CodeIgniter\CodeIgniter->runController(Object(App\Controllers\AdminController))
11 SYSTEMPATH\CodeIgniter.php(355): CodeIgniter\CodeIgniter->handleRequest(null, Object(Config\Cache), false)
12 SYSTEMPATH\Boot.php(325): CodeIgniter\CodeIgniter->run()
13 SYSTEMPATH\Boot.php(67): CodeIgniter\Boot::runCodeIgniter(Object(CodeIgniter\CodeIgniter))
14 FCPATH\index.php(56): CodeIgniter\Boot::bootWeb(Object(Config\Paths))
INFO - 2024-11-22 20:00:29 --> Session: Class initialized using 'CodeIgniter\Session\Handlers\FileHandler' driver.
WARNING - 2024-11-22 20:00:29 --> [DEPRECATED] Optional parameter $field declared before required parameter $toRemove is implicitly treated as a required parameter in APPPATH\Models\Gear_Product_Model.php on line 57.
 1 SYSTEMPATH\Autoloader\Autoloader.php(317): include_once('C:\\xampp\\htdocs\\INM_Audio\\system\\Debug\\Exceptions.php')
 2 SYSTEMPATH\Autoloader\Autoloader.php(296): CodeIgniter\Autoloader\Autoloader->includeFile('C:\\xampp\\htdocs\\INM_Audio\\app\\Models\\Gear_Product_Model.php')
 3 SYSTEMPATH\Autoloader\Autoloader.php(272): CodeIgniter\Autoloader\Autoloader->loadInNamespace('App\\Models\\Gear_Product_Model')
 4 APPPATH\Controllers\Helpers\LoadersController.php(144): CodeIgniter\Autoloader\Autoloader->loadClass('App\\Models\\Gear_Product_Model')
 5 APPPATH\Controllers\Helpers\LoadersController.php(66): App\Controllers\Helpers\LoadersController->loadGears()
 6 APPPATH\Controllers\AdminController.php(25): App\Controllers\Helpers\LoadersController->requireMethod('gears')
 7 APPPATH\Controllers\AdminController.php(15): App\Controllers\AdminController->renderView('AdminSide/gearManagement/addCategory', true)
 8 APPPATH\Controllers\AdminController.php(85): App\Controllers\AdminController->checkSessionThenRedirect('AdminSide/gearManagement/addCategory', true)
 9 SYSTEMPATH\CodeIgniter.php(933): App\Controllers\AdminController->addCategories()
10 SYSTEMPATH\CodeIgniter.php(509): CodeIgniter\CodeIgniter->runController(Object(App\Controllers\AdminController))
11 SYSTEMPATH\CodeIgniter.php(355): CodeIgniter\CodeIgniter->handleRequest(null, Object(Config\Cache), false)
12 SYSTEMPATH\Boot.php(325): CodeIgniter\CodeIgniter->run()
13 SYSTEMPATH\Boot.php(67): CodeIgniter\Boot::runCodeIgniter(Object(CodeIgniter\CodeIgniter))
14 FCPATH\index.php(56): CodeIgniter\Boot::bootWeb(Object(Config\Paths))
INFO - 2024-11-22 20:00:53 --> Session: Class initialized using 'CodeIgniter\Session\Handlers\FileHandler' driver.
WARNING - 2024-11-22 20:00:53 --> [DEPRECATED] Optional parameter $field declared before required parameter $toRemove is implicitly treated as a required parameter in APPPATH\Models\Gear_Product_Model.php on line 57.
 1 SYSTEMPATH\Autoloader\Autoloader.php(317): include_once('C:\\xampp\\htdocs\\INM_Audio\\system\\Debug\\Exceptions.php')
 2 SYSTEMPATH\Autoloader\Autoloader.php(296): CodeIgniter\Autoloader\Autoloader->includeFile('C:\\xampp\\htdocs\\INM_Audio\\app\\Models\\Gear_Product_Model.php')
 3 SYSTEMPATH\Autoloader\Autoloader.php(272): CodeIgniter\Autoloader\Autoloader->loadInNamespace('App\\Models\\Gear_Product_Model')
 4 APPPATH\Controllers\Helpers\LoadersController.php(144): CodeIgniter\Autoloader\Autoloader->loadClass('App\\Models\\Gear_Product_Model')
 5 APPPATH\Controllers\Helpers\LoadersController.php(66): App\Controllers\Helpers\LoadersController->loadGears()
 6 APPPATH\Controllers\AdminController.php(25): App\Controllers\Helpers\LoadersController->requireMethod('gears')
 7 APPPATH\Controllers\AdminController.php(15): App\Controllers\AdminController->renderView('AdminSide/dashboard', true)
 8 APPPATH\Controllers\AdminController.php(69): App\Controllers\AdminController->checkSessionThenRedirect('AdminSide/dashboard', true)
 9 SYSTEMPATH\CodeIgniter.php(933): App\Controllers\AdminController->dashboard()
10 SYSTEMPATH\CodeIgniter.php(509): CodeIgniter\CodeIgniter->runController(Object(App\Controllers\AdminController))
11 SYSTEMPATH\CodeIgniter.php(355): CodeIgniter\CodeIgniter->handleRequest(null, Object(Config\Cache), false)
12 SYSTEMPATH\Boot.php(325): CodeIgniter\CodeIgniter->run()
13 SYSTEMPATH\Boot.php(67): CodeIgniter\Boot::runCodeIgniter(Object(CodeIgniter\CodeIgniter))
14 FCPATH\index.php(56): CodeIgniter\Boot::bootWeb(Object(Config\Paths))
INFO - 2024-11-22 20:10:17 --> Session: Class initialized using 'CodeIgniter\Session\Handlers\FileHandler' driver.
INFO - 2024-11-22 20:10:18 --> Session: Class initialized using 'CodeIgniter\Session\Handlers\FileHandler' driver.
WARNING - 2024-11-22 20:10:18 --> [DEPRECATED] Optional parameter $field declared before required parameter $toRemove is implicitly treated as a required parameter in APPPATH\Models\Gear_Product_Model.php on line 57.
 1 SYSTEMPATH\Autoloader\Autoloader.php(317): include_once('C:\\xampp\\htdocs\\INM_Audio\\system\\Debug\\Exceptions.php')
 2 SYSTEMPATH\Autoloader\Autoloader.php(296): CodeIgniter\Autoloader\Autoloader->includeFile('C:\\xampp\\htdocs\\INM_Audio\\app\\Models\\Gear_Product_Model.php')
 3 SYSTEMPATH\Autoloader\Autoloader.php(272): CodeIgniter\Autoloader\Autoloader->loadInNamespace('App\\Models\\Gear_Product_Model')
 4 APPPATH\Controllers\Helpers\LoadersController.php(144): CodeIgniter\Autoloader\Autoloader->loadClass('App\\Models\\Gear_Product_Model')
 5 APPPATH\Controllers\Helpers\LoadersController.php(66): App\Controllers\Helpers\LoadersController->loadGears()
 6 APPPATH\Controllers\HomeController.php(24): App\Controllers\Helpers\LoadersController->requireMethod('gears')
 7 APPPATH\Controllers\HomeController.php(17): App\Controllers\HomeController->renderView('homepage', false)
 8 APPPATH\Controllers\HomeController.php(48): App\Controllers\HomeController->checkSessionThenRedirect('homepage')
 9 SYSTEMPATH\CodeIgniter.php(933): App\Controllers\HomeController->home()
10 SYSTEMPATH\CodeIgniter.php(509): CodeIgniter\CodeIgniter->runController(Object(App\Controllers\HomeController))
11 SYSTEMPATH\CodeIgniter.php(355): CodeIgniter\CodeIgniter->handleRequest(null, Object(Config\Cache), false)
12 SYSTEMPATH\Boot.php(325): CodeIgniter\CodeIgniter->run()
13 SYSTEMPATH\Boot.php(67): CodeIgniter\Boot::runCodeIgniter(Object(CodeIgniter\CodeIgniter))
14 FCPATH\index.php(56): CodeIgniter\Boot::bootWeb(Object(Config\Paths))
INFO - 2024-11-22 20:10:20 --> Session: Class initialized using 'CodeIgniter\Session\Handlers\FileHandler' driver.
WARNING - 2024-11-22 20:10:20 --> [DEPRECATED] Optional parameter $field declared before required parameter $toRemove is implicitly treated as a required parameter in APPPATH\Models\Gear_Product_Model.php on line 57.
 1 SYSTEMPATH\Autoloader\Autoloader.php(317): include_once('C:\\xampp\\htdocs\\INM_Audio\\system\\Debug\\Exceptions.php')
 2 SYSTEMPATH\Autoloader\Autoloader.php(296): CodeIgniter\Autoloader\Autoloader->includeFile('C:\\xampp\\htdocs\\INM_Audio\\app\\Models\\Gear_Product_Model.php')
 3 SYSTEMPATH\Autoloader\Autoloader.php(272): CodeIgniter\Autoloader\Autoloader->loadInNamespace('App\\Models\\Gear_Product_Model')
 4 APPPATH\Controllers\Helpers\LoadersController.php(144): CodeIgniter\Autoloader\Autoloader->loadClass('App\\Models\\Gear_Product_Model')
 5 APPPATH\Controllers\Helpers\LoadersController.php(66): App\Controllers\Helpers\LoadersController->loadGears()
 6 APPPATH\Controllers\HomeController.php(24): App\Controllers\Helpers\LoadersController->requireMethod('gears')
 7 APPPATH\Controllers\HomeController.php(17): App\Controllers\HomeController->renderView('login', false)
 8 APPPATH\Controllers\HomeController.php(64): App\Controllers\HomeController->checkSessionThenRedirect('login')
 9 SYSTEMPATH\CodeIgniter.php(933): App\Controllers\HomeController->login()
10 SYSTEMPATH\CodeIgniter.php(509): CodeIgniter\CodeIgniter->runController(Object(App\Controllers\HomeController))
11 SYSTEMPATH\CodeIgniter.php(355): CodeIgniter\CodeIgniter->handleRequest(null, Object(Config\Cache), false)
12 SYSTEMPATH\Boot.php(325): CodeIgniter\CodeIgniter->run()
13 SYSTEMPATH\Boot.php(67): CodeIgniter\Boot::runCodeIgniter(Object(CodeIgniter\CodeIgniter))
14 FCPATH\index.php(56): CodeIgniter\Boot::bootWeb(Object(Config\Paths))
INFO - 2024-11-22 20:10:28 --> Session: Class initialized using 'CodeIgniter\Session\Handlers\FileHandler' driver.
INFO - 2024-11-22 20:10:28 --> Session: Class initialized using 'CodeIgniter\Session\Handlers\FileHandler' driver.
WARNING - 2024-11-22 20:10:28 --> [DEPRECATED] Optional parameter $field declared before required parameter $toRemove is implicitly treated as a required parameter in APPPATH\Models\Gear_Product_Model.php on line 57.
 1 SYSTEMPATH\Autoloader\Autoloader.php(317): include_once('C:\\xampp\\htdocs\\INM_Audio\\system\\Debug\\Exceptions.php')
 2 SYSTEMPATH\Autoloader\Autoloader.php(296): CodeIgniter\Autoloader\Autoloader->includeFile('C:\\xampp\\htdocs\\INM_Audio\\app\\Models\\Gear_Product_Model.php')
 3 SYSTEMPATH\Autoloader\Autoloader.php(272): CodeIgniter\Autoloader\Autoloader->loadInNamespace('App\\Models\\Gear_Product_Model')
 4 APPPATH\Controllers\Helpers\LoadersController.php(144): CodeIgniter\Autoloader\Autoloader->loadClass('App\\Models\\Gear_Product_Model')
 5 APPPATH\Controllers\Helpers\LoadersController.php(66): App\Controllers\Helpers\LoadersController->loadGears()
 6 APPPATH\Controllers\HomeController.php(24): App\Controllers\Helpers\LoadersController->requireMethod('gears')
 7 APPPATH\Controllers\HomeController.php(17): App\Controllers\HomeController->renderView('homepage', false)
 8 APPPATH\Controllers\HomeController.php(48): App\Controllers\HomeController->checkSessionThenRedirect('homepage')
 9 SYSTEMPATH\CodeIgniter.php(933): App\Controllers\HomeController->home()
10 SYSTEMPATH\CodeIgniter.php(509): CodeIgniter\CodeIgniter->runController(Object(App\Controllers\HomeController))
11 SYSTEMPATH\CodeIgniter.php(355): CodeIgniter\CodeIgniter->handleRequest(null, Object(Config\Cache), false)
12 SYSTEMPATH\Boot.php(325): CodeIgniter\CodeIgniter->run()
13 SYSTEMPATH\Boot.php(67): CodeIgniter\Boot::runCodeIgniter(Object(CodeIgniter\CodeIgniter))
14 FCPATH\index.php(56): CodeIgniter\Boot::bootWeb(Object(Config\Paths))
INFO - 2024-11-22 20:10:31 --> Session: Class initialized using 'CodeIgniter\Session\Handlers\FileHandler' driver.
INFO - 2024-11-22 20:13:23 --> Session: Class initialized using 'CodeIgniter\Session\Handlers\FileHandler' driver.
INFO - 2024-11-22 20:13:24 --> Session: Class initialized using 'CodeIgniter\Session\Handlers\FileHandler' driver.
WARNING - 2024-11-22 20:13:24 --> [DEPRECATED] Optional parameter $field declared before required parameter $toRemove is implicitly treated as a required parameter in APPPATH\Models\Gear_Product_Model.php on line 57.
 1 SYSTEMPATH\Autoloader\Autoloader.php(317): include_once('C:\\xampp\\htdocs\\INM_Audio\\system\\Debug\\Exceptions.php')
 2 SYSTEMPATH\Autoloader\Autoloader.php(296): CodeIgniter\Autoloader\Autoloader->includeFile('C:\\xampp\\htdocs\\INM_Audio\\app\\Models\\Gear_Product_Model.php')
 3 SYSTEMPATH\Autoloader\Autoloader.php(272): CodeIgniter\Autoloader\Autoloader->loadInNamespace('App\\Models\\Gear_Product_Model')
 4 APPPATH\Controllers\Helpers\LoadersController.php(144): CodeIgniter\Autoloader\Autoloader->loadClass('App\\Models\\Gear_Product_Model')
 5 APPPATH\Controllers\Helpers\LoadersController.php(66): App\Controllers\Helpers\LoadersController->loadGears()
 6 APPPATH\Controllers\HomeController.php(24): App\Controllers\Helpers\LoadersController->requireMethod('gears')
 7 APPPATH\Controllers\HomeController.php(17): App\Controllers\HomeController->renderView('homepage', false)
 8 APPPATH\Controllers\HomeController.php(48): App\Controllers\HomeController->checkSessionThenRedirect('homepage')
 9 SYSTEMPATH\CodeIgniter.php(933): App\Controllers\HomeController->home()
10 SYSTEMPATH\CodeIgniter.php(509): CodeIgniter\CodeIgniter->runController(Object(App\Controllers\HomeController))
11 SYSTEMPATH\CodeIgniter.php(355): CodeIgniter\CodeIgniter->handleRequest(null, Object(Config\Cache), false)
12 SYSTEMPATH\Boot.php(325): CodeIgniter\CodeIgniter->run()
13 SYSTEMPATH\Boot.php(67): CodeIgniter\Boot::runCodeIgniter(Object(CodeIgniter\CodeIgniter))
14 FCPATH\index.php(56): CodeIgniter\Boot::bootWeb(Object(Config\Paths))
INFO - 2024-11-22 20:13:26 --> Session: Class initialized using 'CodeIgniter\Session\Handlers\FileHandler' driver.
WARNING - 2024-11-22 20:13:26 --> [DEPRECATED] Optional parameter $field declared before required parameter $toRemove is implicitly treated as a required parameter in APPPATH\Models\Gear_Product_Model.php on line 57.
 1 SYSTEMPATH\Autoloader\Autoloader.php(317): include_once('C:\\xampp\\htdocs\\INM_Audio\\system\\Debug\\Exceptions.php')
 2 SYSTEMPATH\Autoloader\Autoloader.php(296): CodeIgniter\Autoloader\Autoloader->includeFile('C:\\xampp\\htdocs\\INM_Audio\\app\\Models\\Gear_Product_Model.php')
 3 SYSTEMPATH\Autoloader\Autoloader.php(272): CodeIgniter\Autoloader\Autoloader->loadInNamespace('App\\Models\\Gear_Product_Model')
 4 APPPATH\Controllers\Helpers\LoadersController.php(144): CodeIgniter\Autoloader\Autoloader->loadClass('App\\Models\\Gear_Product_Model')
 5 APPPATH\Controllers\Helpers\LoadersController.php(66): App\Controllers\Helpers\LoadersController->loadGears()
 6 APPPATH\Controllers\HomeController.php(24): App\Controllers\Helpers\LoadersController->requireMethod('gears')
 7 APPPATH\Controllers\HomeController.php(17): App\Controllers\HomeController->renderView('login', false)
 8 APPPATH\Controllers\HomeController.php(64): App\Controllers\HomeController->checkSessionThenRedirect('login')
 9 SYSTEMPATH\CodeIgniter.php(933): App\Controllers\HomeController->login()
10 SYSTEMPATH\CodeIgniter.php(509): CodeIgniter\CodeIgniter->runController(Object(App\Controllers\HomeController))
11 SYSTEMPATH\CodeIgniter.php(355): CodeIgniter\CodeIgniter->handleRequest(null, Object(Config\Cache), false)
12 SYSTEMPATH\Boot.php(325): CodeIgniter\CodeIgniter->run()
13 SYSTEMPATH\Boot.php(67): CodeIgniter\Boot::runCodeIgniter(Object(CodeIgniter\CodeIgniter))
14 FCPATH\index.php(56): CodeIgniter\Boot::bootWeb(Object(Config\Paths))
INFO - 2024-11-22 20:13:30 --> Session: Class initialized using 'CodeIgniter\Session\Handlers\FileHandler' driver.
INFO - 2024-11-22 20:13:31 --> Session: Class initialized using 'CodeIgniter\Session\Handlers\FileHandler' driver.
WARNING - 2024-11-22 20:13:31 --> [DEPRECATED] Optional parameter $field declared before required parameter $toRemove is implicitly treated as a required parameter in APPPATH\Models\Gear_Product_Model.php on line 57.
 1 SYSTEMPATH\Autoloader\Autoloader.php(317): include_once('C:\\xampp\\htdocs\\INM_Audio\\system\\Debug\\Exceptions.php')
 2 SYSTEMPATH\Autoloader\Autoloader.php(296): CodeIgniter\Autoloader\Autoloader->includeFile('C:\\xampp\\htdocs\\INM_Audio\\app\\Models\\Gear_Product_Model.php')
 3 SYSTEMPATH\Autoloader\Autoloader.php(272): CodeIgniter\Autoloader\Autoloader->loadInNamespace('App\\Models\\Gear_Product_Model')
 4 APPPATH\Controllers\Helpers\LoadersController.php(144): CodeIgniter\Autoloader\Autoloader->loadClass('App\\Models\\Gear_Product_Model')
 5 APPPATH\Controllers\Helpers\LoadersController.php(66): App\Controllers\Helpers\LoadersController->loadGears()
 6 APPPATH\Controllers\AdminController.php(25): App\Controllers\Helpers\LoadersController->requireMethod('gears')
 7 APPPATH\Controllers\AdminController.php(15): App\Controllers\AdminController->renderView('AdminSide/dashboard', true)
 8 APPPATH\Controllers\AdminController.php(69): App\Controllers\AdminController->checkSessionThenRedirect('AdminSide/dashboard', true)
 9 SYSTEMPATH\CodeIgniter.php(933): App\Controllers\AdminController->dashboard()
10 SYSTEMPATH\CodeIgniter.php(509): CodeIgniter\CodeIgniter->runController(Object(App\Controllers\AdminController))
11 SYSTEMPATH\CodeIgniter.php(355): CodeIgniter\CodeIgniter->handleRequest(null, Object(Config\Cache), false)
12 SYSTEMPATH\Boot.php(325): CodeIgniter\CodeIgniter->run()
13 SYSTEMPATH\Boot.php(67): CodeIgniter\Boot::runCodeIgniter(Object(CodeIgniter\CodeIgniter))
14 FCPATH\index.php(56): CodeIgniter\Boot::bootWeb(Object(Config\Paths))
INFO - 2024-11-22 20:13:33 --> Session: Class initialized using 'CodeIgniter\Session\Handlers\FileHandler' driver.
WARNING - 2024-11-22 20:13:33 --> [DEPRECATED] Optional parameter $field declared before required parameter $toRemove is implicitly treated as a required parameter in APPPATH\Models\Gear_Product_Model.php on line 57.
 1 SYSTEMPATH\Autoloader\Autoloader.php(317): include_once('C:\\xampp\\htdocs\\INM_Audio\\system\\Debug\\Exceptions.php')
 2 SYSTEMPATH\Autoloader\Autoloader.php(296): CodeIgniter\Autoloader\Autoloader->includeFile('C:\\xampp\\htdocs\\INM_Audio\\app\\Models\\Gear_Product_Model.php')
 3 SYSTEMPATH\Autoloader\Autoloader.php(272): CodeIgniter\Autoloader\Autoloader->loadInNamespace('App\\Models\\Gear_Product_Model')
 4 APPPATH\Controllers\Helpers\LoadersController.php(144): CodeIgniter\Autoloader\Autoloader->loadClass('App\\Models\\Gear_Product_Model')
 5 APPPATH\Controllers\Helpers\LoadersController.php(66): App\Controllers\Helpers\LoadersController->loadGears()
 6 APPPATH\Controllers\AdminController.php(25): App\Controllers\Helpers\LoadersController->requireMethod('gears')
 7 APPPATH\Controllers\AdminController.php(15): App\Controllers\AdminController->renderView('AdminSide/transactions/transactions', true)
 8 APPPATH\Controllers\AdminController.php(73): App\Controllers\AdminController->checkSessionThenRedirect('AdminSide/transactions/transactions', true)
 9 SYSTEMPATH\CodeIgniter.php(933): App\Controllers\AdminController->transactions()
10 SYSTEMPATH\CodeIgniter.php(509): CodeIgniter\CodeIgniter->runController(Object(App\Controllers\AdminController))
11 SYSTEMPATH\CodeIgniter.php(355): CodeIgniter\CodeIgniter->handleRequest(null, Object(Config\Cache), false)
12 SYSTEMPATH\Boot.php(325): CodeIgniter\CodeIgniter->run()
13 SYSTEMPATH\Boot.php(67): CodeIgniter\Boot::runCodeIgniter(Object(CodeIgniter\CodeIgniter))
14 FCPATH\index.php(56): CodeIgniter\Boot::bootWeb(Object(Config\Paths))
INFO - 2024-11-22 20:13:35 --> Session: Class initialized using 'CodeIgniter\Session\Handlers\FileHandler' driver.
WARNING - 2024-11-22 20:13:35 --> [DEPRECATED] Optional parameter $field declared before required parameter $toRemove is implicitly treated as a required parameter in APPPATH\Models\Gear_Product_Model.php on line 57.
 1 SYSTEMPATH\Autoloader\Autoloader.php(317): include_once('C:\\xampp\\htdocs\\INM_Audio\\system\\Debug\\Exceptions.php')
 2 SYSTEMPATH\Autoloader\Autoloader.php(296): CodeIgniter\Autoloader\Autoloader->includeFile('C:\\xampp\\htdocs\\INM_Audio\\app\\Models\\Gear_Product_Model.php')
 3 SYSTEMPATH\Autoloader\Autoloader.php(272): CodeIgniter\Autoloader\Autoloader->loadInNamespace('App\\Models\\Gear_Product_Model')
 4 APPPATH\Controllers\Helpers\LoadersController.php(144): CodeIgniter\Autoloader\Autoloader->loadClass('App\\Models\\Gear_Product_Model')
 5 APPPATH\Controllers\Helpers\LoadersController.php(66): App\Controllers\Helpers\LoadersController->loadGears()
 6 APPPATH\Controllers\AdminController.php(25): App\Controllers\Helpers\LoadersController->requireMethod('gears')
 7 APPPATH\Controllers\AdminController.php(15): App\Controllers\AdminController->renderView('AdminSide/dashboard', true)
 8 APPPATH\Controllers\AdminController.php(69): App\Controllers\AdminController->checkSessionThenRedirect('AdminSide/dashboard', true)
 9 SYSTEMPATH\CodeIgniter.php(933): App\Controllers\AdminController->dashboard()
10 SYSTEMPATH\CodeIgniter.php(509): CodeIgniter\CodeIgniter->runController(Object(App\Controllers\AdminController))
11 SYSTEMPATH\CodeIgniter.php(355): CodeIgniter\CodeIgniter->handleRequest(null, Object(Config\Cache), false)
12 SYSTEMPATH\Boot.php(325): CodeIgniter\CodeIgniter->run()
13 SYSTEMPATH\Boot.php(67): CodeIgniter\Boot::runCodeIgniter(Object(CodeIgniter\CodeIgniter))
14 FCPATH\index.php(56): CodeIgniter\Boot::bootWeb(Object(Config\Paths))
INFO - 2024-11-22 20:18:15 --> Session: Class initialized using 'CodeIgniter\Session\Handlers\FileHandler' driver.
WARNING - 2024-11-22 20:18:15 --> [DEPRECATED] Optional parameter $field declared before required parameter $toRemove is implicitly treated as a required parameter in APPPATH\Models\Gear_Product_Model.php on line 57.
 1 SYSTEMPATH\Autoloader\Autoloader.php(317): include_once('C:\\xampp\\htdocs\\INM_Audio\\system\\Debug\\Exceptions.php')
 2 SYSTEMPATH\Autoloader\Autoloader.php(296): CodeIgniter\Autoloader\Autoloader->includeFile('C:\\xampp\\htdocs\\INM_Audio\\app\\Models\\Gear_Product_Model.php')
 3 SYSTEMPATH\Autoloader\Autoloader.php(272): CodeIgniter\Autoloader\Autoloader->loadInNamespace('App\\Models\\Gear_Product_Model')
 4 APPPATH\Controllers\Helpers\LoadersController.php(144): CodeIgniter\Autoloader\Autoloader->loadClass('App\\Models\\Gear_Product_Model')
 5 APPPATH\Controllers\Helpers\LoadersController.php(66): App\Controllers\Helpers\LoadersController->loadGears()
 6 APPPATH\Controllers\AdminController.php(25): App\Controllers\Helpers\LoadersController->requireMethod('gears')
 7 APPPATH\Controllers\AdminController.php(15): App\Controllers\AdminController->renderView('AdminSide/transactions/transactions', true)
 8 APPPATH\Controllers\AdminController.php(73): App\Controllers\AdminController->checkSessionThenRedirect('AdminSide/transactions/transactions', true)
 9 SYSTEMPATH\CodeIgniter.php(933): App\Controllers\AdminController->transactions()
10 SYSTEMPATH\CodeIgniter.php(509): CodeIgniter\CodeIgniter->runController(Object(App\Controllers\AdminController))
11 SYSTEMPATH\CodeIgniter.php(355): CodeIgniter\CodeIgniter->handleRequest(null, Object(Config\Cache), false)
12 SYSTEMPATH\Boot.php(325): CodeIgniter\CodeIgniter->run()
13 SYSTEMPATH\Boot.php(67): CodeIgniter\Boot::runCodeIgniter(Object(CodeIgniter\CodeIgniter))
14 FCPATH\index.php(56): CodeIgniter\Boot::bootWeb(Object(Config\Paths))
INFO - 2024-11-22 21:48:01 --> Session: Class initialized using 'CodeIgniter\Session\Handlers\FileHandler' driver.
WARNING - 2024-11-22 21:48:01 --> [DEPRECATED] Optional parameter $field declared before required parameter $toRemove is implicitly treated as a required parameter in APPPATH\Models\Gear_Product_Model.php on line 57.
 1 SYSTEMPATH\Autoloader\Autoloader.php(317): include_once('C:\\xampp\\htdocs\\INM_Audio\\system\\Debug\\Exceptions.php')
 2 SYSTEMPATH\Autoloader\Autoloader.php(296): CodeIgniter\Autoloader\Autoloader->includeFile('C:\\xampp\\htdocs\\INM_Audio\\app\\Models\\Gear_Product_Model.php')
 3 SYSTEMPATH\Autoloader\Autoloader.php(272): CodeIgniter\Autoloader\Autoloader->loadInNamespace('App\\Models\\Gear_Product_Model')
 4 APPPATH\Controllers\Helpers\LoadersController.php(144): CodeIgniter\Autoloader\Autoloader->loadClass('App\\Models\\Gear_Product_Model')
 5 APPPATH\Controllers\Helpers\LoadersController.php(66): App\Controllers\Helpers\LoadersController->loadGears()
 6 APPPATH\Controllers\AdminController.php(25): App\Controllers\Helpers\LoadersController->requireMethod('gears')
 7 APPPATH\Controllers\AdminController.php(15): App\Controllers\AdminController->renderView('AdminSide/transactions/transactions', true)
 8 APPPATH\Controllers\AdminController.php(73): App\Controllers\AdminController->checkSessionThenRedirect('AdminSide/transactions/transactions', true)
 9 SYSTEMPATH\CodeIgniter.php(933): App\Controllers\AdminController->transactions()
10 SYSTEMPATH\CodeIgniter.php(509): CodeIgniter\CodeIgniter->runController(Object(App\Controllers\AdminController))
11 SYSTEMPATH\CodeIgniter.php(355): CodeIgniter\CodeIgniter->handleRequest(null, Object(Config\Cache), false)
12 SYSTEMPATH\Boot.php(325): CodeIgniter\CodeIgniter->run()
13 SYSTEMPATH\Boot.php(67): CodeIgniter\Boot::runCodeIgniter(Object(CodeIgniter\CodeIgniter))
14 FCPATH\index.php(56): CodeIgniter\Boot::bootWeb(Object(Config\Paths))
INFO - 2024-11-22 21:56:14 --> Session: Class initialized using 'CodeIgniter\Session\Handlers\FileHandler' driver.
INFO - 2024-11-22 21:56:19 --> Session: Class initialized using 'CodeIgniter\Session\Handlers\FileHandler' driver.
WARNING - 2024-11-22 21:56:19 --> [DEPRECATED] Optional parameter $field declared before required parameter $toRemove is implicitly treated as a required parameter in APPPATH\Models\Gear_Product_Model.php on line 57.
 1 SYSTEMPATH\Autoloader\Autoloader.php(317): include_once('C:\\xampp\\htdocs\\INM_Audio\\system\\Debug\\Exceptions.php')
 2 SYSTEMPATH\Autoloader\Autoloader.php(296): CodeIgniter\Autoloader\Autoloader->includeFile('C:\\xampp\\htdocs\\INM_Audio\\app\\Models\\Gear_Product_Model.php')
 3 SYSTEMPATH\Autoloader\Autoloader.php(272): CodeIgniter\Autoloader\Autoloader->loadInNamespace('App\\Models\\Gear_Product_Model')
 4 APPPATH\Controllers\Helpers\LoadersController.php(144): CodeIgniter\Autoloader\Autoloader->loadClass('App\\Models\\Gear_Product_Model')
 5 APPPATH\Controllers\Helpers\LoadersController.php(66): App\Controllers\Helpers\LoadersController->loadGears()
 6 APPPATH\Controllers\AdminController.php(25): App\Controllers\Helpers\LoadersController->requireMethod('gears')
 7 APPPATH\Controllers\AdminController.php(15): App\Controllers\AdminController->renderView('AdminSide/dashboard', true)
 8 APPPATH\Controllers\AdminController.php(69): App\Controllers\AdminController->checkSessionThenRedirect('AdminSide/dashboard', true)
 9 SYSTEMPATH\CodeIgniter.php(933): App\Controllers\AdminController->dashboard()
10 SYSTEMPATH\CodeIgniter.php(509): CodeIgniter\CodeIgniter->runController(Object(App\Controllers\AdminController))
11 SYSTEMPATH\CodeIgniter.php(355): CodeIgniter\CodeIgniter->handleRequest(null, Object(Config\Cache), false)
12 SYSTEMPATH\Boot.php(325): CodeIgniter\CodeIgniter->run()
13 SYSTEMPATH\Boot.php(67): CodeIgniter\Boot::runCodeIgniter(Object(CodeIgniter\CodeIgniter))
14 FCPATH\index.php(56): CodeIgniter\Boot::bootWeb(Object(Config\Paths))
